ERROR - 2023-10-06 13:13:29 --> Error connecting to the database: mysqli_sql_exception: Connection refused in /home/imam/projects/perpus/vendor/codeigniter4/framework/system/Database/MySQLi/Connection.php:185
Stack trace:
#0 /home/imam/projects/perpus/vendor/codeigniter4/framework/system/Database/MySQLi/Connection.php(185): mysqli->real_connect()
#1 /home/imam/projects/perpus/vendor/codeigniter4/framework/system/Database/BaseConnection.php(391): CodeIgniter\Database\MySQLi\Connection->connect()
#2 /home/imam/projects/perpus/vendor/codeigniter4/framework/system/Database/BaseConnection.php(574): CodeIgniter\Database\BaseConnection->initialize()
#3 /home/imam/projects/perpus/vendor/codeigniter4/framework/system/Database/BaseBuilder.php(1615): CodeIgniter\Database\BaseConnection->query()
#4 /home/imam/projects/perpus/vendor/codeigniter4/framework/system/Model.php(264): CodeIgniter\Database\BaseBuilder->get()
#5 /home/imam/projects/perpus/vendor/codeigniter4/framework/system/BaseModel.php(662): CodeIgniter\Model->doFirst()
#6 /home/imam/projects/perpus/app/Controllers/BaseController.php(65): CodeIgniter\BaseModel->first()
#7 /home/imam/projects/perpus/vendor/codeigniter4/framework/system/CodeIgniter.php(892): App\Controllers\BaseController->initController()
#8 /home/imam/projects/perpus/vendor/codeigniter4/framework/system/CodeIgniter.php(485): CodeIgniter\CodeIgniter->createController()
#9 /home/imam/projects/perpus/vendor/codeigniter4/framework/system/CodeIgniter.php(353): CodeIgniter\CodeIgniter->handleRequest()
#10 /home/imam/projects/perpus/public/index.php(79): CodeIgniter\CodeIgniter->run()
#11 /home/imam/projects/perpus/vendor/codeigniter4/framework/system/Commands/Server/rewrite.php(47): require_once('...')
#12 {main}

Next CodeIgniter\Database\Exceptions\DatabaseException: Connection refused in /home/imam/projects/perpus/vendor/codeigniter4/framework/system/Database/MySQLi/Connection.php:229
Stack trace:
#0 /home/imam/projects/perpus/vendor/codeigniter4/framework/system/Database/BaseConnection.php(391): CodeIgniter\Database\MySQLi\Connection->connect()
#1 /home/imam/projects/perpus/vendor/codeigniter4/framework/system/Database/BaseConnection.php(574): CodeIgniter\Database\BaseConnection->initialize()
#2 /home/imam/projects/perpus/vendor/codeigniter4/framework/system/Database/BaseBuilder.php(1615): CodeIgniter\Database\BaseConnection->query()
#3 /home/imam/projects/perpus/vendor/codeigniter4/framework/system/Model.php(264): CodeIgniter\Database\BaseBuilder->get()
#4 /home/imam/projects/perpus/vendor/codeigniter4/framework/system/BaseModel.php(662): CodeIgniter\Model->doFirst()
#5 /home/imam/projects/perpus/app/Controllers/BaseController.php(65): CodeIgniter\BaseModel->first()
#6 /home/imam/projects/perpus/vendor/codeigniter4/framework/system/CodeIgniter.php(892): App\Controllers\BaseController->initController()
#7 /home/imam/projects/perpus/vendor/codeigniter4/framework/system/CodeIgniter.php(485): CodeIgniter\CodeIgniter->createController()
#8 /home/imam/projects/perpus/vendor/codeigniter4/framework/system/CodeIgniter.php(353): CodeIgniter\CodeIgniter->handleRequest()
#9 /home/imam/projects/perpus/public/index.php(79): CodeIgniter\CodeIgniter->run()
#10 /home/imam/projects/perpus/vendor/codeigniter4/framework/system/Commands/Server/rewrite.php(47): require_once('...')
#11 {main}
CRITICAL - 2023-10-06 13:13:29 --> Unable to connect to the database.
Main connection [MySQLi]: Connection refused
in SYSTEMPATH/Database/BaseConnection.php on line 427.
 1 SYSTEMPATH/Database/BaseConnection.php(574): CodeIgniter\Database\BaseConnection->initialize()
 2 SYSTEMPATH/Database/BaseBuilder.php(1615): CodeIgniter\Database\BaseConnection->query()
 3 SYSTEMPATH/Model.php(264): CodeIgniter\Database\BaseBuilder->get()
 4 SYSTEMPATH/BaseModel.php(662): CodeIgniter\Model->doFirst()
 5 APPPATH/Controllers/BaseController.php(65): CodeIgniter\BaseModel->first()
 6 SYSTEMPATH/CodeIgniter.php(892): App\Controllers\BaseController->initController()
 7 SYSTEMPATH/CodeIgniter.php(485): CodeIgniter\CodeIgniter->createController()
 8 SYSTEMPATH/CodeIgniter.php(353): CodeIgniter\CodeIgniter->handleRequest()
 9 FCPATH/index.php(79): CodeIgniter\CodeIgniter->run()
10 SYSTEMPATH/Commands/Server/rewrite.php(47): require_once('/home/imam/projects/perpus/public/index.php')
INFO - 2023-10-06 13:15:03 --> Session: Class initialized using 'CodeIgniter\Session\Handlers\FileHandler' driver.
INFO - 2023-10-06 06:15:07 --> Session: Class initialized using 'CodeIgniter\Session\Handlers\FileHandler' driver.
INFO - 2023-10-06 06:15:11 --> Session: Class initialized using 'CodeIgniter\Session\Handlers\FileHandler' driver.
INFO - 2023-10-06 13:15:11 --> Session: Class initialized using 'CodeIgniter\Session\Handlers\FileHandler' driver.
INFO - 2023-10-06 13:15:19 --> Session: Class initialized using 'CodeIgniter\Session\Handlers\FileHandler' driver.
INFO - 2023-10-06 06:15:25 --> Session: Class initialized using 'CodeIgniter\Session\Handlers\FileHandler' driver.
INFO - 2023-10-06 06:38:28 --> Session: Class initialized using 'CodeIgniter\Session\Handlers\FileHandler' driver.
INFO - 2023-10-06 06:42:37 --> Session: Class initialized using 'CodeIgniter\Session\Handlers\FileHandler' driver.
INFO - 2023-10-06 06:42:46 --> Session: Class initialized using 'CodeIgniter\Session\Handlers\FileHandler' driver.
INFO - 2023-10-06 06:42:49 --> Session: Class initialized using 'CodeIgniter\Session\Handlers\FileHandler' driver.
INFO - 2023-10-06 06:43:22 --> Session: Class initialized using 'CodeIgniter\Session\Handlers\FileHandler' driver.
INFO - 2023-10-06 06:43:24 --> Session: Class initialized using 'CodeIgniter\Session\Handlers\FileHandler' driver.
INFO - 2023-10-06 06:43:58 --> Session: Class initialized using 'CodeIgniter\Session\Handlers\FileHandler' driver.
INFO - 2023-10-06 06:44:41 --> Session: Class initialized using 'CodeIgniter\Session\Handlers\FileHandler' driver.
INFO - 2023-10-06 06:44:43 --> Session: Class initialized using 'CodeIgniter\Session\Handlers\FileHandler' driver.
INFO - 2023-10-06 06:45:33 --> Session: Class initialized using 'CodeIgniter\Session\Handlers\FileHandler' driver.
INFO - 2023-10-06 06:46:24 --> Session: Class initialized using 'CodeIgniter\Session\Handlers\FileHandler' driver.
INFO - 2023-10-06 06:46:54 --> Session: Class initialized using 'CodeIgniter\Session\Handlers\FileHandler' driver.
INFO - 2023-10-06 06:47:26 --> Session: Class initialized using 'CodeIgniter\Session\Handlers\FileHandler' driver.
INFO - 2023-10-06 06:47:56 --> Session: Class initialized using 'CodeIgniter\Session\Handlers\FileHandler' driver.
INFO - 2023-10-06 06:54:50 --> Session: Class initialized using 'CodeIgniter\Session\Handlers\FileHandler' driver.
INFO - 2023-10-06 06:55:53 --> Session: Class initialized using 'CodeIgniter\Session\Handlers\FileHandler' driver.
INFO - 2023-10-06 06:55:59 --> Session: Class initialized using 'CodeIgniter\Session\Handlers\FileHandler' driver.
INFO - 2023-10-06 06:56:04 --> Session: Class initialized using 'CodeIgniter\Session\Handlers\FileHandler' driver.
INFO - 2023-10-06 13:56:06 --> Session: Class initialized using 'CodeIgniter\Session\Handlers\FileHandler' driver.
INFO - 2023-10-06 06:56:15 --> Session: Class initialized using 'CodeIgniter\Session\Handlers\FileHandler' driver.
INFO - 2023-10-06 07:00:10 --> Session: Class initialized using 'CodeIgniter\Session\Handlers\FileHandler' driver.
INFO - 2023-10-06 07:10:15 --> Session: Class initialized using 'CodeIgniter\Session\Handlers\FileHandler' driver.
CRITICAL - 2023-10-06 07:10:15 --> Cannot use object of type App\Models\BukuModel as array
in APPPATH/Views/admin/buku/tablebuku.php on line 70.
 1 SYSTEMPATH/View/View.php(226): include()
 2 SYSTEMPATH/View/View.php(229): CodeIgniter\View\View->CodeIgniter\View\{closure}()
 3 SYSTEMPATH/Common.php(1188): CodeIgniter\View\View->render()
 4 APPPATH/Controllers/Admin/Buku.php(60): view()
 5 SYSTEMPATH/CodeIgniter.php(919): App\Controllers\Admin\Buku->index()
 6 SYSTEMPATH/CodeIgniter.php(494): CodeIgniter\CodeIgniter->runController()
 7 SYSTEMPATH/CodeIgniter.php(353): CodeIgniter\CodeIgniter->handleRequest()
 8 FCPATH/index.php(79): CodeIgniter\CodeIgniter->run()
 9 SYSTEMPATH/Commands/Server/rewrite.php(47): require_once('/home/imam/projects/perpus/public/index.php')
INFO - 2023-10-06 07:10:50 --> Session: Class initialized using 'CodeIgniter\Session\Handlers\FileHandler' driver.
INFO - 2023-10-06 07:11:39 --> Session: Class initialized using 'CodeIgniter\Session\Handlers\FileHandler' driver.
ERROR - 2023-10-06 07:11:39 --> mysqli_sql_exception: Unknown column 'status' in 'where clause' in /home/imam/projects/perpus/vendor/codeigniter4/framework/system/Database/MySQLi/Connection.php:306
Stack trace:
#0 /home/imam/projects/perpus/vendor/codeigniter4/framework/system/Database/MySQLi/Connection.php(306): mysqli->query()
#1 /home/imam/projects/perpus/vendor/codeigniter4/framework/system/Database/BaseConnection.php(692): CodeIgniter\Database\MySQLi\Connection->execute()
#2 /home/imam/projects/perpus/vendor/codeigniter4/framework/system/Database/BaseConnection.php(606): CodeIgniter\Database\BaseConnection->simpleQuery()
#3 /home/imam/projects/perpus/vendor/codeigniter4/framework/system/Database/BaseBuilder.php(1615): CodeIgniter\Database\BaseConnection->query()
#4 /home/imam/projects/perpus/vendor/codeigniter4/framework/system/Model.php(264): CodeIgniter\Database\BaseBuilder->get()
#5 /home/imam/projects/perpus/vendor/codeigniter4/framework/system/BaseModel.php(662): CodeIgniter\Model->doFirst()
#6 /home/imam/projects/perpus/app/Controllers/Admin/Buku.php(48): CodeIgniter\BaseModel->first()
#7 /home/imam/projects/perpus/vendor/codeigniter4/framework/system/CodeIgniter.php(919): App\Controllers\Admin\Buku->index()
#8 /home/imam/projects/perpus/vendor/codeigniter4/framework/system/CodeIgniter.php(494): CodeIgniter\CodeIgniter->runController()
#9 /home/imam/projects/perpus/vendor/codeigniter4/framework/system/CodeIgniter.php(353): CodeIgniter\CodeIgniter->handleRequest()
#10 /home/imam/projects/perpus/public/index.php(79): CodeIgniter\CodeIgniter->run()
#11 /home/imam/projects/perpus/vendor/codeigniter4/framework/system/Commands/Server/rewrite.php(47): require_once('...')
#12 {main}
CRITICAL - 2023-10-06 07:11:39 --> Unknown column 'status' in 'where clause'
in SYSTEMPATH/Database/BaseConnection.php on line 646.
 1 SYSTEMPATH/Database/BaseBuilder.php(1615): CodeIgniter\Database\BaseConnection->query()
 2 SYSTEMPATH/Model.php(264): CodeIgniter\Database\BaseBuilder->get()
 3 SYSTEMPATH/BaseModel.php(662): CodeIgniter\Model->doFirst()
 4 APPPATH/Controllers/Admin/Buku.php(48): CodeIgniter\BaseModel->first()
 5 SYSTEMPATH/CodeIgniter.php(919): App\Controllers\Admin\Buku->index()
 6 SYSTEMPATH/CodeIgniter.php(494): CodeIgniter\CodeIgniter->runController()
 7 SYSTEMPATH/CodeIgniter.php(353): CodeIgniter\CodeIgniter->handleRequest()
 8 FCPATH/index.php(79): CodeIgniter\CodeIgniter->run()
 9 SYSTEMPATH/Commands/Server/rewrite.php(47): require_once('/home/imam/projects/perpus/public/index.php')
INFO - 2023-10-06 07:12:43 --> Session: Class initialized using 'CodeIgniter\Session\Handlers\FileHandler' driver.
ERROR - 2023-10-06 07:12:43 --> mysqli_sql_exception: Unknown column 'judul_buku' in 'field list' in /home/imam/projects/perpus/vendor/codeigniter4/framework/system/Database/MySQLi/Connection.php:306
Stack trace:
#0 /home/imam/projects/perpus/vendor/codeigniter4/framework/system/Database/MySQLi/Connection.php(306): mysqli->query()
#1 /home/imam/projects/perpus/vendor/codeigniter4/framework/system/Database/BaseConnection.php(692): CodeIgniter\Database\MySQLi\Connection->execute()
#2 /home/imam/projects/perpus/vendor/codeigniter4/framework/system/Database/BaseConnection.php(606): CodeIgniter\Database\BaseConnection->simpleQuery()
#3 /home/imam/projects/perpus/vendor/codeigniter4/framework/system/Database/BaseBuilder.php(1615): CodeIgniter\Database\BaseConnection->query()
#4 /home/imam/projects/perpus/vendor/codeigniter4/framework/system/Model.php(264): CodeIgniter\Database\BaseBuilder->get()
#5 /home/imam/projects/perpus/vendor/codeigniter4/framework/system/BaseModel.php(662): CodeIgniter\Model->doFirst()
#6 /home/imam/projects/perpus/app/Controllers/Admin/Buku.php(48): CodeIgniter\BaseModel->first()
#7 /home/imam/projects/perpus/vendor/codeigniter4/framework/system/CodeIgniter.php(919): App\Controllers\Admin\Buku->index()
#8 /home/imam/projects/perpus/vendor/codeigniter4/framework/system/CodeIgniter.php(494): CodeIgniter\CodeIgniter->runController()
#9 /home/imam/projects/perpus/vendor/codeigniter4/framework/system/CodeIgniter.php(353): CodeIgniter\CodeIgniter->handleRequest()
#10 /home/imam/projects/perpus/public/index.php(79): CodeIgniter\CodeIgniter->run()
#11 /home/imam/projects/perpus/vendor/codeigniter4/framework/system/Commands/Server/rewrite.php(47): require_once('...')
#12 {main}
CRITICAL - 2023-10-06 07:12:43 --> Unknown column 'judul_buku' in 'field list'
in SYSTEMPATH/Database/BaseConnection.php on line 646.
 1 SYSTEMPATH/Database/BaseBuilder.php(1615): CodeIgniter\Database\BaseConnection->query()
 2 SYSTEMPATH/Model.php(264): CodeIgniter\Database\BaseBuilder->get()
 3 SYSTEMPATH/BaseModel.php(662): CodeIgniter\Model->doFirst()
 4 APPPATH/Controllers/Admin/Buku.php(48): CodeIgniter\BaseModel->first()
 5 SYSTEMPATH/CodeIgniter.php(919): App\Controllers\Admin\Buku->index()
 6 SYSTEMPATH/CodeIgniter.php(494): CodeIgniter\CodeIgniter->runController()
 7 SYSTEMPATH/CodeIgniter.php(353): CodeIgniter\CodeIgniter->handleRequest()
 8 FCPATH/index.php(79): CodeIgniter\CodeIgniter->run()
 9 SYSTEMPATH/Commands/Server/rewrite.php(47): require_once('/home/imam/projects/perpus/public/index.php')
INFO - 2023-10-06 07:13:22 --> Session: Class initialized using 'CodeIgniter\Session\Handlers\FileHandler' driver.
INFO - 2023-10-06 07:14:10 --> Session: Class initialized using 'CodeIgniter\Session\Handlers\FileHandler' driver.
INFO - 2023-10-06 07:15:28 --> Session: Class initialized using 'CodeIgniter\Session\Handlers\FileHandler' driver.
INFO - 2023-10-06 07:16:02 --> Session: Class initialized using 'CodeIgniter\Session\Handlers\FileHandler' driver.
INFO - 2023-10-06 07:16:29 --> Session: Class initialized using 'CodeIgniter\Session\Handlers\FileHandler' driver.
INFO - 2023-10-06 07:17:08 --> Session: Class initialized using 'CodeIgniter\Session\Handlers\FileHandler' driver.
INFO - 2023-10-06 07:17:28 --> Session: Class initialized using 'CodeIgniter\Session\Handlers\FileHandler' driver.
INFO - 2023-10-06 07:18:15 --> Session: Class initialized using 'CodeIgniter\Session\Handlers\FileHandler' driver.
INFO - 2023-10-06 07:18:39 --> Session: Class initialized using 'CodeIgniter\Session\Handlers\FileHandler' driver.
INFO - 2023-10-06 07:18:51 --> Session: Class initialized using 'CodeIgniter\Session\Handlers\FileHandler' driver.
INFO - 2023-10-06 07:18:55 --> Session: Class initialized using 'CodeIgniter\Session\Handlers\FileHandler' driver.
INFO - 2023-10-06 14:19:02 --> Session: Class initialized using 'CodeIgniter\Session\Handlers\FileHandler' driver.
INFO - 2023-10-06 14:19:12 --> Session: Class initialized using 'CodeIgniter\Session\Handlers\FileHandler' driver.
INFO - 2023-10-06 14:19:12 --> Session: Class initialized using 'CodeIgniter\Session\Handlers\FileHandler' driver.
INFO - 2023-10-06 07:19:20 --> Session: Class initialized using 'CodeIgniter\Session\Handlers\FileHandler' driver.
INFO - 2023-10-06 07:20:18 --> Session: Class initialized using 'CodeIgniter\Session\Handlers\FileHandler' driver.
INFO - 2023-10-06 07:21:30 --> Session: Class initialized using 'CodeIgniter\Session\Handlers\FileHandler' driver.
CRITICAL - 2023-10-06 07:21:30 --> Trying to access array offset on value of type int
in APPPATH/Controllers/Admin/Buku.php on line 49.
 1 APPPATH/Controllers/Admin/Buku.php(49): CodeIgniter\Debug\Exceptions->errorHandler()
 2 SYSTEMPATH/CodeIgniter.php(919): App\Controllers\Admin\Buku->index()
 3 SYSTEMPATH/CodeIgniter.php(494): CodeIgniter\CodeIgniter->runController()
 4 SYSTEMPATH/CodeIgniter.php(353): CodeIgniter\CodeIgniter->handleRequest()
 5 FCPATH/index.php(79): CodeIgniter\CodeIgniter->run()
 6 SYSTEMPATH/Commands/Server/rewrite.php(47): require_once('/home/imam/projects/perpus/public/index.php')
INFO - 2023-10-06 07:21:46 --> Session: Class initialized using 'CodeIgniter\Session\Handlers\FileHandler' driver.
INFO - 2023-10-06 14:22:02 --> Session: Class initialized using 'CodeIgniter\Session\Handlers\FileHandler' driver.
INFO - 2023-10-06 07:22:15 --> Session: Class initialized using 'CodeIgniter\Session\Handlers\FileHandler' driver.
INFO - 2023-10-06 07:22:19 --> Session: Class initialized using 'CodeIgniter\Session\Handlers\FileHandler' driver.
INFO - 2023-10-06 14:22:35 --> Session: Class initialized using 'CodeIgniter\Session\Handlers\FileHandler' driver.
INFO - 2023-10-06 14:22:47 --> Session: Class initialized using 'CodeIgniter\Session\Handlers\FileHandler' driver.
INFO - 2023-10-06 14:22:47 --> Session: Class initialized using 'CodeIgniter\Session\Handlers\FileHandler' driver.
INFO - 2023-10-06 07:22:58 --> Session: Class initialized using 'CodeIgniter\Session\Handlers\FileHandler' driver.
INFO - 2023-10-06 07:23:12 --> Session: Class initialized using 'CodeIgniter\Session\Handlers\FileHandler' driver.
INFO - 2023-10-06 07:30:57 --> Session: Class initialized using 'CodeIgniter\Session\Handlers\FileHandler' driver.
INFO - 2023-10-06 07:31:20 --> Session: Class initialized using 'CodeIgniter\Session\Handlers\FileHandler' driver.
INFO - 2023-10-06 07:31:24 --> Session: Class initialized using 'CodeIgniter\Session\Handlers\FileHandler' driver.
INFO - 2023-10-06 07:32:51 --> Session: Class initialized using 'CodeIgniter\Session\Handlers\FileHandler' driver.
INFO - 2023-10-06 07:32:58 --> Session: Class initialized using 'CodeIgniter\Session\Handlers\FileHandler' driver.
INFO - 2023-10-06 07:32:58 --> Session: Class initialized using 'CodeIgniter\Session\Handlers\FileHandler' driver.
INFO - 2023-10-06 09:48:16 --> Session: Class initialized using 'CodeIgniter\Session\Handlers\FileHandler' driver.
INFO - 2023-10-06 09:48:16 --> Session: Class initialized using 'CodeIgniter\Session\Handlers\FileHandler' driver.
INFO - 2023-10-06 09:48:20 --> Session: Class initialized using 'CodeIgniter\Session\Handlers\FileHandler' driver.
INFO - 2023-10-06 16:48:20 --> Session: Class initialized using 'CodeIgniter\Session\Handlers\FileHandler' driver.
INFO - 2023-10-06 09:48:24 --> Session: Class initialized using 'CodeIgniter\Session\Handlers\FileHandler' driver.
INFO - 2023-10-06 09:48:31 --> Session: Class initialized using 'CodeIgniter\Session\Handlers\FileHandler' driver.
INFO - 2023-10-06 09:50:39 --> Session: Class initialized using 'CodeIgniter\Session\Handlers\FileHandler' driver.
INFO - 2023-10-06 09:50:46 --> Session: Class initialized using 'CodeIgniter\Session\Handlers\FileHandler' driver.
INFO - 2023-10-06 09:51:03 --> Session: Class initialized using 'CodeIgniter\Session\Handlers\FileHandler' driver.
INFO - 2023-10-06 09:53:30 --> Session: Class initialized using 'CodeIgniter\Session\Handlers\FileHandler' driver.
INFO - 2023-10-06 09:54:16 --> Session: Class initialized using 'CodeIgniter\Session\Handlers\FileHandler' driver.
INFO - 2023-10-06 09:54:17 --> Session: Class initialized using 'CodeIgniter\Session\Handlers\FileHandler' driver.
INFO - 2023-10-06 18:49:28 --> Session: Class initialized using 'CodeIgniter\Session\Handlers\FileHandler' driver.
INFO - 2023-10-06 11:49:32 --> Session: Class initialized using 'CodeIgniter\Session\Handlers\FileHandler' driver.
INFO - 2023-10-06 11:58:53 --> Session: Class initialized using 'CodeIgniter\Session\Handlers\FileHandler' driver.
INFO - 2023-10-06 11:59:01 --> Session: Class initialized using 'CodeIgniter\Session\Handlers\FileHandler' driver.
INFO - 2023-10-06 11:59:01 --> Session: Class initialized using 'CodeIgniter\Session\Handlers\FileHandler' driver.
INFO - 2023-10-06 12:00:03 --> Session: Class initialized using 'CodeIgniter\Session\Handlers\FileHandler' driver.
INFO - 2023-10-06 12:00:32 --> Session: Class initialized using 'CodeIgniter\Session\Handlers\FileHandler' driver.
INFO - 2023-10-06 12:02:08 --> Session: Class initialized using 'CodeIgniter\Session\Handlers\FileHandler' driver.
INFO - 2023-10-06 12:02:31 --> Session: Class initialized using 'CodeIgniter\Session\Handlers\FileHandler' driver.
INFO - 2023-10-06 12:03:26 --> Session: Class initialized using 'CodeIgniter\Session\Handlers\FileHandler' driver.
INFO - 2023-10-06 12:03:47 --> Session: Class initialized using 'CodeIgniter\Session\Handlers\FileHandler' driver.
INFO - 2023-10-06 12:04:22 --> Session: Class initialized using 'CodeIgniter\Session\Handlers\FileHandler' driver.
INFO - 2023-10-06 12:07:49 --> Session: Class initialized using 'CodeIgniter\Session\Handlers\FileHandler' driver.
INFO - 2023-10-06 12:08:08 --> Session: Class initialized using 'CodeIgniter\Session\Handlers\FileHandler' driver.
INFO - 2023-10-06 12:08:26 --> Session: Class initialized using 'CodeIgniter\Session\Handlers\FileHandler' driver.
INFO - 2023-10-06 12:09:25 --> Session: Class initialized using 'CodeIgniter\Session\Handlers\FileHandler' driver.
INFO - 2023-10-06 12:09:54 --> Session: Class initialized using 'CodeIgniter\Session\Handlers\FileHandler' driver.
INFO - 2023-10-06 12:10:54 --> Session: Class initialized using 'CodeIgniter\Session\Handlers\FileHandler' driver.
INFO - 2023-10-06 12:11:13 --> Session: Class initialized using 'CodeIgniter\Session\Handlers\FileHandler' driver.
INFO - 2023-10-06 12:11:28 --> Session: Class initialized using 'CodeIgniter\Session\Handlers\FileHandler' driver.
INFO - 2023-10-06 12:12:29 --> Session: Class initialized using 'CodeIgniter\Session\Handlers\FileHandler' driver.
INFO - 2023-10-06 12:13:39 --> Session: Class initialized using 'CodeIgniter\Session\Handlers\FileHandler' driver.
INFO - 2023-10-06 12:14:16 --> Session: Class initialized using 'CodeIgniter\Session\Handlers\FileHandler' driver.
INFO - 2023-10-06 12:14:26 --> Session: Class initialized using 'CodeIgniter\Session\Handlers\FileHandler' driver.
INFO - 2023-10-06 12:15:04 --> Session: Class initialized using 'CodeIgniter\Session\Handlers\FileHandler' driver.
INFO - 2023-10-06 12:15:30 --> Session: Class initialized using 'CodeIgniter\Session\Handlers\FileHandler' driver.
INFO - 2023-10-06 12:18:01 --> Session: Class initialized using 'CodeIgniter\Session\Handlers\FileHandler' driver.
INFO - 2023-10-06 12:18:59 --> Session: Class initialized using 'CodeIgniter\Session\Handlers\FileHandler' driver.
INFO - 2023-10-06 12:25:11 --> Session: Class initialized using 'CodeIgniter\Session\Handlers\FileHandler' driver.
CRITICAL - 2023-10-06 12:25:11 --> Call to undefined method CodeIgniter\HTTP\IncomingRequest::post()
in APPPATH/Controllers/Admin/Laporan.php on line 20.
 1 SYSTEMPATH/CodeIgniter.php(919): App\Controllers\Admin\Laporan->index()
 2 SYSTEMPATH/CodeIgniter.php(494): CodeIgniter\CodeIgniter->runController()
 3 SYSTEMPATH/CodeIgniter.php(353): CodeIgniter\CodeIgniter->handleRequest()
 4 FCPATH/index.php(79): CodeIgniter\CodeIgniter->run()
 5 SYSTEMPATH/Commands/Server/rewrite.php(47): require_once('/home/imam/projects/perpus/public/index.php')
INFO - 2023-10-06 12:26:28 --> Session: Class initialized using 'CodeIgniter\Session\Handlers\FileHandler' driver.
CRITICAL - 2023-10-06 12:26:28 --> Undefined property: App\Controllers\Admin\Laporan::$input
in APPPATH/Controllers/Admin/Laporan.php on line 20.
 1 APPPATH/Controllers/Admin/Laporan.php(20): CodeIgniter\Debug\Exceptions->errorHandler()
 2 SYSTEMPATH/CodeIgniter.php(919): App\Controllers\Admin\Laporan->index()
 3 SYSTEMPATH/CodeIgniter.php(494): CodeIgniter\CodeIgniter->runController()
 4 SYSTEMPATH/CodeIgniter.php(353): CodeIgniter\CodeIgniter->handleRequest()
 5 FCPATH/index.php(79): CodeIgniter\CodeIgniter->run()
 6 SYSTEMPATH/Commands/Server/rewrite.php(47): require_once('/home/imam/projects/perpus/public/index.php')
INFO - 2023-10-06 12:28:16 --> Session: Class initialized using 'CodeIgniter\Session\Handlers\FileHandler' driver.
CRITICAL - 2023-10-06 12:28:16 --> Undefined property: App\Controllers\Admin\Laporan::$input
in APPPATH/Controllers/Admin/Laporan.php on line 20.
 1 APPPATH/Controllers/Admin/Laporan.php(20): CodeIgniter\Debug\Exceptions->errorHandler()
 2 SYSTEMPATH/CodeIgniter.php(919): App\Controllers\Admin\Laporan->index()
 3 SYSTEMPATH/CodeIgniter.php(494): CodeIgniter\CodeIgniter->runController()
 4 SYSTEMPATH/CodeIgniter.php(353): CodeIgniter\CodeIgniter->handleRequest()
 5 FCPATH/index.php(79): CodeIgniter\CodeIgniter->run()
 6 SYSTEMPATH/Commands/Server/rewrite.php(47): require_once('/home/imam/projects/perpus/public/index.php')
INFO - 2023-10-06 12:28:51 --> Session: Class initialized using 'CodeIgniter\Session\Handlers\FileHandler' driver.
CRITICAL - 2023-10-06 12:28:51 --> Undefined property: App\Controllers\Admin\Laporan::$input
in APPPATH/Controllers/Admin/Laporan.php on line 20.
 1 APPPATH/Controllers/Admin/Laporan.php(20): CodeIgniter\Debug\Exceptions->errorHandler()
 2 SYSTEMPATH/CodeIgniter.php(919): App\Controllers\Admin\Laporan->index()
 3 SYSTEMPATH/CodeIgniter.php(494): CodeIgniter\CodeIgniter->runController()
 4 SYSTEMPATH/CodeIgniter.php(353): CodeIgniter\CodeIgniter->handleRequest()
 5 FCPATH/index.php(79): CodeIgniter\CodeIgniter->run()
 6 SYSTEMPATH/Commands/Server/rewrite.php(47): require_once('/home/imam/projects/perpus/public/index.php')
INFO - 2023-10-06 12:28:53 --> Session: Class initialized using 'CodeIgniter\Session\Handlers\FileHandler' driver.
CRITICAL - 2023-10-06 12:28:53 --> Undefined property: App\Controllers\Admin\Laporan::$input
in APPPATH/Controllers/Admin/Laporan.php on line 20.
 1 APPPATH/Controllers/Admin/Laporan.php(20): CodeIgniter\Debug\Exceptions->errorHandler()
 2 SYSTEMPATH/CodeIgniter.php(919): App\Controllers\Admin\Laporan->index()
 3 SYSTEMPATH/CodeIgniter.php(494): CodeIgniter\CodeIgniter->runController()
 4 SYSTEMPATH/CodeIgniter.php(353): CodeIgniter\CodeIgniter->handleRequest()
 5 FCPATH/index.php(79): CodeIgniter\CodeIgniter->run()
 6 SYSTEMPATH/Commands/Server/rewrite.php(47): require_once('/home/imam/projects/perpus/public/index.php')
INFO - 2023-10-06 12:28:53 --> Session: Class initialized using 'CodeIgniter\Session\Handlers\FileHandler' driver.
CRITICAL - 2023-10-06 12:28:53 --> Undefined property: App\Controllers\Admin\Laporan::$input
in APPPATH/Controllers/Admin/Laporan.php on line 20.
 1 APPPATH/Controllers/Admin/Laporan.php(20): CodeIgniter\Debug\Exceptions->errorHandler()
 2 SYSTEMPATH/CodeIgniter.php(919): App\Controllers\Admin\Laporan->index()
 3 SYSTEMPATH/CodeIgniter.php(494): CodeIgniter\CodeIgniter->runController()
 4 SYSTEMPATH/CodeIgniter.php(353): CodeIgniter\CodeIgniter->handleRequest()
 5 FCPATH/index.php(79): CodeIgniter\CodeIgniter->run()
 6 SYSTEMPATH/Commands/Server/rewrite.php(47): require_once('/home/imam/projects/perpus/public/index.php')
INFO - 2023-10-06 12:30:57 --> Session: Class initialized using 'CodeIgniter\Session\Handlers\FileHandler' driver.
CRITICAL - 2023-10-06 12:30:57 --> Undefined property: App\Controllers\Admin\Laporan::$input
in APPPATH/Controllers/Admin/Laporan.php on line 20.
 1 APPPATH/Controllers/Admin/Laporan.php(20): CodeIgniter\Debug\Exceptions->errorHandler()
 2 SYSTEMPATH/CodeIgniter.php(919): App\Controllers\Admin\Laporan->index()
 3 SYSTEMPATH/CodeIgniter.php(494): CodeIgniter\CodeIgniter->runController()
 4 SYSTEMPATH/CodeIgniter.php(353): CodeIgniter\CodeIgniter->handleRequest()
 5 FCPATH/index.php(79): CodeIgniter\CodeIgniter->run()
 6 SYSTEMPATH/Commands/Server/rewrite.php(47): require_once('/home/imam/projects/perpus/public/index.php')
INFO - 2023-10-06 12:31:18 --> Session: Class initialized using 'CodeIgniter\Session\Handlers\FileHandler' driver.
CRITICAL - 2023-10-06 12:31:18 --> Undefined property: App\Controllers\Admin\Laporan::$input
in APPPATH/Controllers/Admin/Laporan.php on line 20.
 1 APPPATH/Controllers/Admin/Laporan.php(20): CodeIgniter\Debug\Exceptions->errorHandler()
 2 SYSTEMPATH/CodeIgniter.php(919): App\Controllers\Admin\Laporan->index()
 3 SYSTEMPATH/CodeIgniter.php(494): CodeIgniter\CodeIgniter->runController()
 4 SYSTEMPATH/CodeIgniter.php(353): CodeIgniter\CodeIgniter->handleRequest()
 5 FCPATH/index.php(79): CodeIgniter\CodeIgniter->run()
 6 SYSTEMPATH/Commands/Server/rewrite.php(47): require_once('/home/imam/projects/perpus/public/index.php')
INFO - 2023-10-06 12:31:19 --> Session: Class initialized using 'CodeIgniter\Session\Handlers\FileHandler' driver.
CRITICAL - 2023-10-06 12:31:19 --> Undefined property: App\Controllers\Admin\Laporan::$input
in APPPATH/Controllers/Admin/Laporan.php on line 20.
 1 APPPATH/Controllers/Admin/Laporan.php(20): CodeIgniter\Debug\Exceptions->errorHandler()
 2 SYSTEMPATH/CodeIgniter.php(919): App\Controllers\Admin\Laporan->index()
 3 SYSTEMPATH/CodeIgniter.php(494): CodeIgniter\CodeIgniter->runController()
 4 SYSTEMPATH/CodeIgniter.php(353): CodeIgniter\CodeIgniter->handleRequest()
 5 FCPATH/index.php(79): CodeIgniter\CodeIgniter->run()
 6 SYSTEMPATH/Commands/Server/rewrite.php(47): require_once('/home/imam/projects/perpus/public/index.php')
INFO - 2023-10-06 12:31:44 --> Session: Class initialized using 'CodeIgniter\Session\Handlers\FileHandler' driver.
CRITICAL - 2023-10-06 12:31:44 --> Call to undefined method CodeIgniter\HTTP\IncomingRequest::post()
in APPPATH/Controllers/Admin/Laporan.php on line 20.
 1 SYSTEMPATH/CodeIgniter.php(919): App\Controllers\Admin\Laporan->index()
 2 SYSTEMPATH/CodeIgniter.php(494): CodeIgniter\CodeIgniter->runController()
 3 SYSTEMPATH/CodeIgniter.php(353): CodeIgniter\CodeIgniter->handleRequest()
 4 FCPATH/index.php(79): CodeIgniter\CodeIgniter->run()
 5 SYSTEMPATH/Commands/Server/rewrite.php(47): require_once('/home/imam/projects/perpus/public/index.php')
INFO - 2023-10-06 12:31:54 --> Session: Class initialized using 'CodeIgniter\Session\Handlers\FileHandler' driver.
INFO - 2023-10-06 12:33:23 --> Session: Class initialized using 'CodeIgniter\Session\Handlers\FileHandler' driver.
INFO - 2023-10-06 12:33:27 --> Session: Class initialized using 'CodeIgniter\Session\Handlers\FileHandler' driver.
INFO - 2023-10-06 12:34:00 --> Session: Class initialized using 'CodeIgniter\Session\Handlers\FileHandler' driver.
CRITICAL - 2023-10-06 12:34:00 --> Call to undefined function App\Controllers\Admin\is()
in APPPATH/Controllers/Admin/Laporan.php on line 20.
 1 SYSTEMPATH/CodeIgniter.php(919): App\Controllers\Admin\Laporan->index()
 2 SYSTEMPATH/CodeIgniter.php(494): CodeIgniter\CodeIgniter->runController()
 3 SYSTEMPATH/CodeIgniter.php(353): CodeIgniter\CodeIgniter->handleRequest()
 4 FCPATH/index.php(79): CodeIgniter\CodeIgniter->run()
 5 SYSTEMPATH/Commands/Server/rewrite.php(47): require_once('/home/imam/projects/perpus/public/index.php')
INFO - 2023-10-06 12:34:10 --> Session: Class initialized using 'CodeIgniter\Session\Handlers\FileHandler' driver.
INFO - 2023-10-06 12:35:02 --> Session: Class initialized using 'CodeIgniter\Session\Handlers\FileHandler' driver.
INFO - 2023-10-06 12:35:04 --> Session: Class initialized using 'CodeIgniter\Session\Handlers\FileHandler' driver.
INFO - 2023-10-06 12:35:14 --> Session: Class initialized using 'CodeIgniter\Session\Handlers\FileHandler' driver.
INFO - 2023-10-06 12:36:24 --> Session: Class initialized using 'CodeIgniter\Session\Handlers\FileHandler' driver.
INFO - 2023-10-06 12:36:26 --> Session: Class initialized using 'CodeIgniter\Session\Handlers\FileHandler' driver.
INFO - 2023-10-06 12:36:28 --> Session: Class initialized using 'CodeIgniter\Session\Handlers\FileHandler' driver.
INFO - 2023-10-06 12:39:50 --> Session: Class initialized using 'CodeIgniter\Session\Handlers\FileHandler' driver.
INFO - 2023-10-06 12:40:05 --> Session: Class initialized using 'CodeIgniter\Session\Handlers\FileHandler' driver.
INFO - 2023-10-06 12:40:21 --> Session: Class initialized using 'CodeIgniter\Session\Handlers\FileHandler' driver.
INFO - 2023-10-06 12:41:47 --> Session: Class initialized using 'CodeIgniter\Session\Handlers\FileHandler' driver.
INFO - 2023-10-06 12:41:59 --> Session: Class initialized using 'CodeIgniter\Session\Handlers\FileHandler' driver.
INFO - 2023-10-06 12:42:09 --> Session: Class initialized using 'CodeIgniter\Session\Handlers\FileHandler' driver.
CRITICAL - 2023-10-06 12:42:09 --> Undefined array key "kelas"
in APPPATH/Controllers/Admin/Laporan.php on line 25.
 1 APPPATH/Controllers/Admin/Laporan.php(25): CodeIgniter\Debug\Exceptions->errorHandler()
 2 SYSTEMPATH/CodeIgniter.php(919): App\Controllers\Admin\Laporan->index()
 3 SYSTEMPATH/CodeIgniter.php(494): CodeIgniter\CodeIgniter->runController()
 4 SYSTEMPATH/CodeIgniter.php(353): CodeIgniter\CodeIgniter->handleRequest()
 5 FCPATH/index.php(79): CodeIgniter\CodeIgniter->run()
 6 SYSTEMPATH/Commands/Server/rewrite.php(47): require_once('/home/imam/projects/perpus/public/index.php')
INFO - 2023-10-06 12:43:25 --> Session: Class initialized using 'CodeIgniter\Session\Handlers\FileHandler' driver.
INFO - 2023-10-06 12:43:53 --> Session: Class initialized using 'CodeIgniter\Session\Handlers\FileHandler' driver.
INFO - 2023-10-06 12:43:55 --> Session: Class initialized using 'CodeIgniter\Session\Handlers\FileHandler' driver.
INFO - 2023-10-06 12:44:06 --> Session: Class initialized using 'CodeIgniter\Session\Handlers\FileHandler' driver.
INFO - 2023-10-06 12:44:09 --> Session: Class initialized using 'CodeIgniter\Session\Handlers\FileHandler' driver.
INFO - 2023-10-06 12:44:27 --> Session: Class initialized using 'CodeIgniter\Session\Handlers\FileHandler' driver.
INFO - 2023-10-06 12:44:29 --> Session: Class initialized using 'CodeIgniter\Session\Handlers\FileHandler' driver.
INFO - 2023-10-06 12:44:34 --> Session: Class initialized using 'CodeIgniter\Session\Handlers\FileHandler' driver.
INFO - 2023-10-06 12:47:06 --> Session: Class initialized using 'CodeIgniter\Session\Handlers\FileHandler' driver.
INFO - 2023-10-06 12:47:08 --> Session: Class initialized using 'CodeIgniter\Session\Handlers\FileHandler' driver.
CRITICAL - 2023-10-06 12:47:08 --> Undefined variable $lap
in APPPATH/Controllers/Admin/Laporan.php on line 48.
 1 APPPATH/Controllers/Admin/Laporan.php(48): CodeIgniter\Debug\Exceptions->errorHandler()
 2 SYSTEMPATH/CodeIgniter.php(919): App\Controllers\Admin\Laporan->index()
 3 SYSTEMPATH/CodeIgniter.php(494): CodeIgniter\CodeIgniter->runController()
 4 SYSTEMPATH/CodeIgniter.php(353): CodeIgniter\CodeIgniter->handleRequest()
 5 FCPATH/index.php(79): CodeIgniter\CodeIgniter->run()
 6 SYSTEMPATH/Commands/Server/rewrite.php(47): require_once('/home/imam/projects/perpus/public/index.php')
INFO - 2023-10-06 12:47:49 --> Session: Class initialized using 'CodeIgniter\Session\Handlers\FileHandler' driver.
INFO - 2023-10-06 12:48:32 --> Session: Class initialized using 'CodeIgniter\Session\Handlers\FileHandler' driver.
INFO - 2023-10-06 12:48:38 --> Session: Class initialized using 'CodeIgniter\Session\Handlers\FileHandler' driver.
INFO - 2023-10-06 12:48:41 --> Session: Class initialized using 'CodeIgniter\Session\Handlers\FileHandler' driver.
INFO - 2023-10-06 12:49:52 --> Session: Class initialized using 'CodeIgniter\Session\Handlers\FileHandler' driver.
INFO - 2023-10-06 12:49:54 --> Session: Class initialized using 'CodeIgniter\Session\Handlers\FileHandler' driver.
INFO - 2023-10-06 12:50:02 --> Session: Class initialized using 'CodeIgniter\Session\Handlers\FileHandler' driver.
INFO - 2023-10-06 12:50:06 --> Session: Class initialized using 'CodeIgniter\Session\Handlers\FileHandler' driver.
INFO - 2023-10-06 12:50:09 --> Session: Class initialized using 'CodeIgniter\Session\Handlers\FileHandler' driver.
INFO - 2023-10-06 12:50:12 --> Session: Class initialized using 'CodeIgniter\Session\Handlers\FileHandler' driver.
INFO - 2023-10-06 12:50:44 --> Session: Class initialized using 'CodeIgniter\Session\Handlers\FileHandler' driver.
INFO - 2023-10-06 12:50:46 --> Session: Class initialized using 'CodeIgniter\Session\Handlers\FileHandler' driver.
INFO - 2023-10-06 12:50:50 --> Session: Class initialized using 'CodeIgniter\Session\Handlers\FileHandler' driver.
INFO - 2023-10-06 12:50:53 --> Session: Class initialized using 'CodeIgniter\Session\Handlers\FileHandler' driver.
INFO - 2023-10-06 12:50:56 --> Session: Class initialized using 'CodeIgniter\Session\Handlers\FileHandler' driver.
INFO - 2023-10-06 12:50:59 --> Session: Class initialized using 'CodeIgniter\Session\Handlers\FileHandler' driver.
INFO - 2023-10-06 12:51:00 --> Session: Class initialized using 'CodeIgniter\Session\Handlers\FileHandler' driver.
INFO - 2023-10-06 12:51:05 --> Session: Class initialized using 'CodeIgniter\Session\Handlers\FileHandler' driver.
INFO - 2023-10-06 12:51:09 --> Session: Class initialized using 'CodeIgniter\Session\Handlers\FileHandler' driver.
INFO - 2023-10-06 12:51:57 --> Session: Class initialized using 'CodeIgniter\Session\Handlers\FileHandler' driver.
INFO - 2023-10-06 12:52:00 --> Session: Class initialized using 'CodeIgniter\Session\Handlers\FileHandler' driver.
INFO - 2023-10-06 12:52:03 --> Session: Class initialized using 'CodeIgniter\Session\Handlers\FileHandler' driver.
INFO - 2023-10-06 12:52:40 --> Session: Class initialized using 'CodeIgniter\Session\Handlers\FileHandler' driver.
INFO - 2023-10-06 12:52:42 --> Session: Class initialized using 'CodeIgniter\Session\Handlers\FileHandler' driver.
INFO - 2023-10-06 12:52:46 --> Session: Class initialized using 'CodeIgniter\Session\Handlers\FileHandler' driver.
INFO - 2023-10-06 12:52:51 --> Session: Class initialized using 'CodeIgniter\Session\Handlers\FileHandler' driver.
CRITICAL - 2023-10-06 12:53:57 --> Cannot use isset() on the result of an expression (you can use "null !== expression" instead)
in APPPATH/Controllers/Admin/Laporan.php on line 34.
 1 [internal function]: CodeIgniter\Debug\Exceptions->shutdownHandler()
INFO - 2023-10-06 12:54:29 --> Session: Class initialized using 'CodeIgniter\Session\Handlers\FileHandler' driver.
INFO - 2023-10-06 12:54:32 --> Session: Class initialized using 'CodeIgniter\Session\Handlers\FileHandler' driver.
INFO - 2023-10-06 12:54:36 --> Session: Class initialized using 'CodeIgniter\Session\Handlers\FileHandler' driver.
INFO - 2023-10-06 12:55:53 --> Session: Class initialized using 'CodeIgniter\Session\Handlers\FileHandler' driver.
INFO - 2023-10-06 12:56:55 --> Session: Class initialized using 'CodeIgniter\Session\Handlers\FileHandler' driver.
INFO - 2023-10-06 12:57:00 --> Session: Class initialized using 'CodeIgniter\Session\Handlers\FileHandler' driver.
INFO - 2023-10-06 12:58:34 --> Session: Class initialized using 'CodeIgniter\Session\Handlers\FileHandler' driver.
INFO - 2023-10-06 12:58:40 --> Session: Class initialized using 'CodeIgniter\Session\Handlers\FileHandler' driver.
INFO - 2023-10-06 12:59:25 --> Session: Class initialized using 'CodeIgniter\Session\Handlers\FileHandler' driver.
INFO - 2023-10-06 13:01:46 --> Session: Class initialized using 'CodeIgniter\Session\Handlers\FileHandler' driver.
INFO - 2023-10-06 13:01:49 --> Session: Class initialized using 'CodeIgniter\Session\Handlers\FileHandler' driver.
INFO - 2023-10-06 13:01:53 --> Session: Class initialized using 'CodeIgniter\Session\Handlers\FileHandler' driver.
INFO - 2023-10-06 13:01:57 --> Session: Class initialized using 'CodeIgniter\Session\Handlers\FileHandler' driver.
INFO - 2023-10-06 13:02:33 --> Session: Class initialized using 'CodeIgniter\Session\Handlers\FileHandler' driver.
INFO - 2023-10-06 13:02:35 --> Session: Class initialized using 'CodeIgniter\Session\Handlers\FileHandler' driver.
INFO - 2023-10-06 13:02:38 --> Session: Class initialized using 'CodeIgniter\Session\Handlers\FileHandler' driver.
INFO - 2023-10-06 13:02:52 --> Session: Class initialized using 'CodeIgniter\Session\Handlers\FileHandler' driver.
INFO - 2023-10-06 13:02:54 --> Session: Class initialized using 'CodeIgniter\Session\Handlers\FileHandler' driver.
INFO - 2023-10-06 13:02:58 --> Session: Class initialized using 'CodeIgniter\Session\Handlers\FileHandler' driver.
INFO - 2023-10-06 13:03:39 --> Session: Class initialized using 'CodeIgniter\Session\Handlers\FileHandler' driver.
INFO - 2023-10-06 13:03:41 --> Session: Class initialized using 'CodeIgniter\Session\Handlers\FileHandler' driver.
INFO - 2023-10-06 13:03:44 --> Session: Class initialized using 'CodeIgniter\Session\Handlers\FileHandler' driver.
INFO - 2023-10-06 13:04:32 --> Session: Class initialized using 'CodeIgniter\Session\Handlers\FileHandler' driver.
INFO - 2023-10-06 13:04:58 --> Session: Class initialized using 'CodeIgniter\Session\Handlers\FileHandler' driver.
CRITICAL - 2023-10-06 13:04:58 --> Cannot access protected property CodeIgniter\HTTP\IncomingRequest::$method
in APPPATH/Controllers/Admin/Laporan.php on line 34.
 1 SYSTEMPATH/CodeIgniter.php(919): App\Controllers\Admin\Laporan->index()
 2 SYSTEMPATH/CodeIgniter.php(494): CodeIgniter\CodeIgniter->runController()
 3 SYSTEMPATH/CodeIgniter.php(353): CodeIgniter\CodeIgniter->handleRequest()
 4 FCPATH/index.php(79): CodeIgniter\CodeIgniter->run()
 5 SYSTEMPATH/Commands/Server/rewrite.php(47): require_once('/home/imam/projects/perpus/public/index.php')
INFO - 2023-10-06 13:05:07 --> Session: Class initialized using 'CodeIgniter\Session\Handlers\FileHandler' driver.
INFO - 2023-10-06 13:06:35 --> Session: Class initialized using 'CodeIgniter\Session\Handlers\FileHandler' driver.
INFO - 2023-10-06 13:07:17 --> Session: Class initialized using 'CodeIgniter\Session\Handlers\FileHandler' driver.
INFO - 2023-10-06 13:07:17 --> Session: Class initialized using 'CodeIgniter\Session\Handlers\FileHandler' driver.
INFO - 2023-10-06 13:07:18 --> Session: Class initialized using 'CodeIgniter\Session\Handlers\FileHandler' driver.
INFO - 2023-10-06 13:07:26 --> Session: Class initialized using 'CodeIgniter\Session\Handlers\FileHandler' driver.
INFO - 2023-10-06 13:07:29 --> Session: Class initialized using 'CodeIgniter\Session\Handlers\FileHandler' driver.
INFO - 2023-10-06 13:07:33 --> Session: Class initialized using 'CodeIgniter\Session\Handlers\FileHandler' driver.
INFO - 2023-10-06 13:08:22 --> Session: Class initialized using 'CodeIgniter\Session\Handlers\FileHandler' driver.
INFO - 2023-10-06 13:08:26 --> Session: Class initialized using 'CodeIgniter\Session\Handlers\FileHandler' driver.
CRITICAL - 2023-10-06 13:10:22 --> syntax error, unexpected token "if"
in APPPATH/Controllers/Admin/Laporan.php on line 63.
 1 SYSTEMPATH/Autoloader/Autoloader.php(285): CodeIgniter\Autoloader\Autoloader->includeFile()
 2 SYSTEMPATH/Autoloader/Autoloader.php(263): CodeIgniter\Autoloader\Autoloader->loadInNamespace()
 3 [internal function]: CodeIgniter\Autoloader\Autoloader->loadClass()
 4 SYSTEMPATH/CodeIgniter.php(877): class_exists()
 5 SYSTEMPATH/CodeIgniter.php(481): CodeIgniter\CodeIgniter->startController()
 6 SYSTEMPATH/CodeIgniter.php(353): CodeIgniter\CodeIgniter->handleRequest()
 7 FCPATH/index.php(79): CodeIgniter\CodeIgniter->run()
 8 SYSTEMPATH/Commands/Server/rewrite.php(47): require_once('/home/imam/projects/perpus/public/index.php')
INFO - 2023-10-06 13:13:06 --> Session: Class initialized using 'CodeIgniter\Session\Handlers\FileHandler' driver.
CRITICAL - 2023-10-06 13:13:06 --> Undefined variable $where
in APPPATH/Controllers/Admin/Laporan.php on line 64.
 1 APPPATH/Controllers/Admin/Laporan.php(64): CodeIgniter\Debug\Exceptions->errorHandler()
 2 SYSTEMPATH/CodeIgniter.php(919): App\Controllers\Admin\Laporan->index()
 3 SYSTEMPATH/CodeIgniter.php(494): CodeIgniter\CodeIgniter->runController()
 4 SYSTEMPATH/CodeIgniter.php(353): CodeIgniter\CodeIgniter->handleRequest()
 5 FCPATH/index.php(79): CodeIgniter\CodeIgniter->run()
 6 SYSTEMPATH/Commands/Server/rewrite.php(47): require_once('/home/imam/projects/perpus/public/index.php')
INFO - 2023-10-06 13:13:15 --> Session: Class initialized using 'CodeIgniter\Session\Handlers\FileHandler' driver.
INFO - 2023-10-06 13:13:23 --> Session: Class initialized using 'CodeIgniter\Session\Handlers\FileHandler' driver.
INFO - 2023-10-06 13:14:03 --> Session: Class initialized using 'CodeIgniter\Session\Handlers\FileHandler' driver.
INFO - 2023-10-06 13:14:17 --> Session: Class initialized using 'CodeIgniter\Session\Handlers\FileHandler' driver.
INFO - 2023-10-06 13:14:50 --> Session: Class initialized using 'CodeIgniter\Session\Handlers\FileHandler' driver.
INFO - 2023-10-06 13:14:52 --> Session: Class initialized using 'CodeIgniter\Session\Handlers\FileHandler' driver.
INFO - 2023-10-06 13:14:56 --> Session: Class initialized using 'CodeIgniter\Session\Handlers\FileHandler' driver.
INFO - 2023-10-06 13:15:00 --> Session: Class initialized using 'CodeIgniter\Session\Handlers\FileHandler' driver.
INFO - 2023-10-06 13:15:04 --> Session: Class initialized using 'CodeIgniter\Session\Handlers\FileHandler' driver.
INFO - 2023-10-06 13:16:21 --> Session: Class initialized using 'CodeIgniter\Session\Handlers\FileHandler' driver.
INFO - 2023-10-06 13:16:24 --> Session: Class initialized using 'CodeIgniter\Session\Handlers\FileHandler' driver.
INFO - 2023-10-06 13:16:28 --> Session: Class initialized using 'CodeIgniter\Session\Handlers\FileHandler' driver.
INFO - 2023-10-06 13:16:57 --> Session: Class initialized using 'CodeIgniter\Session\Handlers\FileHandler' driver.
INFO - 2023-10-06 13:17:00 --> Session: Class initialized using 'CodeIgniter\Session\Handlers\FileHandler' driver.
INFO - 2023-10-06 13:17:22 --> Session: Class initialized using 'CodeIgniter\Session\Handlers\FileHandler' driver.
INFO - 2023-10-06 13:17:24 --> Session: Class initialized using 'CodeIgniter\Session\Handlers\FileHandler' driver.
INFO - 2023-10-06 13:18:25 --> Session: Class initialized using 'CodeIgniter\Session\Handlers\FileHandler' driver.
INFO - 2023-10-06 13:18:33 --> Session: Class initialized using 'CodeIgniter\Session\Handlers\FileHandler' driver.
INFO - 2023-10-06 13:18:35 --> Session: Class initialized using 'CodeIgniter\Session\Handlers\FileHandler' driver.
INFO - 2023-10-06 13:18:42 --> Session: Class initialized using 'CodeIgniter\Session\Handlers\FileHandler' driver.
INFO - 2023-10-06 13:18:54 --> Session: Class initialized using 'CodeIgniter\Session\Handlers\FileHandler' driver.
INFO - 2023-10-06 13:18:56 --> Session: Class initialized using 'CodeIgniter\Session\Handlers\FileHandler' driver.
INFO - 2023-10-06 13:18:57 --> Session: Class initialized using 'CodeIgniter\Session\Handlers\FileHandler' driver.
INFO - 2023-10-06 13:18:59 --> Session: Class initialized using 'CodeIgniter\Session\Handlers\FileHandler' driver.
CRITICAL - 2023-10-06 13:21:07 --> syntax error, unexpected token "echo", expecting "]"
in APPPATH/Controllers/Admin/Laporan.php on line 29.
 1 SYSTEMPATH/Autoloader/Autoloader.php(285): CodeIgniter\Autoloader\Autoloader->includeFile()
 2 SYSTEMPATH/Autoloader/Autoloader.php(263): CodeIgniter\Autoloader\Autoloader->loadInNamespace()
 3 [internal function]: CodeIgniter\Autoloader\Autoloader->loadClass()
 4 SYSTEMPATH/CodeIgniter.php(877): class_exists()
 5 SYSTEMPATH/CodeIgniter.php(481): CodeIgniter\CodeIgniter->startController()
 6 SYSTEMPATH/CodeIgniter.php(353): CodeIgniter\CodeIgniter->handleRequest()
 7 FCPATH/index.php(79): CodeIgniter\CodeIgniter->run()
 8 SYSTEMPATH/Commands/Server/rewrite.php(47): require_once('/home/imam/projects/perpus/public/index.php')
INFO - 2023-10-06 13:21:33 --> Session: Class initialized using 'CodeIgniter\Session\Handlers\FileHandler' driver.
INFO - 2023-10-06 13:21:37 --> Session: Class initialized using 'CodeIgniter\Session\Handlers\FileHandler' driver.
INFO - 2023-10-06 13:21:39 --> Session: Class initialized using 'CodeIgniter\Session\Handlers\FileHandler' driver.
INFO - 2023-10-06 13:21:41 --> Session: Class initialized using 'CodeIgniter\Session\Handlers\FileHandler' driver.
INFO - 2023-10-06 13:21:43 --> Session: Class initialized using 'CodeIgniter\Session\Handlers\FileHandler' driver.
INFO - 2023-10-06 13:21:44 --> Session: Class initialized using 'CodeIgniter\Session\Handlers\FileHandler' driver.
INFO - 2023-10-06 13:22:35 --> Session: Class initialized using 'CodeIgniter\Session\Handlers\FileHandler' driver.
INFO - 2023-10-06 13:22:38 --> Session: Class initialized using 'CodeIgniter\Session\Handlers\FileHandler' driver.
INFO - 2023-10-06 13:22:40 --> Session: Class initialized using 'CodeIgniter\Session\Handlers\FileHandler' driver.
INFO - 2023-10-06 13:22:44 --> Session: Class initialized using 'CodeIgniter\Session\Handlers\FileHandler' driver.
INFO - 2023-10-06 13:22:45 --> Session: Class initialized using 'CodeIgniter\Session\Handlers\FileHandler' driver.
INFO - 2023-10-06 13:22:55 --> Session: Class initialized using 'CodeIgniter\Session\Handlers\FileHandler' driver.
INFO - 2023-10-06 13:27:40 --> Session: Class initialized using 'CodeIgniter\Session\Handlers\FileHandler' driver.
ERROR - 2023-10-06 13:27:40 --> mysqli_sql_exception: You have an error in your SQL syntax; check the manual that corresponds to your MariaDB server version for the right syntax to use near 'kembali <=2023-10-17' at line 10 in /home/imam/projects/perpus/vendor/codeigniter4/framework/system/Database/MySQLi/Connection.php:306
Stack trace:
#0 /home/imam/projects/perpus/vendor/codeigniter4/framework/system/Database/MySQLi/Connection.php(306): mysqli->query()
#1 /home/imam/projects/perpus/vendor/codeigniter4/framework/system/Database/BaseConnection.php(692): CodeIgniter\Database\MySQLi\Connection->execute()
#2 /home/imam/projects/perpus/vendor/codeigniter4/framework/system/Database/BaseConnection.php(606): CodeIgniter\Database\BaseConnection->simpleQuery()
#3 /home/imam/projects/perpus/vendor/codeigniter4/framework/system/Database/BaseBuilder.php(1615): CodeIgniter\Database\BaseConnection->query()
#4 /home/imam/projects/perpus/vendor/codeigniter4/framework/system/Model.php(237): CodeIgniter\Database\BaseBuilder->get()
#5 /home/imam/projects/perpus/vendor/codeigniter4/framework/system/BaseModel.php(624): CodeIgniter\Model->doFindAll()
#6 /home/imam/projects/perpus/app/Controllers/Admin/Laporan.php(43): CodeIgniter\BaseModel->findAll()
#7 /home/imam/projects/perpus/vendor/codeigniter4/framework/system/CodeIgniter.php(919): App\Controllers\Admin\Laporan->index()
#8 /home/imam/projects/perpus/vendor/codeigniter4/framework/system/CodeIgniter.php(494): CodeIgniter\CodeIgniter->runController()
#9 /home/imam/projects/perpus/vendor/codeigniter4/framework/system/CodeIgniter.php(353): CodeIgniter\CodeIgniter->handleRequest()
#10 /home/imam/projects/perpus/public/index.php(79): CodeIgniter\CodeIgniter->run()
#11 /home/imam/projects/perpus/vendor/codeigniter4/framework/system/Commands/Server/rewrite.php(47): require_once('...')
#12 {main}
CRITICAL - 2023-10-06 13:27:40 --> You have an error in your SQL syntax; check the manual that corresponds to your MariaDB server version for the right syntax to use near 'kembali <=2023-10-17' at line 10
in SYSTEMPATH/Database/BaseConnection.php on line 646.
 1 SYSTEMPATH/Database/BaseBuilder.php(1615): CodeIgniter\Database\BaseConnection->query()
 2 SYSTEMPATH/Model.php(237): CodeIgniter\Database\BaseBuilder->get()
 3 SYSTEMPATH/BaseModel.php(624): CodeIgniter\Model->doFindAll()
 4 APPPATH/Controllers/Admin/Laporan.php(43): CodeIgniter\BaseModel->findAll()
 5 SYSTEMPATH/CodeIgniter.php(919): App\Controllers\Admin\Laporan->index()
 6 SYSTEMPATH/CodeIgniter.php(494): CodeIgniter\CodeIgniter->runController()
 7 SYSTEMPATH/CodeIgniter.php(353): CodeIgniter\CodeIgniter->handleRequest()
 8 FCPATH/index.php(79): CodeIgniter\CodeIgniter->run()
 9 SYSTEMPATH/Commands/Server/rewrite.php(47): require_once('/home/imam/projects/perpus/public/index.php')
INFO - 2023-10-06 13:27:57 --> Session: Class initialized using 'CodeIgniter\Session\Handlers\FileHandler' driver.
CRITICAL - 2023-10-06 13:27:57 --> Undefined variable $where
in APPPATH/Controllers/Admin/Laporan.php on line 35.
 1 APPPATH/Controllers/Admin/Laporan.php(35): CodeIgniter\Debug\Exceptions->errorHandler()
 2 SYSTEMPATH/CodeIgniter.php(919): App\Controllers\Admin\Laporan->index()
 3 SYSTEMPATH/CodeIgniter.php(494): CodeIgniter\CodeIgniter->runController()
 4 SYSTEMPATH/CodeIgniter.php(353): CodeIgniter\CodeIgniter->handleRequest()
 5 FCPATH/index.php(79): CodeIgniter\CodeIgniter->run()
 6 SYSTEMPATH/Commands/Server/rewrite.php(47): require_once('/home/imam/projects/perpus/public/index.php')
INFO - 2023-10-06 13:29:10 --> Session: Class initialized using 'CodeIgniter\Session\Handlers\FileHandler' driver.
INFO - 2023-10-06 13:29:18 --> Session: Class initialized using 'CodeIgniter\Session\Handlers\FileHandler' driver.
ERROR - 2023-10-06 13:29:18 --> mysqli_sql_exception: You have an error in your SQL syntax; check the manual that corresponds to your MariaDB server version for the right syntax to use near 'kembali <=2023-10-17' at line 10 in /home/imam/projects/perpus/vendor/codeigniter4/framework/system/Database/MySQLi/Connection.php:306
Stack trace:
#0 /home/imam/projects/perpus/vendor/codeigniter4/framework/system/Database/MySQLi/Connection.php(306): mysqli->query()
#1 /home/imam/projects/perpus/vendor/codeigniter4/framework/system/Database/BaseConnection.php(692): CodeIgniter\Database\MySQLi\Connection->execute()
#2 /home/imam/projects/perpus/vendor/codeigniter4/framework/system/Database/BaseConnection.php(606): CodeIgniter\Database\BaseConnection->simpleQuery()
#3 /home/imam/projects/perpus/vendor/codeigniter4/framework/system/Database/BaseBuilder.php(1615): CodeIgniter\Database\BaseConnection->query()
#4 /home/imam/projects/perpus/vendor/codeigniter4/framework/system/Model.php(237): CodeIgniter\Database\BaseBuilder->get()
#5 /home/imam/projects/perpus/vendor/codeigniter4/framework/system/BaseModel.php(624): CodeIgniter\Model->doFindAll()
#6 /home/imam/projects/perpus/app/Controllers/Admin/Laporan.php(41): CodeIgniter\BaseModel->findAll()
#7 /home/imam/projects/perpus/vendor/codeigniter4/framework/system/CodeIgniter.php(919): App\Controllers\Admin\Laporan->index()
#8 /home/imam/projects/perpus/vendor/codeigniter4/framework/system/CodeIgniter.php(494): CodeIgniter\CodeIgniter->runController()
#9 /home/imam/projects/perpus/vendor/codeigniter4/framework/system/CodeIgniter.php(353): CodeIgniter\CodeIgniter->handleRequest()
#10 /home/imam/projects/perpus/public/index.php(79): CodeIgniter\CodeIgniter->run()
#11 /home/imam/projects/perpus/vendor/codeigniter4/framework/system/Commands/Server/rewrite.php(47): require_once('...')
#12 {main}
CRITICAL - 2023-10-06 13:29:18 --> You have an error in your SQL syntax; check the manual that corresponds to your MariaDB server version for the right syntax to use near 'kembali <=2023-10-17' at line 10
in SYSTEMPATH/Database/BaseConnection.php on line 646.
 1 SYSTEMPATH/Database/BaseBuilder.php(1615): CodeIgniter\Database\BaseConnection->query()
 2 SYSTEMPATH/Model.php(237): CodeIgniter\Database\BaseBuilder->get()
 3 SYSTEMPATH/BaseModel.php(624): CodeIgniter\Model->doFindAll()
 4 APPPATH/Controllers/Admin/Laporan.php(41): CodeIgniter\BaseModel->findAll()
 5 SYSTEMPATH/CodeIgniter.php(919): App\Controllers\Admin\Laporan->index()
 6 SYSTEMPATH/CodeIgniter.php(494): CodeIgniter\CodeIgniter->runController()
 7 SYSTEMPATH/CodeIgniter.php(353): CodeIgniter\CodeIgniter->handleRequest()
 8 FCPATH/index.php(79): CodeIgniter\CodeIgniter->run()
 9 SYSTEMPATH/Commands/Server/rewrite.php(47): require_once('/home/imam/projects/perpus/public/index.php')
INFO - 2023-10-06 13:31:40 --> Session: Class initialized using 'CodeIgniter\Session\Handlers\FileHandler' driver.
INFO - 2023-10-06 13:31:43 --> Session: Class initialized using 'CodeIgniter\Session\Handlers\FileHandler' driver.
ERROR - 2023-10-06 13:31:43 --> mysqli_sql_exception: Unknown column 'true' in 'where clause' in /home/imam/projects/perpus/vendor/codeigniter4/framework/system/Database/MySQLi/Connection.php:306
Stack trace:
#0 /home/imam/projects/perpus/vendor/codeigniter4/framework/system/Database/MySQLi/Connection.php(306): mysqli->query()
#1 /home/imam/projects/perpus/vendor/codeigniter4/framework/system/Database/BaseConnection.php(692): CodeIgniter\Database\MySQLi\Connection->execute()
#2 /home/imam/projects/perpus/vendor/codeigniter4/framework/system/Database/BaseConnection.php(606): CodeIgniter\Database\BaseConnection->simpleQuery()
#3 /home/imam/projects/perpus/vendor/codeigniter4/framework/system/Database/BaseBuilder.php(1615): CodeIgniter\Database\BaseConnection->query()
#4 /home/imam/projects/perpus/vendor/codeigniter4/framework/system/Model.php(237): CodeIgniter\Database\BaseBuilder->get()
#5 /home/imam/projects/perpus/vendor/codeigniter4/framework/system/BaseModel.php(624): CodeIgniter\Model->doFindAll()
#6 /home/imam/projects/perpus/app/Controllers/Admin/Laporan.php(41): CodeIgniter\BaseModel->findAll()
#7 /home/imam/projects/perpus/vendor/codeigniter4/framework/system/CodeIgniter.php(919): App\Controllers\Admin\Laporan->index()
#8 /home/imam/projects/perpus/vendor/codeigniter4/framework/system/CodeIgniter.php(494): CodeIgniter\CodeIgniter->runController()
#9 /home/imam/projects/perpus/vendor/codeigniter4/framework/system/CodeIgniter.php(353): CodeIgniter\CodeIgniter->handleRequest()
#10 /home/imam/projects/perpus/public/index.php(79): CodeIgniter\CodeIgniter->run()
#11 /home/imam/projects/perpus/vendor/codeigniter4/framework/system/Commands/Server/rewrite.php(47): require_once('...')
#12 {main}
CRITICAL - 2023-10-06 13:31:43 --> Unknown column 'true' in 'where clause'
in SYSTEMPATH/Database/BaseConnection.php on line 646.
 1 SYSTEMPATH/Database/BaseBuilder.php(1615): CodeIgniter\Database\BaseConnection->query()
 2 SYSTEMPATH/Model.php(237): CodeIgniter\Database\BaseBuilder->get()
 3 SYSTEMPATH/BaseModel.php(624): CodeIgniter\Model->doFindAll()
 4 APPPATH/Controllers/Admin/Laporan.php(41): CodeIgniter\BaseModel->findAll()
 5 SYSTEMPATH/CodeIgniter.php(919): App\Controllers\Admin\Laporan->index()
 6 SYSTEMPATH/CodeIgniter.php(494): CodeIgniter\CodeIgniter->runController()
 7 SYSTEMPATH/CodeIgniter.php(353): CodeIgniter\CodeIgniter->handleRequest()
 8 FCPATH/index.php(79): CodeIgniter\CodeIgniter->run()
 9 SYSTEMPATH/Commands/Server/rewrite.php(47): require_once('/home/imam/projects/perpus/public/index.php')
INFO - 2023-10-06 13:32:38 --> Session: Class initialized using 'CodeIgniter\Session\Handlers\FileHandler' driver.
INFO - 2023-10-06 13:32:40 --> Session: Class initialized using 'CodeIgniter\Session\Handlers\FileHandler' driver.
INFO - 2023-10-06 13:32:48 --> Session: Class initialized using 'CodeIgniter\Session\Handlers\FileHandler' driver.
ERROR - 2023-10-06 13:32:48 --> mysqli_sql_exception: You have an error in your SQL syntax; check the manual that corresponds to your MariaDB server version for the right syntax to use near ':0:' at line 10 in /home/imam/projects/perpus/vendor/codeigniter4/framework/system/Database/MySQLi/Connection.php:306
Stack trace:
#0 /home/imam/projects/perpus/vendor/codeigniter4/framework/system/Database/MySQLi/Connection.php(306): mysqli->query()
#1 /home/imam/projects/perpus/vendor/codeigniter4/framework/system/Database/BaseConnection.php(692): CodeIgniter\Database\MySQLi\Connection->execute()
#2 /home/imam/projects/perpus/vendor/codeigniter4/framework/system/Database/BaseConnection.php(606): CodeIgniter\Database\BaseConnection->simpleQuery()
#3 /home/imam/projects/perpus/vendor/codeigniter4/framework/system/Database/BaseBuilder.php(1615): CodeIgniter\Database\BaseConnection->query()
#4 /home/imam/projects/perpus/vendor/codeigniter4/framework/system/Model.php(237): CodeIgniter\Database\BaseBuilder->get()
#5 /home/imam/projects/perpus/vendor/codeigniter4/framework/system/BaseModel.php(624): CodeIgniter\Model->doFindAll()
#6 /home/imam/projects/perpus/app/Controllers/Admin/Laporan.php(41): CodeIgniter\BaseModel->findAll()
#7 /home/imam/projects/perpus/vendor/codeigniter4/framework/system/CodeIgniter.php(919): App\Controllers\Admin\Laporan->index()
#8 /home/imam/projects/perpus/vendor/codeigniter4/framework/system/CodeIgniter.php(494): CodeIgniter\CodeIgniter->runController()
#9 /home/imam/projects/perpus/vendor/codeigniter4/framework/system/CodeIgniter.php(353): CodeIgniter\CodeIgniter->handleRequest()
#10 /home/imam/projects/perpus/public/index.php(79): CodeIgniter\CodeIgniter->run()
#11 /home/imam/projects/perpus/vendor/codeigniter4/framework/system/Commands/Server/rewrite.php(47): require_once('...')
#12 {main}
CRITICAL - 2023-10-06 13:32:48 --> You have an error in your SQL syntax; check the manual that corresponds to your MariaDB server version for the right syntax to use near ':0:' at line 10
in SYSTEMPATH/Database/BaseConnection.php on line 646.
 1 SYSTEMPATH/Database/BaseBuilder.php(1615): CodeIgniter\Database\BaseConnection->query()
 2 SYSTEMPATH/Model.php(237): CodeIgniter\Database\BaseBuilder->get()
 3 SYSTEMPATH/BaseModel.php(624): CodeIgniter\Model->doFindAll()
 4 APPPATH/Controllers/Admin/Laporan.php(41): CodeIgniter\BaseModel->findAll()
 5 SYSTEMPATH/CodeIgniter.php(919): App\Controllers\Admin\Laporan->index()
 6 SYSTEMPATH/CodeIgniter.php(494): CodeIgniter\CodeIgniter->runController()
 7 SYSTEMPATH/CodeIgniter.php(353): CodeIgniter\CodeIgniter->handleRequest()
 8 FCPATH/index.php(79): CodeIgniter\CodeIgniter->run()
 9 SYSTEMPATH/Commands/Server/rewrite.php(47): require_once('/home/imam/projects/perpus/public/index.php')
INFO - 2023-10-06 13:33:13 --> Session: Class initialized using 'CodeIgniter\Session\Handlers\FileHandler' driver.
INFO - 2023-10-06 13:34:18 --> Session: Class initialized using 'CodeIgniter\Session\Handlers\FileHandler' driver.
INFO - 2023-10-06 13:34:31 --> Session: Class initialized using 'CodeIgniter\Session\Handlers\FileHandler' driver.
INFO - 2023-10-06 13:34:39 --> Session: Class initialized using 'CodeIgniter\Session\Handlers\FileHandler' driver.
INFO - 2023-10-06 13:34:46 --> Session: Class initialized using 'CodeIgniter\Session\Handlers\FileHandler' driver.
INFO - 2023-10-06 13:36:17 --> Session: Class initialized using 'CodeIgniter\Session\Handlers\FileHandler' driver.
INFO - 2023-10-06 13:36:57 --> Session: Class initialized using 'CodeIgniter\Session\Handlers\FileHandler' driver.
INFO - 2023-10-06 13:37:06 --> Session: Class initialized using 'CodeIgniter\Session\Handlers\FileHandler' driver.
INFO - 2023-10-06 13:38:41 --> Session: Class initialized using 'CodeIgniter\Session\Handlers\FileHandler' driver.
INFO - 2023-10-06 13:38:55 --> Session: Class initialized using 'CodeIgniter\Session\Handlers\FileHandler' driver.
INFO - 2023-10-06 13:39:08 --> Session: Class initialized using 'CodeIgniter\Session\Handlers\FileHandler' driver.
INFO - 2023-10-06 13:39:11 --> Session: Class initialized using 'CodeIgniter\Session\Handlers\FileHandler' driver.
INFO - 2023-10-06 13:39:18 --> Session: Class initialized using 'CodeIgniter\Session\Handlers\FileHandler' driver.
INFO - 2023-10-06 13:40:28 --> Session: Class initialized using 'CodeIgniter\Session\Handlers\FileHandler' driver.
INFO - 2023-10-06 13:43:53 --> Session: Class initialized using 'CodeIgniter\Session\Handlers\FileHandler' driver.
INFO - 2023-10-06 13:44:28 --> Session: Class initialized using 'CodeIgniter\Session\Handlers\FileHandler' driver.
ERROR - 2023-10-06 13:44:28 --> mysqli_sql_exception: You have an error in your SQL syntax; check the manual that corresponds to your MariaDB server version for the right syntax to use near ''2023-10-04' at line 10 in /home/imam/projects/perpus/vendor/codeigniter4/framework/system/Database/MySQLi/Connection.php:306
Stack trace:
#0 /home/imam/projects/perpus/vendor/codeigniter4/framework/system/Database/MySQLi/Connection.php(306): mysqli->query()
#1 /home/imam/projects/perpus/vendor/codeigniter4/framework/system/Database/BaseConnection.php(692): CodeIgniter\Database\MySQLi\Connection->execute()
#2 /home/imam/projects/perpus/vendor/codeigniter4/framework/system/Database/BaseConnection.php(606): CodeIgniter\Database\BaseConnection->simpleQuery()
#3 /home/imam/projects/perpus/vendor/codeigniter4/framework/system/Database/BaseBuilder.php(1615): CodeIgniter\Database\BaseConnection->query()
#4 /home/imam/projects/perpus/vendor/codeigniter4/framework/system/Model.php(237): CodeIgniter\Database\BaseBuilder->get()
#5 /home/imam/projects/perpus/vendor/codeigniter4/framework/system/BaseModel.php(624): CodeIgniter\Model->doFindAll()
#6 /home/imam/projects/perpus/app/Controllers/Admin/Laporan.php(46): CodeIgniter\BaseModel->findAll()
#7 /home/imam/projects/perpus/vendor/codeigniter4/framework/system/CodeIgniter.php(919): App\Controllers\Admin\Laporan->index()
#8 /home/imam/projects/perpus/vendor/codeigniter4/framework/system/CodeIgniter.php(494): CodeIgniter\CodeIgniter->runController()
#9 /home/imam/projects/perpus/vendor/codeigniter4/framework/system/CodeIgniter.php(353): CodeIgniter\CodeIgniter->handleRequest()
#10 /home/imam/projects/perpus/public/index.php(79): CodeIgniter\CodeIgniter->run()
#11 /home/imam/projects/perpus/vendor/codeigniter4/framework/system/Commands/Server/rewrite.php(47): require_once('...')
#12 {main}
CRITICAL - 2023-10-06 13:44:28 --> You have an error in your SQL syntax; check the manual that corresponds to your MariaDB server version for the right syntax to use near ''2023-10-04' at line 10
in SYSTEMPATH/Database/BaseConnection.php on line 646.
 1 SYSTEMPATH/Database/BaseBuilder.php(1615): CodeIgniter\Database\BaseConnection->query()
 2 SYSTEMPATH/Model.php(237): CodeIgniter\Database\BaseBuilder->get()
 3 SYSTEMPATH/BaseModel.php(624): CodeIgniter\Model->doFindAll()
 4 APPPATH/Controllers/Admin/Laporan.php(46): CodeIgniter\BaseModel->findAll()
 5 SYSTEMPATH/CodeIgniter.php(919): App\Controllers\Admin\Laporan->index()
 6 SYSTEMPATH/CodeIgniter.php(494): CodeIgniter\CodeIgniter->runController()
 7 SYSTEMPATH/CodeIgniter.php(353): CodeIgniter\CodeIgniter->handleRequest()
 8 FCPATH/index.php(79): CodeIgniter\CodeIgniter->run()
 9 SYSTEMPATH/Commands/Server/rewrite.php(47): require_once('/home/imam/projects/perpus/public/index.php')
INFO - 2023-10-06 13:44:53 --> Session: Class initialized using 'CodeIgniter\Session\Handlers\FileHandler' driver.
INFO - 2023-10-06 13:46:13 --> Session: Class initialized using 'CodeIgniter\Session\Handlers\FileHandler' driver.
INFO - 2023-10-06 13:46:18 --> Session: Class initialized using 'CodeIgniter\Session\Handlers\FileHandler' driver.
INFO - 2023-10-06 20:46:22 --> Session: Class initialized using 'CodeIgniter\Session\Handlers\FileHandler' driver.
INFO - 2023-10-06 20:46:25 --> Session: Class initialized using 'CodeIgniter\Session\Handlers\FileHandler' driver.
INFO - 2023-10-06 20:46:28 --> Session: Class initialized using 'CodeIgniter\Session\Handlers\FileHandler' driver.
INFO - 2023-10-06 20:46:28 --> Session: Class initialized using 'CodeIgniter\Session\Handlers\FileHandler' driver.
INFO - 2023-10-06 13:46:33 --> Session: Class initialized using 'CodeIgniter\Session\Handlers\FileHandler' driver.
INFO - 2023-10-06 13:46:44 --> Session: Class initialized using 'CodeIgniter\Session\Handlers\FileHandler' driver.
INFO - 2023-10-06 13:48:01 --> Session: Class initialized using 'CodeIgniter\Session\Handlers\FileHandler' driver.
ERROR - 2023-10-06 13:48:01 --> mysqli_sql_exception: You have an error in your SQL syntax; check the manual that corresponds to your MariaDB server version for the right syntax to use near ' kembali <= '2023-10-18'
AND `status` = 'kembali'' at line 10 in /home/imam/projects/perpus/vendor/codeigniter4/framework/system/Database/MySQLi/Connection.php:306
Stack trace:
#0 /home/imam/projects/perpus/vendor/codeigniter4/framework/system/Database/MySQLi/Connection.php(306): mysqli->query()
#1 /home/imam/projects/perpus/vendor/codeigniter4/framework/system/Database/BaseConnection.php(692): CodeIgniter\Database\MySQLi\Connection->execute()
#2 /home/imam/projects/perpus/vendor/codeigniter4/framework/system/Database/BaseConnection.php(606): CodeIgniter\Database\BaseConnection->simpleQuery()
#3 /home/imam/projects/perpus/vendor/codeigniter4/framework/system/Database/BaseBuilder.php(1615): CodeIgniter\Database\BaseConnection->query()
#4 /home/imam/projects/perpus/vendor/codeigniter4/framework/system/Model.php(237): CodeIgniter\Database\BaseBuilder->get()
#5 /home/imam/projects/perpus/vendor/codeigniter4/framework/system/BaseModel.php(624): CodeIgniter\Model->doFindAll()
#6 /home/imam/projects/perpus/app/Controllers/Admin/Laporan.php(47): CodeIgniter\BaseModel->findAll()
#7 /home/imam/projects/perpus/vendor/codeigniter4/framework/system/CodeIgniter.php(919): App\Controllers\Admin\Laporan->index()
#8 /home/imam/projects/perpus/vendor/codeigniter4/framework/system/CodeIgniter.php(494): CodeIgniter\CodeIgniter->runController()
#9 /home/imam/projects/perpus/vendor/codeigniter4/framework/system/CodeIgniter.php(353): CodeIgniter\CodeIgniter->handleRequest()
#10 /home/imam/projects/perpus/public/index.php(79): CodeIgniter\CodeIgniter->run()
#11 /home/imam/projects/perpus/vendor/codeigniter4/framework/system/Commands/Server/rewrite.php(47): require_once('...')
#12 {main}
CRITICAL - 2023-10-06 13:48:01 --> You have an error in your SQL syntax; check the manual that corresponds to your MariaDB server version for the right syntax to use near ' kembali <= '2023-10-18'
AND `status` = 'kembali'' at line 10
in SYSTEMPATH/Database/BaseConnection.php on line 646.
 1 SYSTEMPATH/Database/BaseBuilder.php(1615): CodeIgniter\Database\BaseConnection->query()
 2 SYSTEMPATH/Model.php(237): CodeIgniter\Database\BaseBuilder->get()
 3 SYSTEMPATH/BaseModel.php(624): CodeIgniter\Model->doFindAll()
 4 APPPATH/Controllers/Admin/Laporan.php(47): CodeIgniter\BaseModel->findAll()
 5 SYSTEMPATH/CodeIgniter.php(919): App\Controllers\Admin\Laporan->index()
 6 SYSTEMPATH/CodeIgniter.php(494): CodeIgniter\CodeIgniter->runController()
 7 SYSTEMPATH/CodeIgniter.php(353): CodeIgniter\CodeIgniter->handleRequest()
 8 FCPATH/index.php(79): CodeIgniter\CodeIgniter->run()
 9 SYSTEMPATH/Commands/Server/rewrite.php(47): require_once('/home/imam/projects/perpus/public/index.php')
INFO - 2023-10-06 13:50:55 --> Session: Class initialized using 'CodeIgniter\Session\Handlers\FileHandler' driver.
INFO - 2023-10-06 13:51:07 --> Session: Class initialized using 'CodeIgniter\Session\Handlers\FileHandler' driver.
INFO - 2023-10-06 13:51:17 --> Session: Class initialized using 'CodeIgniter\Session\Handlers\FileHandler' driver.
INFO - 2023-10-06 13:51:25 --> Session: Class initialized using 'CodeIgniter\Session\Handlers\FileHandler' driver.
INFO - 2023-10-06 13:51:32 --> Session: Class initialized using 'CodeIgniter\Session\Handlers\FileHandler' driver.
INFO - 2023-10-06 13:53:34 --> Session: Class initialized using 'CodeIgniter\Session\Handlers\FileHandler' driver.
INFO - 2023-10-06 13:53:42 --> Session: Class initialized using 'CodeIgniter\Session\Handlers\FileHandler' driver.
INFO - 2023-10-06 13:53:50 --> Session: Class initialized using 'CodeIgniter\Session\Handlers\FileHandler' driver.
INFO - 2023-10-06 14:01:11 --> Session: Class initialized using 'CodeIgniter\Session\Handlers\FileHandler' driver.
INFO - 2023-10-06 14:01:37 --> Session: Class initialized using 'CodeIgniter\Session\Handlers\FileHandler' driver.
INFO - 2023-10-06 14:01:48 --> Session: Class initialized using 'CodeIgniter\Session\Handlers\FileHandler' driver.
INFO - 2023-10-06 14:01:55 --> Session: Class initialized using 'CodeIgniter\Session\Handlers\FileHandler' driver.
INFO - 2023-10-06 14:02:01 --> Session: Class initialized using 'CodeIgniter\Session\Handlers\FileHandler' driver.
INFO - 2023-10-06 14:02:24 --> Session: Class initialized using 'CodeIgniter\Session\Handlers\FileHandler' driver.
ERROR - 2023-10-06 14:02:24 --> mysqli_sql_exception: Column 'nis' in where clause is ambiguous in /home/imam/projects/perpus/vendor/codeigniter4/framework/system/Database/MySQLi/Connection.php:306
Stack trace:
#0 /home/imam/projects/perpus/vendor/codeigniter4/framework/system/Database/MySQLi/Connection.php(306): mysqli->query()
#1 /home/imam/projects/perpus/vendor/codeigniter4/framework/system/Database/BaseConnection.php(692): CodeIgniter\Database\MySQLi\Connection->execute()
#2 /home/imam/projects/perpus/vendor/codeigniter4/framework/system/Database/BaseConnection.php(606): CodeIgniter\Database\BaseConnection->simpleQuery()
#3 /home/imam/projects/perpus/vendor/codeigniter4/framework/system/Database/BaseBuilder.php(1615): CodeIgniter\Database\BaseConnection->query()
#4 /home/imam/projects/perpus/vendor/codeigniter4/framework/system/Model.php(237): CodeIgniter\Database\BaseBuilder->get()
#5 /home/imam/projects/perpus/vendor/codeigniter4/framework/system/BaseModel.php(624): CodeIgniter\Model->doFindAll()
#6 /home/imam/projects/perpus/app/Controllers/Admin/Laporan.php(58): CodeIgniter\BaseModel->findAll()
#7 /home/imam/projects/perpus/vendor/codeigniter4/framework/system/CodeIgniter.php(919): App\Controllers\Admin\Laporan->index()
#8 /home/imam/projects/perpus/vendor/codeigniter4/framework/system/CodeIgniter.php(494): CodeIgniter\CodeIgniter->runController()
#9 /home/imam/projects/perpus/vendor/codeigniter4/framework/system/CodeIgniter.php(353): CodeIgniter\CodeIgniter->handleRequest()
#10 /home/imam/projects/perpus/public/index.php(79): CodeIgniter\CodeIgniter->run()
#11 /home/imam/projects/perpus/vendor/codeigniter4/framework/system/Commands/Server/rewrite.php(47): require_once('...')
#12 {main}
CRITICAL - 2023-10-06 14:02:24 --> Column 'nis' in where clause is ambiguous
in SYSTEMPATH/Database/BaseConnection.php on line 646.
 1 SYSTEMPATH/Database/BaseBuilder.php(1615): CodeIgniter\Database\BaseConnection->query()
 2 SYSTEMPATH/Model.php(237): CodeIgniter\Database\BaseBuilder->get()
 3 SYSTEMPATH/BaseModel.php(624): CodeIgniter\Model->doFindAll()
 4 APPPATH/Controllers/Admin/Laporan.php(58): CodeIgniter\BaseModel->findAll()
 5 SYSTEMPATH/CodeIgniter.php(919): App\Controllers\Admin\Laporan->index()
 6 SYSTEMPATH/CodeIgniter.php(494): CodeIgniter\CodeIgniter->runController()
 7 SYSTEMPATH/CodeIgniter.php(353): CodeIgniter\CodeIgniter->handleRequest()
 8 FCPATH/index.php(79): CodeIgniter\CodeIgniter->run()
 9 SYSTEMPATH/Commands/Server/rewrite.php(47): require_once('/home/imam/projects/perpus/public/index.php')
INFO - 2023-10-06 14:02:51 --> Session: Class initialized using 'CodeIgniter\Session\Handlers\FileHandler' driver.
INFO - 2023-10-06 14:02:57 --> Session: Class initialized using 'CodeIgniter\Session\Handlers\FileHandler' driver.
INFO - 2023-10-06 14:03:10 --> Session: Class initialized using 'CodeIgniter\Session\Handlers\FileHandler' driver.
INFO - 2023-10-06 14:03:18 --> Session: Class initialized using 'CodeIgniter\Session\Handlers\FileHandler' driver.
INFO - 2023-10-06 14:03:50 --> Session: Class initialized using 'CodeIgniter\Session\Handlers\FileHandler' driver.
INFO - 2023-10-06 14:18:46 --> Session: Class initialized using 'CodeIgniter\Session\Handlers\FileHandler' driver.
INFO - 2023-10-06 14:20:18 --> Session: Class initialized using 'CodeIgniter\Session\Handlers\FileHandler' driver.
CRITICAL - 2023-10-06 14:20:18 --> syntax error, unexpected token "endforeach", expecting end of file
in APPPATH/Views/admin/laporan/tablelaporan.php on line 43.
 1 SYSTEMPATH/View/View.php(229): CodeIgniter\View\View->CodeIgniter\View\{closure}()
 2 SYSTEMPATH/Common.php(1188): CodeIgniter\View\View->render()
 3 APPPATH/Controllers/Admin/Laporan.php(99): view()
 4 SYSTEMPATH/CodeIgniter.php(919): App\Controllers\Admin\Laporan->index()
 5 SYSTEMPATH/CodeIgniter.php(494): CodeIgniter\CodeIgniter->runController()
 6 SYSTEMPATH/CodeIgniter.php(353): CodeIgniter\CodeIgniter->handleRequest()
 7 FCPATH/index.php(79): CodeIgniter\CodeIgniter->run()
 8 SYSTEMPATH/Commands/Server/rewrite.php(47): require_once('/home/imam/projects/perpus/public/index.php')
INFO - 2023-10-06 14:21:55 --> Session: Class initialized using 'CodeIgniter\Session\Handlers\FileHandler' driver.
INFO - 2023-10-06 14:23:08 --> Session: Class initialized using 'CodeIgniter\Session\Handlers\FileHandler' driver.
INFO - 2023-10-06 14:23:25 --> Session: Class initialized using 'CodeIgniter\Session\Handlers\FileHandler' driver.
INFO - 2023-10-06 14:23:59 --> Session: Class initialized using 'CodeIgniter\Session\Handlers\FileHandler' driver.
INFO - 2023-10-06 14:25:11 --> Session: Class initialized using 'CodeIgniter\Session\Handlers\FileHandler' driver.
INFO - 2023-10-06 14:25:14 --> Session: Class initialized using 'CodeIgniter\Session\Handlers\FileHandler' driver.
INFO - 2023-10-06 14:26:46 --> Session: Class initialized using 'CodeIgniter\Session\Handlers\FileHandler' driver.
ERROR - 2023-10-06 14:26:46 --> mysqli_sql_exception: Unknown column 'kelas' in 'where clause' in /home/imam/projects/perpus/vendor/codeigniter4/framework/system/Database/MySQLi/Connection.php:306
Stack trace:
#0 /home/imam/projects/perpus/vendor/codeigniter4/framework/system/Database/MySQLi/Connection.php(306): mysqli->query()
#1 /home/imam/projects/perpus/vendor/codeigniter4/framework/system/Database/BaseConnection.php(692): CodeIgniter\Database\MySQLi\Connection->execute()
#2 /home/imam/projects/perpus/vendor/codeigniter4/framework/system/Database/BaseConnection.php(606): CodeIgniter\Database\BaseConnection->simpleQuery()
#3 /home/imam/projects/perpus/vendor/codeigniter4/framework/system/Database/BaseBuilder.php(1615): CodeIgniter\Database\BaseConnection->query()
#4 /home/imam/projects/perpus/vendor/codeigniter4/framework/system/Model.php(237): CodeIgniter\Database\BaseBuilder->get()
#5 /home/imam/projects/perpus/vendor/codeigniter4/framework/system/BaseModel.php(624): CodeIgniter\Model->doFindAll()
#6 /home/imam/projects/perpus/app/Controllers/Admin/Laporan.php(74): CodeIgniter\BaseModel->findAll()
#7 /home/imam/projects/perpus/vendor/codeigniter4/framework/system/CodeIgniter.php(919): App\Controllers\Admin\Laporan->index()
#8 /home/imam/projects/perpus/vendor/codeigniter4/framework/system/CodeIgniter.php(494): CodeIgniter\CodeIgniter->runController()
#9 /home/imam/projects/perpus/vendor/codeigniter4/framework/system/CodeIgniter.php(353): CodeIgniter\CodeIgniter->handleRequest()
#10 /home/imam/projects/perpus/public/index.php(79): CodeIgniter\CodeIgniter->run()
#11 /home/imam/projects/perpus/vendor/codeigniter4/framework/system/Commands/Server/rewrite.php(47): require_once('...')
#12 {main}
CRITICAL - 2023-10-06 14:26:46 --> Unknown column 'kelas' in 'where clause'
in SYSTEMPATH/Database/BaseConnection.php on line 646.
 1 SYSTEMPATH/Database/BaseBuilder.php(1615): CodeIgniter\Database\BaseConnection->query()
 2 SYSTEMPATH/Model.php(237): CodeIgniter\Database\BaseBuilder->get()
 3 SYSTEMPATH/BaseModel.php(624): CodeIgniter\Model->doFindAll()
 4 APPPATH/Controllers/Admin/Laporan.php(74): CodeIgniter\BaseModel->findAll()
 5 SYSTEMPATH/CodeIgniter.php(919): App\Controllers\Admin\Laporan->index()
 6 SYSTEMPATH/CodeIgniter.php(494): CodeIgniter\CodeIgniter->runController()
 7 SYSTEMPATH/CodeIgniter.php(353): CodeIgniter\CodeIgniter->handleRequest()
 8 FCPATH/index.php(79): CodeIgniter\CodeIgniter->run()
 9 SYSTEMPATH/Commands/Server/rewrite.php(47): require_once('/home/imam/projects/perpus/public/index.php')
INFO - 2023-10-06 14:27:22 --> Session: Class initialized using 'CodeIgniter\Session\Handlers\FileHandler' driver.
INFO - 2023-10-06 14:27:26 --> Session: Class initialized using 'CodeIgniter\Session\Handlers\FileHandler' driver.
INFO - 2023-10-06 14:36:19 --> Session: Class initialized using 'CodeIgniter\Session\Handlers\FileHandler' driver.
INFO - 2023-10-06 14:38:46 --> Session: Class initialized using 'CodeIgniter\Session\Handlers\FileHandler' driver.
INFO - 2023-10-06 14:38:58 --> Session: Class initialized using 'CodeIgniter\Session\Handlers\FileHandler' driver.
INFO - 2023-10-06 14:39:58 --> Session: Class initialized using 'CodeIgniter\Session\Handlers\FileHandler' driver.
INFO - 2023-10-06 14:42:34 --> Session: Class initialized using 'CodeIgniter\Session\Handlers\FileHandler' driver.
INFO - 2023-10-06 14:42:39 --> Session: Class initialized using 'CodeIgniter\Session\Handlers\FileHandler' driver.
INFO - 2023-10-06 14:42:46 --> Session: Class initialized using 'CodeIgniter\Session\Handlers\FileHandler' driver.
INFO - 2023-10-06 14:45:26 --> Session: Class initialized using 'CodeIgniter\Session\Handlers\FileHandler' driver.
INFO - 2023-10-06 14:45:30 --> Session: Class initialized using 'CodeIgniter\Session\Handlers\FileHandler' driver.
INFO - 2023-10-06 14:45:35 --> Session: Class initialized using 'CodeIgniter\Session\Handlers\FileHandler' driver.
INFO - 2023-10-06 14:45:55 --> Session: Class initialized using 'CodeIgniter\Session\Handlers\FileHandler' driver.
INFO - 2023-10-06 14:46:09 --> Session: Class initialized using 'CodeIgniter\Session\Handlers\FileHandler' driver.
INFO - 2023-10-06 14:46:22 --> Session: Class initialized using 'CodeIgniter\Session\Handlers\FileHandler' driver.
INFO - 2023-10-06 14:46:36 --> Session: Class initialized using 'CodeIgniter\Session\Handlers\FileHandler' driver.
INFO - 2023-10-06 14:47:46 --> Session: Class initialized using 'CodeIgniter\Session\Handlers\FileHandler' driver.
INFO - 2023-10-06 14:47:52 --> Session: Class initialized using 'CodeIgniter\Session\Handlers\FileHandler' driver.
INFO - 2023-10-06 14:47:58 --> Session: Class initialized using 'CodeIgniter\Session\Handlers\FileHandler' driver.
INFO - 2023-10-06 14:48:04 --> Session: Class initialized using 'CodeIgniter\Session\Handlers\FileHandler' driver.
INFO - 2023-10-06 14:48:41 --> Session: Class initialized using 'CodeIgniter\Session\Handlers\FileHandler' driver.
INFO - 2023-10-06 14:49:05 --> Session: Class initialized using 'CodeIgniter\Session\Handlers\FileHandler' driver.
INFO - 2023-10-06 14:49:10 --> Session: Class initialized using 'CodeIgniter\Session\Handlers\FileHandler' driver.
INFO - 2023-10-06 14:49:16 --> Session: Class initialized using 'CodeIgniter\Session\Handlers\FileHandler' driver.
INFO - 2023-10-06 14:49:19 --> Session: Class initialized using 'CodeIgniter\Session\Handlers\FileHandler' driver.
INFO - 2023-10-06 14:51:48 --> Session: Class initialized using 'CodeIgniter\Session\Handlers\FileHandler' driver.
INFO - 2023-10-06 14:52:26 --> Session: Class initialized using 'CodeIgniter\Session\Handlers\FileHandler' driver.
INFO - 2023-10-06 14:52:30 --> Session: Class initialized using 'CodeIgniter\Session\Handlers\FileHandler' driver.
INFO - 2023-10-06 15:05:35 --> Session: Class initialized using 'CodeIgniter\Session\Handlers\FileHandler' driver.
CRITICAL - 2023-10-06 15:05:35 --> Undefined property: App\Controllers\Admin\Laporan::$setTrans
in APPPATH/Controllers/Admin/Laporan.php on line 97.
 1 APPPATH/Controllers/Admin/Laporan.php(97): CodeIgniter\Debug\Exceptions->errorHandler()
 2 SYSTEMPATH/CodeIgniter.php(919): App\Controllers\Admin\Laporan->index()
 3 SYSTEMPATH/CodeIgniter.php(494): CodeIgniter\CodeIgniter->runController()
 4 SYSTEMPATH/CodeIgniter.php(353): CodeIgniter\CodeIgniter->handleRequest()
 5 FCPATH/index.php(79): CodeIgniter\CodeIgniter->run()
 6 SYSTEMPATH/Commands/Server/rewrite.php(47): require_once('/home/imam/projects/perpus/public/index.php')
INFO - 2023-10-06 15:05:53 --> Session: Class initialized using 'CodeIgniter\Session\Handlers\FileHandler' driver.
CRITICAL - 2023-10-06 15:05:53 --> Undefined variable $p
in APPPATH/Controllers/Admin/Laporan.php on line 104.
 1 APPPATH/Controllers/Admin/Laporan.php(104): CodeIgniter\Debug\Exceptions->errorHandler()
 2 SYSTEMPATH/CodeIgniter.php(919): App\Controllers\Admin\Laporan->index()
 3 SYSTEMPATH/CodeIgniter.php(494): CodeIgniter\CodeIgniter->runController()
 4 SYSTEMPATH/CodeIgniter.php(353): CodeIgniter\CodeIgniter->handleRequest()
 5 FCPATH/index.php(79): CodeIgniter\CodeIgniter->run()
 6 SYSTEMPATH/Commands/Server/rewrite.php(47): require_once('/home/imam/projects/perpus/public/index.php')
INFO - 2023-10-06 15:06:08 --> Session: Class initialized using 'CodeIgniter\Session\Handlers\FileHandler' driver.
CRITICAL - 2023-10-06 15:06:08 --> Undefined variable $hasillap
in APPPATH/Controllers/Admin/Laporan.php on line 122.
 1 APPPATH/Controllers/Admin/Laporan.php(122): CodeIgniter\Debug\Exceptions->errorHandler()
 2 SYSTEMPATH/CodeIgniter.php(919): App\Controllers\Admin\Laporan->index()
 3 SYSTEMPATH/CodeIgniter.php(494): CodeIgniter\CodeIgniter->runController()
 4 SYSTEMPATH/CodeIgniter.php(353): CodeIgniter\CodeIgniter->handleRequest()
 5 FCPATH/index.php(79): CodeIgniter\CodeIgniter->run()
 6 SYSTEMPATH/Commands/Server/rewrite.php(47): require_once('/home/imam/projects/perpus/public/index.php')
INFO - 2023-10-06 15:06:56 --> Session: Class initialized using 'CodeIgniter\Session\Handlers\FileHandler' driver.
INFO - 2023-10-06 15:07:39 --> Session: Class initialized using 'CodeIgniter\Session\Handlers\FileHandler' driver.
INFO - 2023-10-06 15:08:54 --> Session: Class initialized using 'CodeIgniter\Session\Handlers\FileHandler' driver.
INFO - 2023-10-06 15:09:07 --> Session: Class initialized using 'CodeIgniter\Session\Handlers\FileHandler' driver.
INFO - 2023-10-06 15:09:20 --> Session: Class initialized using 'CodeIgniter\Session\Handlers\FileHandler' driver.
INFO - 2023-10-06 22:10:19 --> Session: Class initialized using 'CodeIgniter\Session\Handlers\FileHandler' driver.
