CRITICAL - 2023-09-19 15:30:19 --> Call to undefined method CodeIgniter\View\View::require()
in APPPATH/Views/admin/template/template.php on line 3.
 1 SYSTEMPATH/View/View.php(226): include()
 2 SYSTEMPATH/View/View.php(229): CodeIgniter\View\View->CodeIgniter\View\{closure}()
 3 SYSTEMPATH/Common.php(1188): CodeIgniter\View\View->render()
 4 APPPATH/Controllers/Home.php(9): view()
 5 SYSTEMPATH/CodeIgniter.php(919): App\Controllers\Home->index()
 6 SYSTEMPATH/CodeIgniter.php(494): CodeIgniter\CodeIgniter->runController()
 7 SYSTEMPATH/CodeIgniter.php(353): CodeIgniter\CodeIgniter->handleRequest()
 8 FCPATH/index.php(79): CodeIgniter\CodeIgniter->run()
 9 SYSTEMPATH/Commands/Server/rewrite.php(47): require_once('/home/imam/projects/perpus/public/index.php')
CRITICAL - 2023-09-19 16:06:43 --> Invalid file: "admin/dashboard.php"
in SYSTEMPATH/Exceptions/FrameworkException.php on line 39.
 1 SYSTEMPATH/View/View.php(214): CodeIgniter\Exceptions\FrameworkException::forInvalidFile()
 2 SYSTEMPATH/Common.php(1188): CodeIgniter\View\View->render()
 3 APPPATH/Controllers/Admin/Dashboard.php(11): view()
 4 SYSTEMPATH/CodeIgniter.php(919): App\Controllers\Admin\Dashboard->index()
 5 SYSTEMPATH/CodeIgniter.php(494): CodeIgniter\CodeIgniter->runController()
 6 SYSTEMPATH/CodeIgniter.php(353): CodeIgniter\CodeIgniter->handleRequest()
 7 FCPATH/index.php(79): CodeIgniter\CodeIgniter->run()
 8 SYSTEMPATH/Commands/Server/rewrite.php(47): require_once('/home/imam/projects/perpus/public/index.php')
CRITICAL - 2023-09-19 16:38:04 --> Undefined variable $title
in APPPATH/Views/admin/template/head.php on line 4.
 1 APPPATH/Views/admin/template/head.php(4): CodeIgniter\Debug\Exceptions->errorHandler()
 2 SYSTEMPATH/View/View.php(226): include('/home/imam/projects/perpus/app/Views/admin/template/head.php')
 3 SYSTEMPATH/View/View.php(229): CodeIgniter\View\View->CodeIgniter\View\{closure}()
 4 SYSTEMPATH/View/View.php(467): CodeIgniter\View\View->render()
 5 APPPATH/Views/admin/template/template.php(3): CodeIgniter\View\View->include()
 6 SYSTEMPATH/View/View.php(226): include('/home/imam/projects/perpus/app/Views/admin/template/template.php')
 7 SYSTEMPATH/View/View.php(229): CodeIgniter\View\View->CodeIgniter\View\{closure}()
 8 SYSTEMPATH/View/View.php(242): CodeIgniter\View\View->render()
 9 SYSTEMPATH/Common.php(1188): CodeIgniter\View\View->render()
10 APPPATH/Controllers/Admin/Dashboard.php(11): view()
11 SYSTEMPATH/CodeIgniter.php(919): App\Controllers\Admin\Dashboard->index()
12 SYSTEMPATH/CodeIgniter.php(494): CodeIgniter\CodeIgniter->runController()
13 SYSTEMPATH/CodeIgniter.php(353): CodeIgniter\CodeIgniter->handleRequest()
14 FCPATH/index.php(79): CodeIgniter\CodeIgniter->run()
15 SYSTEMPATH/Commands/Server/rewrite.php(47): require_once('/home/imam/projects/perpus/public/index.php')
CRITICAL - 2023-09-19 16:38:59 --> Undefined variable $title
in APPPATH/Views/admin/template/head.php on line 4.
 1 APPPATH/Views/admin/template/head.php(4): CodeIgniter\Debug\Exceptions->errorHandler()
 2 SYSTEMPATH/View/View.php(226): include('/home/imam/projects/perpus/app/Views/admin/template/head.php')
 3 SYSTEMPATH/View/View.php(229): CodeIgniter\View\View->CodeIgniter\View\{closure}()
 4 SYSTEMPATH/View/View.php(467): CodeIgniter\View\View->render()
 5 APPPATH/Views/admin/template/template.php(3): CodeIgniter\View\View->include()
 6 SYSTEMPATH/View/View.php(226): include('/home/imam/projects/perpus/app/Views/admin/template/template.php')
 7 SYSTEMPATH/View/View.php(229): CodeIgniter\View\View->CodeIgniter\View\{closure}()
 8 SYSTEMPATH/View/View.php(242): CodeIgniter\View\View->render()
 9 SYSTEMPATH/Common.php(1188): CodeIgniter\View\View->render()
10 APPPATH/Controllers/Admin/Dashboard.php(14): view()
11 SYSTEMPATH/CodeIgniter.php(919): App\Controllers\Admin\Dashboard->index()
12 SYSTEMPATH/CodeIgniter.php(494): CodeIgniter\CodeIgniter->runController()
13 SYSTEMPATH/CodeIgniter.php(353): CodeIgniter\CodeIgniter->handleRequest()
14 FCPATH/index.php(79): CodeIgniter\CodeIgniter->run()
15 SYSTEMPATH/Commands/Server/rewrite.php(47): require_once('/home/imam/projects/perpus/public/index.php')
CRITICAL - 2023-09-19 16:39:01 --> Undefined variable $title
in APPPATH/Views/admin/template/head.php on line 4.
 1 APPPATH/Views/admin/template/head.php(4): CodeIgniter\Debug\Exceptions->errorHandler()
 2 SYSTEMPATH/View/View.php(226): include('/home/imam/projects/perpus/app/Views/admin/template/head.php')
 3 SYSTEMPATH/View/View.php(229): CodeIgniter\View\View->CodeIgniter\View\{closure}()
 4 SYSTEMPATH/View/View.php(467): CodeIgniter\View\View->render()
 5 APPPATH/Views/admin/template/template.php(3): CodeIgniter\View\View->include()
 6 SYSTEMPATH/View/View.php(226): include('/home/imam/projects/perpus/app/Views/admin/template/template.php')
 7 SYSTEMPATH/View/View.php(229): CodeIgniter\View\View->CodeIgniter\View\{closure}()
 8 SYSTEMPATH/View/View.php(242): CodeIgniter\View\View->render()
 9 SYSTEMPATH/Common.php(1188): CodeIgniter\View\View->render()
10 APPPATH/Controllers/Admin/Dashboard.php(14): view()
11 SYSTEMPATH/CodeIgniter.php(919): App\Controllers\Admin\Dashboard->index()
12 SYSTEMPATH/CodeIgniter.php(494): CodeIgniter\CodeIgniter->runController()
13 SYSTEMPATH/CodeIgniter.php(353): CodeIgniter\CodeIgniter->handleRequest()
14 FCPATH/index.php(79): CodeIgniter\CodeIgniter->run()
15 SYSTEMPATH/Commands/Server/rewrite.php(47): require_once('/home/imam/projects/perpus/public/index.php')
CRITICAL - 2023-09-19 16:39:02 --> Undefined variable $title
in APPPATH/Views/admin/template/head.php on line 4.
 1 APPPATH/Views/admin/template/head.php(4): CodeIgniter\Debug\Exceptions->errorHandler()
 2 SYSTEMPATH/View/View.php(226): include('/home/imam/projects/perpus/app/Views/admin/template/head.php')
 3 SYSTEMPATH/View/View.php(229): CodeIgniter\View\View->CodeIgniter\View\{closure}()
 4 SYSTEMPATH/View/View.php(467): CodeIgniter\View\View->render()
 5 APPPATH/Views/admin/template/template.php(3): CodeIgniter\View\View->include()
 6 SYSTEMPATH/View/View.php(226): include('/home/imam/projects/perpus/app/Views/admin/template/template.php')
 7 SYSTEMPATH/View/View.php(229): CodeIgniter\View\View->CodeIgniter\View\{closure}()
 8 SYSTEMPATH/View/View.php(242): CodeIgniter\View\View->render()
 9 SYSTEMPATH/Common.php(1188): CodeIgniter\View\View->render()
10 APPPATH/Controllers/Admin/Dashboard.php(14): view()
11 SYSTEMPATH/CodeIgniter.php(919): App\Controllers\Admin\Dashboard->index()
12 SYSTEMPATH/CodeIgniter.php(494): CodeIgniter\CodeIgniter->runController()
13 SYSTEMPATH/CodeIgniter.php(353): CodeIgniter\CodeIgniter->handleRequest()
14 FCPATH/index.php(79): CodeIgniter\CodeIgniter->run()
15 SYSTEMPATH/Commands/Server/rewrite.php(47): require_once('/home/imam/projects/perpus/public/index.php')
