CRITICAL - 2023-09-20 02:22:45 --> Undefined constant "pustakawan"
in APPPATH/Views/admin/kelas/tablekelas.php on line 15.
 1 SYSTEMPATH/View/View.php(226): include()
 2 SYSTEMPATH/View/View.php(229): CodeIgniter\View\View->CodeIgniter\View\{closure}()
 3 SYSTEMPATH/Common.php(1188): CodeIgniter\View\View->render()
 4 APPPATH/Controllers/Admin/Kelas.php(14): view()
 5 SYSTEMPATH/CodeIgniter.php(919): App\Controllers\Admin\Kelas->index()
 6 SYSTEMPATH/CodeIgniter.php(494): CodeIgniter\CodeIgniter->runController()
 7 SYSTEMPATH/CodeIgniter.php(353): CodeIgniter\CodeIgniter->handleRequest()
 8 FCPATH/index.php(79): CodeIgniter\CodeIgniter->run()
 9 SYSTEMPATH/Commands/Server/rewrite.php(47): require_once('/home/imam/projects/perpus/public/index.php')
CRITICAL - 2023-09-20 05:32:10 --> Invalid file: "admin/kelas/tabletahun.php"
in SYSTEMPATH/Exceptions/FrameworkException.php on line 39.
 1 SYSTEMPATH/View/View.php(214): CodeIgniter\Exceptions\FrameworkException::forInvalidFile()
 2 SYSTEMPATH/Common.php(1188): CodeIgniter\View\View->render()
 3 APPPATH/Controllers/Admin/Tahun.php(14): view()
 4 SYSTEMPATH/CodeIgniter.php(919): App\Controllers\Admin\Tahun->index()
 5 SYSTEMPATH/CodeIgniter.php(494): CodeIgniter\CodeIgniter->runController()
 6 SYSTEMPATH/CodeIgniter.php(353): CodeIgniter\CodeIgniter->handleRequest()
 7 FCPATH/index.php(79): CodeIgniter\CodeIgniter->run()
 8 SYSTEMPATH/Commands/Server/rewrite.php(47): require_once('/home/imam/projects/perpus/public/index.php')
CRITICAL - 2023-09-20 14:41:21 --> Cannot redeclare App\Controllers\Admin\Cetak::cetak()
in APPPATH/Controllers/Admin/Cetak.php on line 33.
 1 [internal function]: CodeIgniter\Debug\Exceptions->shutdownHandler()
