ERROR - 2023-10-09 08:17:53 --> Error connecting to the database: mysqli_sql_exception: Connection refused in /home/imam/projects/perpus/vendor/codeigniter4/framework/system/Database/MySQLi/Connection.php:185
Stack trace:
#0 /home/imam/projects/perpus/vendor/codeigniter4/framework/system/Database/MySQLi/Connection.php(185): mysqli->real_connect()
#1 /home/imam/projects/perpus/vendor/codeigniter4/framework/system/Database/BaseConnection.php(391): CodeIgniter\Database\MySQLi\Connection->connect()
#2 /home/imam/projects/perpus/vendor/codeigniter4/framework/system/Database/BaseConnection.php(574): CodeIgniter\Database\BaseConnection->initialize()
#3 /home/imam/projects/perpus/vendor/codeigniter4/framework/system/Database/BaseBuilder.php(1615): CodeIgniter\Database\BaseConnection->query()
#4 /home/imam/projects/perpus/vendor/codeigniter4/framework/system/Model.php(264): CodeIgniter\Database\BaseBuilder->get()
#5 /home/imam/projects/perpus/vendor/codeigniter4/framework/system/BaseModel.php(662): CodeIgniter\Model->doFirst()
#6 /home/imam/projects/perpus/app/Controllers/BaseController.php(65): CodeIgniter\BaseModel->first()
#7 /home/imam/projects/perpus/vendor/codeigniter4/framework/system/CodeIgniter.php(892): App\Controllers\BaseController->initController()
#8 /home/imam/projects/perpus/vendor/codeigniter4/framework/system/CodeIgniter.php(485): CodeIgniter\CodeIgniter->createController()
#9 /home/imam/projects/perpus/vendor/codeigniter4/framework/system/CodeIgniter.php(353): CodeIgniter\CodeIgniter->handleRequest()
#10 /home/imam/projects/perpus/public/index.php(79): CodeIgniter\CodeIgniter->run()
#11 /home/imam/projects/perpus/vendor/codeigniter4/framework/system/Commands/Server/rewrite.php(47): require_once('...')
#12 {main}

Next CodeIgniter\Database\Exceptions\DatabaseException: Connection refused in /home/imam/projects/perpus/vendor/codeigniter4/framework/system/Database/MySQLi/Connection.php:229
Stack trace:
#0 /home/imam/projects/perpus/vendor/codeigniter4/framework/system/Database/BaseConnection.php(391): CodeIgniter\Database\MySQLi\Connection->connect()
#1 /home/imam/projects/perpus/vendor/codeigniter4/framework/system/Database/BaseConnection.php(574): CodeIgniter\Database\BaseConnection->initialize()
#2 /home/imam/projects/perpus/vendor/codeigniter4/framework/system/Database/BaseBuilder.php(1615): CodeIgniter\Database\BaseConnection->query()
#3 /home/imam/projects/perpus/vendor/codeigniter4/framework/system/Model.php(264): CodeIgniter\Database\BaseBuilder->get()
#4 /home/imam/projects/perpus/vendor/codeigniter4/framework/system/BaseModel.php(662): CodeIgniter\Model->doFirst()
#5 /home/imam/projects/perpus/app/Controllers/BaseController.php(65): CodeIgniter\BaseModel->first()
#6 /home/imam/projects/perpus/vendor/codeigniter4/framework/system/CodeIgniter.php(892): App\Controllers\BaseController->initController()
#7 /home/imam/projects/perpus/vendor/codeigniter4/framework/system/CodeIgniter.php(485): CodeIgniter\CodeIgniter->createController()
#8 /home/imam/projects/perpus/vendor/codeigniter4/framework/system/CodeIgniter.php(353): CodeIgniter\CodeIgniter->handleRequest()
#9 /home/imam/projects/perpus/public/index.php(79): CodeIgniter\CodeIgniter->run()
#10 /home/imam/projects/perpus/vendor/codeigniter4/framework/system/Commands/Server/rewrite.php(47): require_once('...')
#11 {main}
CRITICAL - 2023-10-09 08:17:53 --> Unable to connect to the database.
Main connection [MySQLi]: Connection refused
in SYSTEMPATH/Database/BaseConnection.php on line 427.
 1 SYSTEMPATH/Database/BaseConnection.php(574): CodeIgniter\Database\BaseConnection->initialize()
 2 SYSTEMPATH/Database/BaseBuilder.php(1615): CodeIgniter\Database\BaseConnection->query()
 3 SYSTEMPATH/Model.php(264): CodeIgniter\Database\BaseBuilder->get()
 4 SYSTEMPATH/BaseModel.php(662): CodeIgniter\Model->doFirst()
 5 APPPATH/Controllers/BaseController.php(65): CodeIgniter\BaseModel->first()
 6 SYSTEMPATH/CodeIgniter.php(892): App\Controllers\BaseController->initController()
 7 SYSTEMPATH/CodeIgniter.php(485): CodeIgniter\CodeIgniter->createController()
 8 SYSTEMPATH/CodeIgniter.php(353): CodeIgniter\CodeIgniter->handleRequest()
 9 FCPATH/index.php(79): CodeIgniter\CodeIgniter->run()
10 SYSTEMPATH/Commands/Server/rewrite.php(47): require_once('/home/imam/projects/perpus/public/index.php')
INFO - 2023-10-09 08:19:42 --> Session: Class initialized using 'CodeIgniter\Session\Handlers\FileHandler' driver.
INFO - 2023-10-09 08:19:42 --> Session: Class initialized using 'CodeIgniter\Session\Handlers\FileHandler' driver.
INFO - 2023-10-09 08:19:48 --> Session: Class initialized using 'CodeIgniter\Session\Handlers\FileHandler' driver.
INFO - 2023-10-09 15:19:49 --> Session: Class initialized using 'CodeIgniter\Session\Handlers\FileHandler' driver.
INFO - 2023-10-09 15:19:55 --> Session: Class initialized using 'CodeIgniter\Session\Handlers\FileHandler' driver.
INFO - 2023-10-09 08:20:03 --> Session: Class initialized using 'CodeIgniter\Session\Handlers\FileHandler' driver.
INFO - 2023-10-09 08:20:25 --> Session: Class initialized using 'CodeIgniter\Session\Handlers\FileHandler' driver.
INFO - 2023-10-09 08:20:45 --> Session: Class initialized using 'CodeIgniter\Session\Handlers\FileHandler' driver.
INFO - 2023-10-09 08:21:03 --> Session: Class initialized using 'CodeIgniter\Session\Handlers\FileHandler' driver.
INFO - 2023-10-09 08:31:59 --> Session: Class initialized using 'CodeIgniter\Session\Handlers\FileHandler' driver.
INFO - 2023-10-09 08:32:30 --> Session: Class initialized using 'CodeIgniter\Session\Handlers\FileHandler' driver.
CRITICAL - 2023-10-09 08:32:30 --> Call to a member function getResultArray() on null
in APPPATH/Controllers/Admin/Pengunjung.php on line 172.
 1 SYSTEMPATH/CodeIgniter.php(919): App\Controllers\Admin\Pengunjung->excel()
 2 SYSTEMPATH/CodeIgniter.php(494): CodeIgniter\CodeIgniter->runController()
 3 SYSTEMPATH/CodeIgniter.php(353): CodeIgniter\CodeIgniter->handleRequest()
 4 FCPATH/index.php(79): CodeIgniter\CodeIgniter->run()
 5 SYSTEMPATH/Commands/Server/rewrite.php(47): require_once('/home/imam/projects/perpus/public/index.php')
INFO - 2023-10-09 08:33:02 --> Session: Class initialized using 'CodeIgniter\Session\Handlers\FileHandler' driver.
CRITICAL - 2023-10-09 08:33:02 --> Class "App\Controllers\Admin\Spreadsheet" not found
in APPPATH/Controllers/Admin/Pengunjung.php on line 175.
 1 SYSTEMPATH/CodeIgniter.php(919): App\Controllers\Admin\Pengunjung->excel()
 2 SYSTEMPATH/CodeIgniter.php(494): CodeIgniter\CodeIgniter->runController()
 3 SYSTEMPATH/CodeIgniter.php(353): CodeIgniter\CodeIgniter->handleRequest()
 4 FCPATH/index.php(79): CodeIgniter\CodeIgniter->run()
 5 SYSTEMPATH/Commands/Server/rewrite.php(47): require_once('/home/imam/projects/perpus/public/index.php')
INFO - 2023-10-09 08:34:25 --> Session: Class initialized using 'CodeIgniter\Session\Handlers\FileHandler' driver.
CRITICAL - 2023-10-09 08:34:26 --> File path/to/logo.png not found!
in FCPATH/vendor/phpoffice/phpspreadsheet/src/PhpSpreadsheet/Worksheet/Drawing.php on line 134.
 1 APPPATH/Controllers/Admin/Pengunjung.php(184): PhpOffice\PhpSpreadsheet\Worksheet\Drawing->setPath()
 2 SYSTEMPATH/CodeIgniter.php(919): App\Controllers\Admin\Pengunjung->excel()
 3 SYSTEMPATH/CodeIgniter.php(494): CodeIgniter\CodeIgniter->runController()
 4 SYSTEMPATH/CodeIgniter.php(353): CodeIgniter\CodeIgniter->handleRequest()
 5 FCPATH/index.php(79): CodeIgniter\CodeIgniter->run()
 6 SYSTEMPATH/Commands/Server/rewrite.php(47): require_once('/home/imam/projects/perpus/public/index.php')
INFO - 2023-10-09 08:37:50 --> Session: Class initialized using 'CodeIgniter\Session\Handlers\FileHandler' driver.
CRITICAL - 2023-10-09 08:38:50 --> file_get_contents(http://localhost:8080/admin/img/1696780690_991060d38d3493c75439.png): Failed to open stream: HTTP request failed!
in FCPATH/vendor/phpoffice/phpspreadsheet/src/PhpSpreadsheet/Worksheet/Drawing.php on line 115.
 1 [internal function]: CodeIgniter\Debug\Exceptions->errorHandler()
 2 FCPATH/vendor/phpoffice/phpspreadsheet/src/PhpSpreadsheet/Worksheet/Drawing.php(115): file_get_contents()
 3 APPPATH/Controllers/Admin/Pengunjung.php(187): PhpOffice\PhpSpreadsheet\Worksheet\Drawing->setPath()
 4 SYSTEMPATH/CodeIgniter.php(919): App\Controllers\Admin\Pengunjung->excel()
 5 SYSTEMPATH/CodeIgniter.php(494): CodeIgniter\CodeIgniter->runController()
 6 SYSTEMPATH/CodeIgniter.php(353): CodeIgniter\CodeIgniter->handleRequest()
 7 FCPATH/index.php(79): CodeIgniter\CodeIgniter->run()
 8 SYSTEMPATH/Commands/Server/rewrite.php(47): require_once('/home/imam/projects/perpus/public/index.php')
INFO - 2023-10-09 08:38:50 --> Session: Class initialized using 'CodeIgniter\Session\Handlers\FileHandler' driver.
INFO - 2023-10-09 15:38:50 --> Session: Class initialized using 'CodeIgniter\Session\Handlers\FileHandler' driver.
INFO - 2023-10-09 08:38:50 --> Session: Class initialized using 'CodeIgniter\Session\Handlers\FileHandler' driver.
INFO - 2023-10-09 08:38:50 --> Session: Class initialized using 'CodeIgniter\Session\Handlers\FileHandler' driver.
INFO - 2023-10-09 08:38:51 --> Session: Class initialized using 'CodeIgniter\Session\Handlers\FileHandler' driver.
INFO - 2023-10-09 15:38:53 --> Session: Class initialized using 'CodeIgniter\Session\Handlers\FileHandler' driver.
INFO - 2023-10-09 08:39:02 --> Session: Class initialized using 'CodeIgniter\Session\Handlers\FileHandler' driver.
INFO - 2023-10-09 08:39:09 --> Session: Class initialized using 'CodeIgniter\Session\Handlers\FileHandler' driver.
INFO - 2023-10-09 15:39:09 --> Session: Class initialized using 'CodeIgniter\Session\Handlers\FileHandler' driver.
INFO - 2023-10-09 08:39:15 --> Session: Class initialized using 'CodeIgniter\Session\Handlers\FileHandler' driver.
INFO - 2023-10-09 08:39:20 --> Session: Class initialized using 'CodeIgniter\Session\Handlers\FileHandler' driver.
CRITICAL - 2023-10-09 08:40:20 --> file_get_contents(http://localhost:8080/admin/img/1696780690_991060d38d3493c75439.png): Failed to open stream: HTTP request failed!
in FCPATH/vendor/phpoffice/phpspreadsheet/src/PhpSpreadsheet/Worksheet/Drawing.php on line 115.
 1 [internal function]: CodeIgniter\Debug\Exceptions->errorHandler()
 2 FCPATH/vendor/phpoffice/phpspreadsheet/src/PhpSpreadsheet/Worksheet/Drawing.php(115): file_get_contents()
 3 APPPATH/Controllers/Admin/Pengunjung.php(187): PhpOffice\PhpSpreadsheet\Worksheet\Drawing->setPath()
 4 SYSTEMPATH/CodeIgniter.php(919): App\Controllers\Admin\Pengunjung->excel()
 5 SYSTEMPATH/CodeIgniter.php(494): CodeIgniter\CodeIgniter->runController()
 6 SYSTEMPATH/CodeIgniter.php(353): CodeIgniter\CodeIgniter->handleRequest()
 7 FCPATH/index.php(79): CodeIgniter\CodeIgniter->run()
 8 SYSTEMPATH/Commands/Server/rewrite.php(47): require_once('/home/imam/projects/perpus/public/index.php')
INFO - 2023-10-09 08:41:37 --> Session: Class initialized using 'CodeIgniter\Session\Handlers\FileHandler' driver.
CRITICAL - 2023-10-09 08:42:38 --> file_get_contents(http://localhost:8080/public/admin/img/1696780690_991060d38d3493c75439.png): Failed to open stream: HTTP request failed!
in FCPATH/vendor/phpoffice/phpspreadsheet/src/PhpSpreadsheet/Worksheet/Drawing.php on line 115.
 1 [internal function]: CodeIgniter\Debug\Exceptions->errorHandler()
 2 FCPATH/vendor/phpoffice/phpspreadsheet/src/PhpSpreadsheet/Worksheet/Drawing.php(115): file_get_contents()
 3 APPPATH/Controllers/Admin/Pengunjung.php(187): PhpOffice\PhpSpreadsheet\Worksheet\Drawing->setPath()
 4 SYSTEMPATH/CodeIgniter.php(919): App\Controllers\Admin\Pengunjung->excel()
 5 SYSTEMPATH/CodeIgniter.php(494): CodeIgniter\CodeIgniter->runController()
 6 SYSTEMPATH/CodeIgniter.php(353): CodeIgniter\CodeIgniter->handleRequest()
 7 FCPATH/index.php(79): CodeIgniter\CodeIgniter->run()
 8 SYSTEMPATH/Commands/Server/rewrite.php(47): require_once('/home/imam/projects/perpus/public/index.php')
INFO - 2023-10-09 08:42:38 --> Session: Class initialized using 'CodeIgniter\Session\Handlers\FileHandler' driver.
INFO - 2023-10-09 15:42:38 --> Session: Class initialized using 'CodeIgniter\Session\Handlers\FileHandler' driver.
INFO - 2023-10-09 08:42:38 --> Session: Class initialized using 'CodeIgniter\Session\Handlers\FileHandler' driver.
INFO - 2023-10-09 15:42:38 --> Session: Class initialized using 'CodeIgniter\Session\Handlers\FileHandler' driver.
INFO - 2023-10-09 08:42:38 --> Session: Class initialized using 'CodeIgniter\Session\Handlers\FileHandler' driver.
INFO - 2023-10-09 08:42:45 --> Session: Class initialized using 'CodeIgniter\Session\Handlers\FileHandler' driver.
CRITICAL - 2023-10-09 08:43:45 --> file_get_contents(http://localhost:8080/public/admin/img/1696780690_991060d38d3493c75439.png): Failed to open stream: HTTP request failed!
in FCPATH/vendor/phpoffice/phpspreadsheet/src/PhpSpreadsheet/Worksheet/Drawing.php on line 115.
 1 [internal function]: CodeIgniter\Debug\Exceptions->errorHandler()
 2 FCPATH/vendor/phpoffice/phpspreadsheet/src/PhpSpreadsheet/Worksheet/Drawing.php(115): file_get_contents()
 3 APPPATH/Controllers/Admin/Pengunjung.php(187): PhpOffice\PhpSpreadsheet\Worksheet\Drawing->setPath()
 4 SYSTEMPATH/CodeIgniter.php(919): App\Controllers\Admin\Pengunjung->excel()
 5 SYSTEMPATH/CodeIgniter.php(494): CodeIgniter\CodeIgniter->runController()
 6 SYSTEMPATH/CodeIgniter.php(353): CodeIgniter\CodeIgniter->handleRequest()
 7 FCPATH/index.php(79): CodeIgniter\CodeIgniter->run()
 8 SYSTEMPATH/Commands/Server/rewrite.php(47): require_once('/home/imam/projects/perpus/public/index.php')
INFO - 2023-10-09 08:45:11 --> Session: Class initialized using 'CodeIgniter\Session\Handlers\FileHandler' driver.
INFO - 2023-10-09 08:45:15 --> Session: Class initialized using 'CodeIgniter\Session\Handlers\FileHandler' driver.
CRITICAL - 2023-10-09 08:45:49 --> file_get_contents(https://4.bp.blogspot.com/-u07kXOEpPgM/V4zhfQQC1CI/AAAAAAAAApg/7MU2H53cze0Xh9i1rcui-XisKaczv_vpgCKgB/s1600/Logo%2Bsmk%2Bnegeri%2B1%2Bpurwodadi.png): Failed to open stream: HTTP request failed!
in FCPATH/vendor/phpoffice/phpspreadsheet/src/PhpSpreadsheet/Worksheet/Drawing.php on line 115.
 1 [internal function]: CodeIgniter\Debug\Exceptions->errorHandler()
 2 FCPATH/vendor/phpoffice/phpspreadsheet/src/PhpSpreadsheet/Worksheet/Drawing.php(115): file_get_contents()
 3 APPPATH/Controllers/Admin/Pengunjung.php(187): PhpOffice\PhpSpreadsheet\Worksheet\Drawing->setPath()
 4 SYSTEMPATH/CodeIgniter.php(919): App\Controllers\Admin\Pengunjung->excel()
 5 SYSTEMPATH/CodeIgniter.php(494): CodeIgniter\CodeIgniter->runController()
 6 SYSTEMPATH/CodeIgniter.php(353): CodeIgniter\CodeIgniter->handleRequest()
 7 FCPATH/index.php(79): CodeIgniter\CodeIgniter->run()
 8 SYSTEMPATH/Commands/Server/rewrite.php(47): require_once('/home/imam/projects/perpus/public/index.php')
INFO - 2023-10-09 08:47:15 --> Session: Class initialized using 'CodeIgniter\Session\Handlers\FileHandler' driver.
INFO - 2023-10-09 08:47:20 --> Session: Class initialized using 'CodeIgniter\Session\Handlers\FileHandler' driver.
CRITICAL - 2023-10-09 08:47:20 --> Undefined variable $data
in APPPATH/Controllers/Admin/Pengunjung.php on line 197.
 1 APPPATH/Controllers/Admin/Pengunjung.php(197): CodeIgniter\Debug\Exceptions->errorHandler()
 2 SYSTEMPATH/CodeIgniter.php(919): App\Controllers\Admin\Pengunjung->excel()
 3 SYSTEMPATH/CodeIgniter.php(494): CodeIgniter\CodeIgniter->runController()
 4 SYSTEMPATH/CodeIgniter.php(353): CodeIgniter\CodeIgniter->handleRequest()
 5 FCPATH/index.php(79): CodeIgniter\CodeIgniter->run()
 6 SYSTEMPATH/Commands/Server/rewrite.php(47): require_once('/home/imam/projects/perpus/public/index.php')
INFO - 2023-10-09 08:48:01 --> Session: Class initialized using 'CodeIgniter\Session\Handlers\FileHandler' driver.
CRITICAL - 2023-10-09 08:48:01 --> Call to a member function findAll() on null
in APPPATH/Controllers/Admin/Pengunjung.php on line 175.
 1 SYSTEMPATH/CodeIgniter.php(919): App\Controllers\Admin\Pengunjung->excel()
 2 SYSTEMPATH/CodeIgniter.php(494): CodeIgniter\CodeIgniter->runController()
 3 SYSTEMPATH/CodeIgniter.php(353): CodeIgniter\CodeIgniter->handleRequest()
 4 FCPATH/index.php(79): CodeIgniter\CodeIgniter->run()
 5 SYSTEMPATH/Commands/Server/rewrite.php(47): require_once('/home/imam/projects/perpus/public/index.php')
INFO - 2023-10-09 08:48:56 --> Session: Class initialized using 'CodeIgniter\Session\Handlers\FileHandler' driver.
INFO - 2023-10-09 08:49:00 --> Session: Class initialized using 'CodeIgniter\Session\Handlers\FileHandler' driver.
CRITICAL - 2023-10-09 08:49:00 --> Call to a member function findAll() on null
in APPPATH/Controllers/Admin/Pengunjung.php on line 175.
 1 SYSTEMPATH/CodeIgniter.php(919): App\Controllers\Admin\Pengunjung->excel()
 2 SYSTEMPATH/CodeIgniter.php(494): CodeIgniter\CodeIgniter->runController()
 3 SYSTEMPATH/CodeIgniter.php(353): CodeIgniter\CodeIgniter->handleRequest()
 4 FCPATH/index.php(79): CodeIgniter\CodeIgniter->run()
 5 SYSTEMPATH/Commands/Server/rewrite.php(47): require_once('/home/imam/projects/perpus/public/index.php')
INFO - 2023-10-09 08:49:59 --> Session: Class initialized using 'CodeIgniter\Session\Handlers\FileHandler' driver.
CRITICAL - 2023-10-09 08:49:59 --> foreach() argument must be of type array|object, null given
in APPPATH/Controllers/Admin/Pengunjung.php on line 197.
 1 APPPATH/Controllers/Admin/Pengunjung.php(197): CodeIgniter\Debug\Exceptions->errorHandler()
 2 SYSTEMPATH/CodeIgniter.php(919): App\Controllers\Admin\Pengunjung->excel()
 3 SYSTEMPATH/CodeIgniter.php(494): CodeIgniter\CodeIgniter->runController()
 4 SYSTEMPATH/CodeIgniter.php(353): CodeIgniter\CodeIgniter->handleRequest()
 5 FCPATH/index.php(79): CodeIgniter\CodeIgniter->run()
 6 SYSTEMPATH/Commands/Server/rewrite.php(47): require_once('/home/imam/projects/perpus/public/index.php')
INFO - 2023-10-09 08:50:02 --> Session: Class initialized using 'CodeIgniter\Session\Handlers\FileHandler' driver.
INFO - 2023-10-09 08:50:05 --> Session: Class initialized using 'CodeIgniter\Session\Handlers\FileHandler' driver.
CRITICAL - 2023-10-09 08:50:05 --> foreach() argument must be of type array|object, null given
in APPPATH/Controllers/Admin/Pengunjung.php on line 197.
 1 APPPATH/Controllers/Admin/Pengunjung.php(197): CodeIgniter\Debug\Exceptions->errorHandler()
 2 SYSTEMPATH/CodeIgniter.php(919): App\Controllers\Admin\Pengunjung->excel()
 3 SYSTEMPATH/CodeIgniter.php(494): CodeIgniter\CodeIgniter->runController()
 4 SYSTEMPATH/CodeIgniter.php(353): CodeIgniter\CodeIgniter->handleRequest()
 5 FCPATH/index.php(79): CodeIgniter\CodeIgniter->run()
 6 SYSTEMPATH/Commands/Server/rewrite.php(47): require_once('/home/imam/projects/perpus/public/index.php')
INFO - 2023-10-09 08:50:29 --> Session: Class initialized using 'CodeIgniter\Session\Handlers\FileHandler' driver.
INFO - 2023-10-09 08:50:33 --> Session: Class initialized using 'CodeIgniter\Session\Handlers\FileHandler' driver.
INFO - 2023-10-09 08:50:37 --> Session: Class initialized using 'CodeIgniter\Session\Handlers\FileHandler' driver.
INFO - 2023-10-09 08:50:40 --> Session: Class initialized using 'CodeIgniter\Session\Handlers\FileHandler' driver.
INFO - 2023-10-09 08:51:17 --> Session: Class initialized using 'CodeIgniter\Session\Handlers\FileHandler' driver.
INFO - 2023-10-09 08:51:20 --> Session: Class initialized using 'CodeIgniter\Session\Handlers\FileHandler' driver.
INFO - 2023-10-09 08:51:23 --> Session: Class initialized using 'CodeIgniter\Session\Handlers\FileHandler' driver.
INFO - 2023-10-09 08:52:14 --> Session: Class initialized using 'CodeIgniter\Session\Handlers\FileHandler' driver.
INFO - 2023-10-09 08:52:17 --> Session: Class initialized using 'CodeIgniter\Session\Handlers\FileHandler' driver.
INFO - 2023-10-09 08:52:26 --> Session: Class initialized using 'CodeIgniter\Session\Handlers\FileHandler' driver.
CRITICAL - 2023-10-09 08:52:26 --> Undefined array key "kolom1"
in APPPATH/Controllers/Admin/Pengunjung.php on line 198.
 1 APPPATH/Controllers/Admin/Pengunjung.php(198): CodeIgniter\Debug\Exceptions->errorHandler()
 2 SYSTEMPATH/CodeIgniter.php(919): App\Controllers\Admin\Pengunjung->excel()
 3 SYSTEMPATH/CodeIgniter.php(494): CodeIgniter\CodeIgniter->runController()
 4 SYSTEMPATH/CodeIgniter.php(353): CodeIgniter\CodeIgniter->handleRequest()
 5 FCPATH/index.php(79): CodeIgniter\CodeIgniter->run()
 6 SYSTEMPATH/Commands/Server/rewrite.php(47): require_once('/home/imam/projects/perpus/public/index.php')
INFO - 2023-10-09 08:53:31 --> Session: Class initialized using 'CodeIgniter\Session\Handlers\FileHandler' driver.
CRITICAL - 2023-10-09 08:53:31 --> Call to undefined method App\Models\PengunjungModel::getResultArray
in SYSTEMPATH/Model.php on line 873.
 1 APPPATH/Controllers/Admin/Pengunjung.php(178): CodeIgniter\Model->__call()
 2 SYSTEMPATH/CodeIgniter.php(919): App\Controllers\Admin\Pengunjung->excel()
 3 SYSTEMPATH/CodeIgniter.php(494): CodeIgniter\CodeIgniter->runController()
 4 SYSTEMPATH/CodeIgniter.php(353): CodeIgniter\CodeIgniter->handleRequest()
 5 FCPATH/index.php(79): CodeIgniter\CodeIgniter->run()
 6 SYSTEMPATH/Commands/Server/rewrite.php(47): require_once('/home/imam/projects/perpus/public/index.php')
INFO - 2023-10-09 11:55:26 --> Session: Class initialized using 'CodeIgniter\Session\Handlers\FileHandler' driver.
INFO - 2023-10-09 11:55:27 --> Session: Class initialized using 'CodeIgniter\Session\Handlers\FileHandler' driver.
INFO - 2023-10-09 11:55:36 --> Session: Class initialized using 'CodeIgniter\Session\Handlers\FileHandler' driver.
INFO - 2023-10-09 18:55:36 --> Session: Class initialized using 'CodeIgniter\Session\Handlers\FileHandler' driver.
INFO - 2023-10-09 11:55:47 --> Session: Class initialized using 'CodeIgniter\Session\Handlers\FileHandler' driver.
