ERROR - 2023-10-07 09:47:35 --> Error connecting to the database: mysqli_sql_exception: Connection refused in /home/imam/projects/perpus/vendor/codeigniter4/framework/system/Database/MySQLi/Connection.php:185
Stack trace:
#0 /home/imam/projects/perpus/vendor/codeigniter4/framework/system/Database/MySQLi/Connection.php(185): mysqli->real_connect()
#1 /home/imam/projects/perpus/vendor/codeigniter4/framework/system/Database/BaseConnection.php(391): CodeIgniter\Database\MySQLi\Connection->connect()
#2 /home/imam/projects/perpus/vendor/codeigniter4/framework/system/Database/BaseConnection.php(574): CodeIgniter\Database\BaseConnection->initialize()
#3 /home/imam/projects/perpus/vendor/codeigniter4/framework/system/Database/BaseBuilder.php(1615): CodeIgniter\Database\BaseConnection->query()
#4 /home/imam/projects/perpus/vendor/codeigniter4/framework/system/Model.php(264): CodeIgniter\Database\BaseBuilder->get()
#5 /home/imam/projects/perpus/vendor/codeigniter4/framework/system/BaseModel.php(662): CodeIgniter\Model->doFirst()
#6 /home/imam/projects/perpus/app/Controllers/BaseController.php(65): CodeIgniter\BaseModel->first()
#7 /home/imam/projects/perpus/vendor/codeigniter4/framework/system/CodeIgniter.php(892): App\Controllers\BaseController->initController()
#8 /home/imam/projects/perpus/vendor/codeigniter4/framework/system/CodeIgniter.php(485): CodeIgniter\CodeIgniter->createController()
#9 /home/imam/projects/perpus/vendor/codeigniter4/framework/system/CodeIgniter.php(353): CodeIgniter\CodeIgniter->handleRequest()
#10 /home/imam/projects/perpus/public/index.php(79): CodeIgniter\CodeIgniter->run()
#11 /home/imam/projects/perpus/vendor/codeigniter4/framework/system/Commands/Server/rewrite.php(47): require_once('...')
#12 {main}

Next CodeIgniter\Database\Exceptions\DatabaseException: Connection refused in /home/imam/projects/perpus/vendor/codeigniter4/framework/system/Database/MySQLi/Connection.php:229
Stack trace:
#0 /home/imam/projects/perpus/vendor/codeigniter4/framework/system/Database/BaseConnection.php(391): CodeIgniter\Database\MySQLi\Connection->connect()
#1 /home/imam/projects/perpus/vendor/codeigniter4/framework/system/Database/BaseConnection.php(574): CodeIgniter\Database\BaseConnection->initialize()
#2 /home/imam/projects/perpus/vendor/codeigniter4/framework/system/Database/BaseBuilder.php(1615): CodeIgniter\Database\BaseConnection->query()
#3 /home/imam/projects/perpus/vendor/codeigniter4/framework/system/Model.php(264): CodeIgniter\Database\BaseBuilder->get()
#4 /home/imam/projects/perpus/vendor/codeigniter4/framework/system/BaseModel.php(662): CodeIgniter\Model->doFirst()
#5 /home/imam/projects/perpus/app/Controllers/BaseController.php(65): CodeIgniter\BaseModel->first()
#6 /home/imam/projects/perpus/vendor/codeigniter4/framework/system/CodeIgniter.php(892): App\Controllers\BaseController->initController()
#7 /home/imam/projects/perpus/vendor/codeigniter4/framework/system/CodeIgniter.php(485): CodeIgniter\CodeIgniter->createController()
#8 /home/imam/projects/perpus/vendor/codeigniter4/framework/system/CodeIgniter.php(353): CodeIgniter\CodeIgniter->handleRequest()
#9 /home/imam/projects/perpus/public/index.php(79): CodeIgniter\CodeIgniter->run()
#10 /home/imam/projects/perpus/vendor/codeigniter4/framework/system/Commands/Server/rewrite.php(47): require_once('...')
#11 {main}
CRITICAL - 2023-10-07 09:47:35 --> Unable to connect to the database.
Main connection [MySQLi]: Connection refused
in SYSTEMPATH/Database/BaseConnection.php on line 427.
 1 SYSTEMPATH/Database/BaseConnection.php(574): CodeIgniter\Database\BaseConnection->initialize()
 2 SYSTEMPATH/Database/BaseBuilder.php(1615): CodeIgniter\Database\BaseConnection->query()
 3 SYSTEMPATH/Model.php(264): CodeIgniter\Database\BaseBuilder->get()
 4 SYSTEMPATH/BaseModel.php(662): CodeIgniter\Model->doFirst()
 5 APPPATH/Controllers/BaseController.php(65): CodeIgniter\BaseModel->first()
 6 SYSTEMPATH/CodeIgniter.php(892): App\Controllers\BaseController->initController()
 7 SYSTEMPATH/CodeIgniter.php(485): CodeIgniter\CodeIgniter->createController()
 8 SYSTEMPATH/CodeIgniter.php(353): CodeIgniter\CodeIgniter->handleRequest()
 9 FCPATH/index.php(79): CodeIgniter\CodeIgniter->run()
10 SYSTEMPATH/Commands/Server/rewrite.php(47): require_once('/home/imam/projects/perpus/public/index.php')
INFO - 2023-10-07 09:48:49 --> Session: Class initialized using 'CodeIgniter\Session\Handlers\FileHandler' driver.
INFO - 2023-10-07 02:48:54 --> Session: Class initialized using 'CodeIgniter\Session\Handlers\FileHandler' driver.
INFO - 2023-10-07 02:49:00 --> Session: Class initialized using 'CodeIgniter\Session\Handlers\FileHandler' driver.
INFO - 2023-10-07 09:49:00 --> Session: Class initialized using 'CodeIgniter\Session\Handlers\FileHandler' driver.
INFO - 2023-10-07 02:49:15 --> Session: Class initialized using 'CodeIgniter\Session\Handlers\FileHandler' driver.
CRITICAL - 2023-10-07 02:49:15 --> App\Controllers\Database::index(): Return value must be of type string, CodeIgniter\HTTP\DownloadResponse returned
in APPPATH/Controllers/Database.php on line 20.
 1 SYSTEMPATH/CodeIgniter.php(919): App\Controllers\Database->index()
 2 SYSTEMPATH/CodeIgniter.php(494): CodeIgniter\CodeIgniter->runController()
 3 SYSTEMPATH/CodeIgniter.php(353): CodeIgniter\CodeIgniter->handleRequest()
 4 FCPATH/index.php(79): CodeIgniter\CodeIgniter->run()
 5 SYSTEMPATH/Commands/Server/rewrite.php(47): require_once('/home/imam/projects/perpus/public/index.php')
INFO - 2023-10-07 09:50:29 --> Session: Class initialized using 'CodeIgniter\Session\Handlers\FileHandler' driver.
INFO - 2023-10-07 02:50:33 --> Session: Class initialized using 'CodeIgniter\Session\Handlers\FileHandler' driver.
CRITICAL - 2023-10-07 02:50:33 --> App\Controllers\Database::index(): Return value must be of type string, CodeIgniter\HTTP\DownloadResponse returned
in APPPATH/Controllers/Database.php on line 20.
 1 SYSTEMPATH/CodeIgniter.php(919): App\Controllers\Database->index()
 2 SYSTEMPATH/CodeIgniter.php(494): CodeIgniter\CodeIgniter->runController()
 3 SYSTEMPATH/CodeIgniter.php(353): CodeIgniter\CodeIgniter->handleRequest()
 4 FCPATH/index.php(79): CodeIgniter\CodeIgniter->run()
 5 SYSTEMPATH/Commands/Server/rewrite.php(47): require_once('/home/imam/projects/perpus/public/index.php')
INFO - 2023-10-07 09:51:58 --> Session: Class initialized using 'CodeIgniter\Session\Handlers\FileHandler' driver.
INFO - 2023-10-07 09:52:19 --> Session: Class initialized using 'CodeIgniter\Session\Handlers\FileHandler' driver.
INFO - 2023-10-07 02:52:22 --> Session: Class initialized using 'CodeIgniter\Session\Handlers\FileHandler' driver.
INFO - 2023-10-07 09:56:39 --> Session: Class initialized using 'CodeIgniter\Session\Handlers\FileHandler' driver.
INFO - 2023-10-07 02:56:42 --> Session: Class initialized using 'CodeIgniter\Session\Handlers\FileHandler' driver.
INFO - 2023-10-07 02:57:17 --> Session: Class initialized using 'CodeIgniter\Session\Handlers\FileHandler' driver.
INFO - 2023-10-07 02:57:32 --> Session: Class initialized using 'CodeIgniter\Session\Handlers\FileHandler' driver.
INFO - 2023-10-07 02:58:01 --> Session: Class initialized using 'CodeIgniter\Session\Handlers\FileHandler' driver.
INFO - 2023-10-07 02:58:10 --> Session: Class initialized using 'CodeIgniter\Session\Handlers\FileHandler' driver.
INFO - 2023-10-07 02:58:45 --> Session: Class initialized using 'CodeIgniter\Session\Handlers\FileHandler' driver.
INFO - 2023-10-07 02:59:56 --> Session: Class initialized using 'CodeIgniter\Session\Handlers\FileHandler' driver.
INFO - 2023-10-07 10:00:06 --> Session: Class initialized using 'CodeIgniter\Session\Handlers\FileHandler' driver.
INFO - 2023-10-07 03:00:09 --> Session: Class initialized using 'CodeIgniter\Session\Handlers\FileHandler' driver.
INFO - 2023-10-07 10:03:58 --> Session: Class initialized using 'CodeIgniter\Session\Handlers\FileHandler' driver.
INFO - 2023-10-07 03:04:02 --> Session: Class initialized using 'CodeIgniter\Session\Handlers\FileHandler' driver.
INFO - 2023-10-07 10:05:24 --> Session: Class initialized using 'CodeIgniter\Session\Handlers\FileHandler' driver.
INFO - 2023-10-07 03:05:28 --> Session: Class initialized using 'CodeIgniter\Session\Handlers\FileHandler' driver.
INFO - 2023-10-07 10:05:49 --> Session: Class initialized using 'CodeIgniter\Session\Handlers\FileHandler' driver.
INFO - 2023-10-07 03:05:52 --> Session: Class initialized using 'CodeIgniter\Session\Handlers\FileHandler' driver.
INFO - 2023-10-07 03:06:28 --> Session: Class initialized using 'CodeIgniter\Session\Handlers\FileHandler' driver.
INFO - 2023-10-07 03:08:00 --> Session: Class initialized using 'CodeIgniter\Session\Handlers\FileHandler' driver.
INFO - 2023-10-07 10:08:06 --> Session: Class initialized using 'CodeIgniter\Session\Handlers\FileHandler' driver.
INFO - 2023-10-07 03:08:11 --> Session: Class initialized using 'CodeIgniter\Session\Handlers\FileHandler' driver.
INFO - 2023-10-07 10:38:24 --> Session: Class initialized using 'CodeIgniter\Session\Handlers\FileHandler' driver.
INFO - 2023-10-07 03:38:28 --> Session: Class initialized using 'CodeIgniter\Session\Handlers\FileHandler' driver.
INFO - 2023-10-07 10:39:07 --> Session: Class initialized using 'CodeIgniter\Session\Handlers\FileHandler' driver.
INFO - 2023-10-07 03:39:10 --> Session: Class initialized using 'CodeIgniter\Session\Handlers\FileHandler' driver.
INFO - 2023-10-07 10:41:14 --> Session: Class initialized using 'CodeIgniter\Session\Handlers\FileHandler' driver.
INFO - 2023-10-07 03:41:18 --> Session: Class initialized using 'CodeIgniter\Session\Handlers\FileHandler' driver.
CRITICAL - 2023-10-07 03:41:18 --> Call to undefined method App\Controllers\Database::connect()
in APPPATH/Controllers/Database.php on line 11.
 1 SYSTEMPATH/CodeIgniter.php(919): App\Controllers\Database->index()
 2 SYSTEMPATH/CodeIgniter.php(494): CodeIgniter\CodeIgniter->runController()
 3 SYSTEMPATH/CodeIgniter.php(353): CodeIgniter\CodeIgniter->handleRequest()
 4 FCPATH/index.php(79): CodeIgniter\CodeIgniter->run()
 5 SYSTEMPATH/Commands/Server/rewrite.php(47): require_once('/home/imam/projects/perpus/public/index.php')
INFO - 2023-10-07 03:41:38 --> Session: Class initialized using 'CodeIgniter\Session\Handlers\FileHandler' driver.
CRITICAL - 2023-10-07 03:41:38 --> File not found: "/home/imam/projects/perpus/writable/backups/2023-10-07-03-41-38-perpus.sql"
in SYSTEMPATH/Files/File.php on line 47.
 1 SYSTEMPATH/Files/File.php(47): CodeIgniter\Files\Exceptions\FileNotFoundException::forFileNotFound()
 2 SYSTEMPATH/HTTP/DownloadResponse.php(102): CodeIgniter\Files\File->__construct()
 3 SYSTEMPATH/HTTP/ResponseTrait.php(806): CodeIgniter\HTTP\DownloadResponse->setFilePath()
 4 APPPATH/Controllers/Database.php(24): CodeIgniter\HTTP\Response->download()
 5 SYSTEMPATH/CodeIgniter.php(919): App\Controllers\Database->index()
 6 SYSTEMPATH/CodeIgniter.php(494): CodeIgniter\CodeIgniter->runController()
 7 SYSTEMPATH/CodeIgniter.php(353): CodeIgniter\CodeIgniter->handleRequest()
 8 FCPATH/index.php(79): CodeIgniter\CodeIgniter->run()
 9 SYSTEMPATH/Commands/Server/rewrite.php(47): require_once('/home/imam/projects/perpus/public/index.php')
INFO - 2023-10-07 10:41:49 --> Session: Class initialized using 'CodeIgniter\Session\Handlers\FileHandler' driver.
INFO - 2023-10-07 03:41:52 --> Session: Class initialized using 'CodeIgniter\Session\Handlers\FileHandler' driver.
CRITICAL - 2023-10-07 03:41:52 --> File not found: "/home/imam/projects/perpus/writable/backups/2023-10-07-03-41-52-perpus.sql"
in SYSTEMPATH/Files/File.php on line 47.
 1 SYSTEMPATH/Files/File.php(47): CodeIgniter\Files\Exceptions\FileNotFoundException::forFileNotFound()
 2 SYSTEMPATH/HTTP/DownloadResponse.php(102): CodeIgniter\Files\File->__construct()
 3 SYSTEMPATH/HTTP/ResponseTrait.php(806): CodeIgniter\HTTP\DownloadResponse->setFilePath()
 4 APPPATH/Controllers/Database.php(24): CodeIgniter\HTTP\Response->download()
 5 SYSTEMPATH/CodeIgniter.php(919): App\Controllers\Database->index()
 6 SYSTEMPATH/CodeIgniter.php(494): CodeIgniter\CodeIgniter->runController()
 7 SYSTEMPATH/CodeIgniter.php(353): CodeIgniter\CodeIgniter->handleRequest()
 8 FCPATH/index.php(79): CodeIgniter\CodeIgniter->run()
 9 SYSTEMPATH/Commands/Server/rewrite.php(47): require_once('/home/imam/projects/perpus/public/index.php')
INFO - 2023-10-07 03:43:27 --> Session: Class initialized using 'CodeIgniter\Session\Handlers\FileHandler' driver.
INFO - 2023-10-07 10:43:31 --> Session: Class initialized using 'CodeIgniter\Session\Handlers\FileHandler' driver.
INFO - 2023-10-07 03:43:35 --> Session: Class initialized using 'CodeIgniter\Session\Handlers\FileHandler' driver.
INFO - 2023-10-07 10:46:39 --> Session: Class initialized using 'CodeIgniter\Session\Handlers\FileHandler' driver.
INFO - 2023-10-07 03:46:42 --> Session: Class initialized using 'CodeIgniter\Session\Handlers\FileHandler' driver.
INFO - 2023-10-07 10:48:44 --> Session: Class initialized using 'CodeIgniter\Session\Handlers\FileHandler' driver.
INFO - 2023-10-07 03:48:48 --> Session: Class initialized using 'CodeIgniter\Session\Handlers\FileHandler' driver.
CRITICAL - 2023-10-07 03:48:48 --> Undefined variable $db
in APPPATH/Controllers/Database.php on line 25.
 1 APPPATH/Controllers/Database.php(25): CodeIgniter\Debug\Exceptions->errorHandler()
 2 SYSTEMPATH/CodeIgniter.php(919): App\Controllers\Database->index()
 3 SYSTEMPATH/CodeIgniter.php(494): CodeIgniter\CodeIgniter->runController()
 4 SYSTEMPATH/CodeIgniter.php(353): CodeIgniter\CodeIgniter->handleRequest()
 5 FCPATH/index.php(79): CodeIgniter\CodeIgniter->run()
 6 SYSTEMPATH/Commands/Server/rewrite.php(47): require_once('/home/imam/projects/perpus/public/index.php')
INFO - 2023-10-07 03:49:05 --> Session: Class initialized using 'CodeIgniter\Session\Handlers\FileHandler' driver.
CRITICAL - 2023-10-07 03:49:05 --> Undefined variable $dbName
in APPPATH/Controllers/Database.php on line 25.
 1 APPPATH/Controllers/Database.php(25): CodeIgniter\Debug\Exceptions->errorHandler()
 2 SYSTEMPATH/CodeIgniter.php(919): App\Controllers\Database->index()
 3 SYSTEMPATH/CodeIgniter.php(494): CodeIgniter\CodeIgniter->runController()
 4 SYSTEMPATH/CodeIgniter.php(353): CodeIgniter\CodeIgniter->handleRequest()
 5 FCPATH/index.php(79): CodeIgniter\CodeIgniter->run()
 6 SYSTEMPATH/Commands/Server/rewrite.php(47): require_once('/home/imam/projects/perpus/public/index.php')
INFO - 2023-10-07 03:49:50 --> Session: Class initialized using 'CodeIgniter\Session\Handlers\FileHandler' driver.
INFO - 2023-10-07 03:51:43 --> Session: Class initialized using 'CodeIgniter\Session\Handlers\FileHandler' driver.
CRITICAL - 2023-10-07 03:51:43 --> Undefined variable $backupFileName
in APPPATH/Controllers/Database.php on line 25.
 1 APPPATH/Controllers/Database.php(25): CodeIgniter\Debug\Exceptions->errorHandler()
 2 SYSTEMPATH/CodeIgniter.php(919): App\Controllers\Database->index()
 3 SYSTEMPATH/CodeIgniter.php(494): CodeIgniter\CodeIgniter->runController()
 4 SYSTEMPATH/CodeIgniter.php(353): CodeIgniter\CodeIgniter->handleRequest()
 5 FCPATH/index.php(79): CodeIgniter\CodeIgniter->run()
 6 SYSTEMPATH/Commands/Server/rewrite.php(47): require_once('/home/imam/projects/perpus/public/index.php')
INFO - 2023-10-07 03:52:20 --> Session: Class initialized using 'CodeIgniter\Session\Handlers\FileHandler' driver.
INFO - 2023-10-07 11:03:46 --> Session: Class initialized using 'CodeIgniter\Session\Handlers\FileHandler' driver.
INFO - 2023-10-07 04:04:21 --> Session: Class initialized using 'CodeIgniter\Session\Handlers\FileHandler' driver.
ERROR - 2023-10-07 19:14:21 --> Error connecting to the database: mysqli_sql_exception: Connection refused in /home/imam/projects/perpus/vendor/codeigniter4/framework/system/Database/MySQLi/Connection.php:185
Stack trace:
#0 /home/imam/projects/perpus/vendor/codeigniter4/framework/system/Database/MySQLi/Connection.php(185): mysqli->real_connect()
#1 /home/imam/projects/perpus/vendor/codeigniter4/framework/system/Database/BaseConnection.php(391): CodeIgniter\Database\MySQLi\Connection->connect()
#2 /home/imam/projects/perpus/vendor/codeigniter4/framework/system/Database/BaseConnection.php(574): CodeIgniter\Database\BaseConnection->initialize()
#3 /home/imam/projects/perpus/vendor/codeigniter4/framework/system/Database/BaseBuilder.php(1615): CodeIgniter\Database\BaseConnection->query()
#4 /home/imam/projects/perpus/vendor/codeigniter4/framework/system/Model.php(264): CodeIgniter\Database\BaseBuilder->get()
#5 /home/imam/projects/perpus/vendor/codeigniter4/framework/system/BaseModel.php(662): CodeIgniter\Model->doFirst()
#6 /home/imam/projects/perpus/app/Controllers/BaseController.php(65): CodeIgniter\BaseModel->first()
#7 /home/imam/projects/perpus/vendor/codeigniter4/framework/system/CodeIgniter.php(892): App\Controllers\BaseController->initController()
#8 /home/imam/projects/perpus/vendor/codeigniter4/framework/system/CodeIgniter.php(485): CodeIgniter\CodeIgniter->createController()
#9 /home/imam/projects/perpus/vendor/codeigniter4/framework/system/CodeIgniter.php(353): CodeIgniter\CodeIgniter->handleRequest()
#10 /home/imam/projects/perpus/public/index.php(79): CodeIgniter\CodeIgniter->run()
#11 /home/imam/projects/perpus/vendor/codeigniter4/framework/system/Commands/Server/rewrite.php(47): require_once('...')
#12 {main}

Next CodeIgniter\Database\Exceptions\DatabaseException: Connection refused in /home/imam/projects/perpus/vendor/codeigniter4/framework/system/Database/MySQLi/Connection.php:229
Stack trace:
#0 /home/imam/projects/perpus/vendor/codeigniter4/framework/system/Database/BaseConnection.php(391): CodeIgniter\Database\MySQLi\Connection->connect()
#1 /home/imam/projects/perpus/vendor/codeigniter4/framework/system/Database/BaseConnection.php(574): CodeIgniter\Database\BaseConnection->initialize()
#2 /home/imam/projects/perpus/vendor/codeigniter4/framework/system/Database/BaseBuilder.php(1615): CodeIgniter\Database\BaseConnection->query()
#3 /home/imam/projects/perpus/vendor/codeigniter4/framework/system/Model.php(264): CodeIgniter\Database\BaseBuilder->get()
#4 /home/imam/projects/perpus/vendor/codeigniter4/framework/system/BaseModel.php(662): CodeIgniter\Model->doFirst()
#5 /home/imam/projects/perpus/app/Controllers/BaseController.php(65): CodeIgniter\BaseModel->first()
#6 /home/imam/projects/perpus/vendor/codeigniter4/framework/system/CodeIgniter.php(892): App\Controllers\BaseController->initController()
#7 /home/imam/projects/perpus/vendor/codeigniter4/framework/system/CodeIgniter.php(485): CodeIgniter\CodeIgniter->createController()
#8 /home/imam/projects/perpus/vendor/codeigniter4/framework/system/CodeIgniter.php(353): CodeIgniter\CodeIgniter->handleRequest()
#9 /home/imam/projects/perpus/public/index.php(79): CodeIgniter\CodeIgniter->run()
#10 /home/imam/projects/perpus/vendor/codeigniter4/framework/system/Commands/Server/rewrite.php(47): require_once('...')
#11 {main}
CRITICAL - 2023-10-07 19:14:21 --> Unable to connect to the database.
Main connection [MySQLi]: Connection refused
in SYSTEMPATH/Database/BaseConnection.php on line 427.
 1 SYSTEMPATH/Database/BaseConnection.php(574): CodeIgniter\Database\BaseConnection->initialize()
 2 SYSTEMPATH/Database/BaseBuilder.php(1615): CodeIgniter\Database\BaseConnection->query()
 3 SYSTEMPATH/Model.php(264): CodeIgniter\Database\BaseBuilder->get()
 4 SYSTEMPATH/BaseModel.php(662): CodeIgniter\Model->doFirst()
 5 APPPATH/Controllers/BaseController.php(65): CodeIgniter\BaseModel->first()
 6 SYSTEMPATH/CodeIgniter.php(892): App\Controllers\BaseController->initController()
 7 SYSTEMPATH/CodeIgniter.php(485): CodeIgniter\CodeIgniter->createController()
 8 SYSTEMPATH/CodeIgniter.php(353): CodeIgniter\CodeIgniter->handleRequest()
 9 FCPATH/index.php(79): CodeIgniter\CodeIgniter->run()
10 SYSTEMPATH/Commands/Server/rewrite.php(47): require_once('/home/imam/projects/perpus/public/index.php')
INFO - 2023-10-07 19:15:19 --> Session: Class initialized using 'CodeIgniter\Session\Handlers\FileHandler' driver.
INFO - 2023-10-07 12:15:21 --> Session: Class initialized using 'CodeIgniter\Session\Handlers\FileHandler' driver.
INFO - 2023-10-07 12:15:31 --> Session: Class initialized using 'CodeIgniter\Session\Handlers\FileHandler' driver.
INFO - 2023-10-07 19:15:31 --> Session: Class initialized using 'CodeIgniter\Session\Handlers\FileHandler' driver.
INFO - 2023-10-07 19:18:11 --> Session: Class initialized using 'CodeIgniter\Session\Handlers\FileHandler' driver.
INFO - 2023-10-07 12:19:23 --> Session: Class initialized using 'CodeIgniter\Session\Handlers\FileHandler' driver.
CRITICAL - 2023-10-07 12:19:23 --> Undefined variable $lab
in APPPATH/Controllers/Admin/Pengunjung.php on line 132.
 1 APPPATH/Controllers/Admin/Pengunjung.php(132): CodeIgniter\Debug\Exceptions->errorHandler()
 2 SYSTEMPATH/CodeIgniter.php(919): App\Controllers\Admin\Pengunjung->index()
 3 SYSTEMPATH/CodeIgniter.php(494): CodeIgniter\CodeIgniter->runController()
 4 SYSTEMPATH/CodeIgniter.php(353): CodeIgniter\CodeIgniter->handleRequest()
 5 FCPATH/index.php(79): CodeIgniter\CodeIgniter->run()
 6 SYSTEMPATH/Commands/Server/rewrite.php(47): require_once('/home/imam/projects/perpus/public/index.php')
INFO - 2023-10-07 12:20:00 --> Session: Class initialized using 'CodeIgniter\Session\Handlers\FileHandler' driver.
INFO - 2023-10-07 12:20:16 --> Session: Class initialized using 'CodeIgniter\Session\Handlers\FileHandler' driver.
INFO - 2023-10-07 12:21:41 --> Session: Class initialized using 'CodeIgniter\Session\Handlers\FileHandler' driver.
INFO - 2023-10-07 12:21:46 --> Session: Class initialized using 'CodeIgniter\Session\Handlers\FileHandler' driver.
INFO - 2023-10-07 19:23:07 --> Session: Class initialized using 'CodeIgniter\Session\Handlers\FileHandler' driver.
INFO - 2023-10-07 19:23:11 --> Session: Class initialized using 'CodeIgniter\Session\Handlers\FileHandler' driver.
INFO - 2023-10-07 19:23:11 --> Session: Class initialized using 'CodeIgniter\Session\Handlers\FileHandler' driver.
INFO - 2023-10-07 19:23:20 --> Session: Class initialized using 'CodeIgniter\Session\Handlers\FileHandler' driver.
INFO - 2023-10-07 19:23:20 --> Session: Class initialized using 'CodeIgniter\Session\Handlers\FileHandler' driver.
INFO - 2023-10-07 19:23:28 --> Session: Class initialized using 'CodeIgniter\Session\Handlers\FileHandler' driver.
INFO - 2023-10-07 19:23:31 --> Session: Class initialized using 'CodeIgniter\Session\Handlers\FileHandler' driver.
INFO - 2023-10-07 19:23:37 --> Session: Class initialized using 'CodeIgniter\Session\Handlers\FileHandler' driver.
INFO - 2023-10-07 19:23:37 --> Session: Class initialized using 'CodeIgniter\Session\Handlers\FileHandler' driver.
INFO - 2023-10-07 19:23:43 --> Session: Class initialized using 'CodeIgniter\Session\Handlers\FileHandler' driver.
INFO - 2023-10-07 19:23:59 --> Session: Class initialized using 'CodeIgniter\Session\Handlers\FileHandler' driver.
INFO - 2023-10-07 19:23:59 --> Session: Class initialized using 'CodeIgniter\Session\Handlers\FileHandler' driver.
INFO - 2023-10-07 19:24:05 --> Session: Class initialized using 'CodeIgniter\Session\Handlers\FileHandler' driver.
INFO - 2023-10-07 19:24:05 --> Session: Class initialized using 'CodeIgniter\Session\Handlers\FileHandler' driver.
INFO - 2023-10-07 19:24:12 --> Session: Class initialized using 'CodeIgniter\Session\Handlers\FileHandler' driver.
INFO - 2023-10-07 19:24:12 --> Session: Class initialized using 'CodeIgniter\Session\Handlers\FileHandler' driver.
INFO - 2023-10-07 19:24:24 --> Session: Class initialized using 'CodeIgniter\Session\Handlers\FileHandler' driver.
INFO - 2023-10-07 19:24:24 --> Session: Class initialized using 'CodeIgniter\Session\Handlers\FileHandler' driver.
INFO - 2023-10-07 19:27:06 --> Session: Class initialized using 'CodeIgniter\Session\Handlers\FileHandler' driver.
CRITICAL - 2023-10-07 12:27:09 --> syntax error, unexpected variable "$kelas"
in APPPATH/Controllers/Admin/Pengunjung.php on line 126.
 1 SYSTEMPATH/Autoloader/Autoloader.php(285): CodeIgniter\Autoloader\Autoloader->includeFile()
 2 SYSTEMPATH/Autoloader/Autoloader.php(263): CodeIgniter\Autoloader\Autoloader->loadInNamespace()
 3 [internal function]: CodeIgniter\Autoloader\Autoloader->loadClass()
 4 SYSTEMPATH/CodeIgniter.php(877): class_exists()
 5 SYSTEMPATH/CodeIgniter.php(481): CodeIgniter\CodeIgniter->startController()
 6 SYSTEMPATH/CodeIgniter.php(353): CodeIgniter\CodeIgniter->handleRequest()
 7 FCPATH/index.php(79): CodeIgniter\CodeIgniter->run()
 8 SYSTEMPATH/Commands/Server/rewrite.php(47): require_once('/home/imam/projects/perpus/public/index.php')
INFO - 2023-10-07 12:27:51 --> Session: Class initialized using 'CodeIgniter\Session\Handlers\FileHandler' driver.
INFO - 2023-10-07 12:28:48 --> Session: Class initialized using 'CodeIgniter\Session\Handlers\FileHandler' driver.
INFO - 2023-10-07 12:30:34 --> Session: Class initialized using 'CodeIgniter\Session\Handlers\FileHandler' driver.
INFO - 2023-10-07 12:33:58 --> Session: Class initialized using 'CodeIgniter\Session\Handlers\FileHandler' driver.
INFO - 2023-10-07 12:34:10 --> Session: Class initialized using 'CodeIgniter\Session\Handlers\FileHandler' driver.
INFO - 2023-10-07 19:34:19 --> Session: Class initialized using 'CodeIgniter\Session\Handlers\FileHandler' driver.
INFO - 2023-10-07 19:41:58 --> Session: Class initialized using 'CodeIgniter\Session\Handlers\FileHandler' driver.
INFO - 2023-10-07 12:42:02 --> Session: Class initialized using 'CodeIgniter\Session\Handlers\FileHandler' driver.
INFO - 2023-10-07 12:42:04 --> Session: Class initialized using 'CodeIgniter\Session\Handlers\FileHandler' driver.
INFO - 2023-10-07 12:42:14 --> Session: Class initialized using 'CodeIgniter\Session\Handlers\FileHandler' driver.
INFO - 2023-10-07 12:42:24 --> Session: Class initialized using 'CodeIgniter\Session\Handlers\FileHandler' driver.
INFO - 2023-10-07 12:42:27 --> Session: Class initialized using 'CodeIgniter\Session\Handlers\FileHandler' driver.
INFO - 2023-10-07 12:42:34 --> Session: Class initialized using 'CodeIgniter\Session\Handlers\FileHandler' driver.
INFO - 2023-10-07 12:42:39 --> Session: Class initialized using 'CodeIgniter\Session\Handlers\FileHandler' driver.
INFO - 2023-10-07 12:42:45 --> Session: Class initialized using 'CodeIgniter\Session\Handlers\FileHandler' driver.
INFO - 2023-10-07 12:42:48 --> Session: Class initialized using 'CodeIgniter\Session\Handlers\FileHandler' driver.
INFO - 2023-10-07 12:42:53 --> Session: Class initialized using 'CodeIgniter\Session\Handlers\FileHandler' driver.
INFO - 2023-10-07 12:42:56 --> Session: Class initialized using 'CodeIgniter\Session\Handlers\FileHandler' driver.
INFO - 2023-10-07 12:43:01 --> Session: Class initialized using 'CodeIgniter\Session\Handlers\FileHandler' driver.
INFO - 2023-10-07 12:43:10 --> Session: Class initialized using 'CodeIgniter\Session\Handlers\FileHandler' driver.
INFO - 2023-10-07 12:43:12 --> Session: Class initialized using 'CodeIgniter\Session\Handlers\FileHandler' driver.
INFO - 2023-10-07 12:43:19 --> Session: Class initialized using 'CodeIgniter\Session\Handlers\FileHandler' driver.
INFO - 2023-10-07 12:43:23 --> Session: Class initialized using 'CodeIgniter\Session\Handlers\FileHandler' driver.
INFO - 2023-10-07 12:43:27 --> Session: Class initialized using 'CodeIgniter\Session\Handlers\FileHandler' driver.
INFO - 2023-10-07 12:43:59 --> Session: Class initialized using 'CodeIgniter\Session\Handlers\FileHandler' driver.
INFO - 2023-10-07 12:44:05 --> Session: Class initialized using 'CodeIgniter\Session\Handlers\FileHandler' driver.
INFO - 2023-10-07 12:44:12 --> Session: Class initialized using 'CodeIgniter\Session\Handlers\FileHandler' driver.
INFO - 2023-10-07 12:44:17 --> Session: Class initialized using 'CodeIgniter\Session\Handlers\FileHandler' driver.
INFO - 2023-10-07 19:44:25 --> Session: Class initialized using 'CodeIgniter\Session\Handlers\FileHandler' driver.
INFO - 2023-10-07 19:45:44 --> Session: Class initialized using 'CodeIgniter\Session\Handlers\FileHandler' driver.
INFO - 2023-10-07 12:45:53 --> Session: Class initialized using 'CodeIgniter\Session\Handlers\FileHandler' driver.
INFO - 2023-10-07 12:47:48 --> Session: Class initialized using 'CodeIgniter\Session\Handlers\FileHandler' driver.
INFO - 2023-10-07 13:04:13 --> Session: Class initialized using 'CodeIgniter\Session\Handlers\FileHandler' driver.
INFO - 2023-10-07 13:05:11 --> Session: Class initialized using 'CodeIgniter\Session\Handlers\FileHandler' driver.
CRITICAL - 2023-10-07 13:05:14 --> Class "App\CodeIgniter\Controller" not found
in APPPATH/Controllers/Admin/Backup.php on line 7.
 1 SYSTEMPATH/Autoloader/Autoloader.php(306): include_once()
 2 SYSTEMPATH/Autoloader/Autoloader.php(285): CodeIgniter\Autoloader\Autoloader->includeFile()
 3 SYSTEMPATH/Autoloader/Autoloader.php(263): CodeIgniter\Autoloader\Autoloader->loadInNamespace()
 4 [internal function]: CodeIgniter\Autoloader\Autoloader->loadClass()
 5 SYSTEMPATH/CodeIgniter.php(877): class_exists()
 6 SYSTEMPATH/CodeIgniter.php(481): CodeIgniter\CodeIgniter->startController()
 7 SYSTEMPATH/CodeIgniter.php(353): CodeIgniter\CodeIgniter->handleRequest()
 8 FCPATH/index.php(79): CodeIgniter\CodeIgniter->run()
 9 SYSTEMPATH/Commands/Server/rewrite.php(47): require_once('/home/imam/projects/perpus/public/index.php')
CRITICAL - 2023-10-07 13:05:29 --> Class "App\CodeIgniter\Controller" not found
in APPPATH/Controllers/Admin/Backup.php on line 7.
 1 SYSTEMPATH/Autoloader/Autoloader.php(306): include_once()
 2 SYSTEMPATH/Autoloader/Autoloader.php(285): CodeIgniter\Autoloader\Autoloader->includeFile()
 3 SYSTEMPATH/Autoloader/Autoloader.php(263): CodeIgniter\Autoloader\Autoloader->loadInNamespace()
 4 [internal function]: CodeIgniter\Autoloader\Autoloader->loadClass()
 5 SYSTEMPATH/CodeIgniter.php(877): class_exists()
 6 SYSTEMPATH/CodeIgniter.php(481): CodeIgniter\CodeIgniter->startController()
 7 SYSTEMPATH/CodeIgniter.php(353): CodeIgniter\CodeIgniter->handleRequest()
 8 FCPATH/index.php(79): CodeIgniter\CodeIgniter->run()
 9 SYSTEMPATH/Commands/Server/rewrite.php(47): require_once('/home/imam/projects/perpus/public/index.php')
INFO - 2023-10-07 13:05:38 --> Session: Class initialized using 'CodeIgniter\Session\Handlers\FileHandler' driver.
CRITICAL - 2023-10-07 13:05:42 --> Class "App\CodeIgniter\Controller" not found
in APPPATH/Controllers/Admin/Backup.php on line 7.
 1 SYSTEMPATH/Autoloader/Autoloader.php(306): include_once()
 2 SYSTEMPATH/Autoloader/Autoloader.php(285): CodeIgniter\Autoloader\Autoloader->includeFile()
 3 SYSTEMPATH/Autoloader/Autoloader.php(263): CodeIgniter\Autoloader\Autoloader->loadInNamespace()
 4 [internal function]: CodeIgniter\Autoloader\Autoloader->loadClass()
 5 SYSTEMPATH/CodeIgniter.php(877): class_exists()
 6 SYSTEMPATH/CodeIgniter.php(481): CodeIgniter\CodeIgniter->startController()
 7 SYSTEMPATH/CodeIgniter.php(353): CodeIgniter\CodeIgniter->handleRequest()
 8 FCPATH/index.php(79): CodeIgniter\CodeIgniter->run()
 9 SYSTEMPATH/Commands/Server/rewrite.php(47): require_once('/home/imam/projects/perpus/public/index.php')
INFO - 2023-10-07 13:07:07 --> Session: Class initialized using 'CodeIgniter\Session\Handlers\FileHandler' driver.
CRITICAL - 2023-10-07 13:07:07 --> Call to undefined function App\Controllers\Admin\write_file()
in APPPATH/Controllers/Admin/Backup.php on line 45.
 1 SYSTEMPATH/CodeIgniter.php(919): App\Controllers\Admin\Backup->index()
 2 SYSTEMPATH/CodeIgniter.php(494): CodeIgniter\CodeIgniter->runController()
 3 SYSTEMPATH/CodeIgniter.php(353): CodeIgniter\CodeIgniter->handleRequest()
 4 FCPATH/index.php(79): CodeIgniter\CodeIgniter->run()
 5 SYSTEMPATH/Commands/Server/rewrite.php(47): require_once('/home/imam/projects/perpus/public/index.php')
CRITICAL - 2023-10-07 13:09:32 --> syntax error, unexpected variable "$db", expecting "function" or "const"
in APPPATH/Controllers/Admin/Backup.php on line 10.
 1 SYSTEMPATH/Autoloader/Autoloader.php(285): CodeIgniter\Autoloader\Autoloader->includeFile()
 2 SYSTEMPATH/Autoloader/Autoloader.php(263): CodeIgniter\Autoloader\Autoloader->loadInNamespace()
 3 [internal function]: CodeIgniter\Autoloader\Autoloader->loadClass()
 4 SYSTEMPATH/CodeIgniter.php(877): class_exists()
 5 SYSTEMPATH/CodeIgniter.php(481): CodeIgniter\CodeIgniter->startController()
 6 SYSTEMPATH/CodeIgniter.php(353): CodeIgniter\CodeIgniter->handleRequest()
 7 FCPATH/index.php(79): CodeIgniter\CodeIgniter->run()
 8 SYSTEMPATH/Commands/Server/rewrite.php(47): require_once('/home/imam/projects/perpus/public/index.php')
INFO - 2023-10-07 13:11:25 --> Session: Class initialized using 'CodeIgniter\Session\Handlers\FileHandler' driver.
CRITICAL - 2023-10-07 13:11:25 --> Class "App\Controllers\Admin\File" not found
in APPPATH/Controllers/Admin/Backup.php on line 45.
 1 SYSTEMPATH/CodeIgniter.php(919): App\Controllers\Admin\Backup->index()
 2 SYSTEMPATH/CodeIgniter.php(494): CodeIgniter\CodeIgniter->runController()
 3 SYSTEMPATH/CodeIgniter.php(353): CodeIgniter\CodeIgniter->handleRequest()
 4 FCPATH/index.php(79): CodeIgniter\CodeIgniter->run()
 5 SYSTEMPATH/Commands/Server/rewrite.php(47): require_once('/home/imam/projects/perpus/public/index.php')
INFO - 2023-10-07 13:12:25 --> Session: Class initialized using 'CodeIgniter\Session\Handlers\FileHandler' driver.
CRITICAL - 2023-10-07 13:12:25 --> Class "App\CodeIgniter\Files\File" not found
in APPPATH/Controllers/Admin/Backup.php on line 47.
 1 SYSTEMPATH/CodeIgniter.php(919): App\Controllers\Admin\Backup->index()
 2 SYSTEMPATH/CodeIgniter.php(494): CodeIgniter\CodeIgniter->runController()
 3 SYSTEMPATH/CodeIgniter.php(353): CodeIgniter\CodeIgniter->handleRequest()
 4 FCPATH/index.php(79): CodeIgniter\CodeIgniter->run()
 5 SYSTEMPATH/Commands/Server/rewrite.php(47): require_once('/home/imam/projects/perpus/public/index.php')
INFO - 2023-10-07 13:12:26 --> Session: Class initialized using 'CodeIgniter\Session\Handlers\FileHandler' driver.
CRITICAL - 2023-10-07 13:12:26 --> Class "App\CodeIgniter\Files\File" not found
in APPPATH/Controllers/Admin/Backup.php on line 47.
 1 SYSTEMPATH/CodeIgniter.php(919): App\Controllers\Admin\Backup->index()
 2 SYSTEMPATH/CodeIgniter.php(494): CodeIgniter\CodeIgniter->runController()
 3 SYSTEMPATH/CodeIgniter.php(353): CodeIgniter\CodeIgniter->handleRequest()
 4 FCPATH/index.php(79): CodeIgniter\CodeIgniter->run()
 5 SYSTEMPATH/Commands/Server/rewrite.php(47): require_once('/home/imam/projects/perpus/public/index.php')
INFO - 2023-10-07 13:12:39 --> Session: Class initialized using 'CodeIgniter\Session\Handlers\FileHandler' driver.
CRITICAL - 2023-10-07 13:12:39 --> Call to undefined method CodeIgniter\Files\File::write()
in APPPATH/Controllers/Admin/Backup.php on line 48.
 1 SYSTEMPATH/CodeIgniter.php(919): App\Controllers\Admin\Backup->index()
 2 SYSTEMPATH/CodeIgniter.php(494): CodeIgniter\CodeIgniter->runController()
 3 SYSTEMPATH/CodeIgniter.php(353): CodeIgniter\CodeIgniter->handleRequest()
 4 FCPATH/index.php(79): CodeIgniter\CodeIgniter->run()
 5 SYSTEMPATH/Commands/Server/rewrite.php(47): require_once('/home/imam/projects/perpus/public/index.php')
INFO - 2023-10-07 13:14:28 --> Session: Class initialized using 'CodeIgniter\Session\Handlers\FileHandler' driver.
CRITICAL - 2023-10-07 13:14:28 --> Call to undefined method CodeIgniter\Files\File::write()
in APPPATH/Controllers/Admin/Backup.php on line 48.
 1 SYSTEMPATH/CodeIgniter.php(919): App\Controllers\Admin\Backup->index()
 2 SYSTEMPATH/CodeIgniter.php(494): CodeIgniter\CodeIgniter->runController()
 3 SYSTEMPATH/CodeIgniter.php(353): CodeIgniter\CodeIgniter->handleRequest()
 4 FCPATH/index.php(79): CodeIgniter\CodeIgniter->run()
 5 SYSTEMPATH/Commands/Server/rewrite.php(47): require_once('/home/imam/projects/perpus/public/index.php')
INFO - 2023-10-07 13:14:30 --> Session: Class initialized using 'CodeIgniter\Session\Handlers\FileHandler' driver.
CRITICAL - 2023-10-07 13:14:30 --> Call to undefined method CodeIgniter\Files\File::write()
in APPPATH/Controllers/Admin/Backup.php on line 48.
 1 SYSTEMPATH/CodeIgniter.php(919): App\Controllers\Admin\Backup->index()
 2 SYSTEMPATH/CodeIgniter.php(494): CodeIgniter\CodeIgniter->runController()
 3 SYSTEMPATH/CodeIgniter.php(353): CodeIgniter\CodeIgniter->handleRequest()
 4 FCPATH/index.php(79): CodeIgniter\CodeIgniter->run()
 5 SYSTEMPATH/Commands/Server/rewrite.php(47): require_once('/home/imam/projects/perpus/public/index.php')
INFO - 2023-10-07 13:16:03 --> Session: Class initialized using 'CodeIgniter\Session\Handlers\FileHandler' driver.
CRITICAL - 2023-10-07 13:16:03 --> file_put_contents(/home/imam/projects/perpus/writable/backup/backup_2023-10-07_13-16-03.sql): Failed to open stream: No such file or directory
in APPPATH/Controllers/Admin/Backup.php on line 47.
 1 [internal function]: CodeIgniter\Debug\Exceptions->errorHandler()
 2 APPPATH/Controllers/Admin/Backup.php(47): file_put_contents()
 3 SYSTEMPATH/CodeIgniter.php(919): App\Controllers\Admin\Backup->index()
 4 SYSTEMPATH/CodeIgniter.php(494): CodeIgniter\CodeIgniter->runController()
 5 SYSTEMPATH/CodeIgniter.php(353): CodeIgniter\CodeIgniter->handleRequest()
 6 FCPATH/index.php(79): CodeIgniter\CodeIgniter->run()
 7 SYSTEMPATH/Commands/Server/rewrite.php(47): require_once('/home/imam/projects/perpus/public/index.php')
INFO - 2023-10-07 13:17:03 --> Session: Class initialized using 'CodeIgniter\Session\Handlers\FileHandler' driver.
CRITICAL - 2023-10-07 13:17:03 --> Too few arguments to function CodeIgniter\HTTP\Response::__construct(), 0 passed in /home/imam/projects/perpus/app/Controllers/Admin/Backup.php on line 71 and exactly 1 expected
in SYSTEMPATH/HTTP/Response.php on line 148.
 1 APPPATH/Controllers/Admin/Backup.php(71): CodeIgniter\HTTP\Response->__construct()
 2 APPPATH/Controllers/Admin/Backup.php(49): App\Controllers\Admin\Backup->downloadBackup()
 3 SYSTEMPATH/CodeIgniter.php(919): App\Controllers\Admin\Backup->index()
 4 SYSTEMPATH/CodeIgniter.php(494): CodeIgniter\CodeIgniter->runController()
 5 SYSTEMPATH/CodeIgniter.php(353): CodeIgniter\CodeIgniter->handleRequest()
 6 FCPATH/index.php(79): CodeIgniter\CodeIgniter->run()
 7 SYSTEMPATH/Commands/Server/rewrite.php(47): require_once('/home/imam/projects/perpus/public/index.php')
INFO - 2023-10-07 13:17:12 --> Session: Class initialized using 'CodeIgniter\Session\Handlers\FileHandler' driver.
INFO - 2023-10-07 13:17:17 --> Session: Class initialized using 'CodeIgniter\Session\Handlers\FileHandler' driver.
CRITICAL - 2023-10-07 13:17:17 --> Too few arguments to function CodeIgniter\HTTP\Response::__construct(), 0 passed in /home/imam/projects/perpus/app/Controllers/Admin/Backup.php on line 71 and exactly 1 expected
in SYSTEMPATH/HTTP/Response.php on line 148.
 1 APPPATH/Controllers/Admin/Backup.php(71): CodeIgniter\HTTP\Response->__construct()
 2 APPPATH/Controllers/Admin/Backup.php(49): App\Controllers\Admin\Backup->downloadBackup()
 3 SYSTEMPATH/CodeIgniter.php(919): App\Controllers\Admin\Backup->index()
 4 SYSTEMPATH/CodeIgniter.php(494): CodeIgniter\CodeIgniter->runController()
 5 SYSTEMPATH/CodeIgniter.php(353): CodeIgniter\CodeIgniter->handleRequest()
 6 FCPATH/index.php(79): CodeIgniter\CodeIgniter->run()
 7 SYSTEMPATH/Commands/Server/rewrite.php(47): require_once('/home/imam/projects/perpus/public/index.php')
INFO - 2023-10-07 13:18:37 --> Session: Class initialized using 'CodeIgniter\Session\Handlers\FileHandler' driver.
CRITICAL - 2023-10-07 13:18:37 --> Undefined variable $backupFilePath
in APPPATH/Controllers/Admin/Backup.php on line 16.
 1 APPPATH/Controllers/Admin/Backup.php(16): CodeIgniter\Debug\Exceptions->errorHandler()
 2 SYSTEMPATH/CodeIgniter.php(919): App\Controllers\Admin\Backup->index()
 3 SYSTEMPATH/CodeIgniter.php(494): CodeIgniter\CodeIgniter->runController()
 4 SYSTEMPATH/CodeIgniter.php(353): CodeIgniter\CodeIgniter->handleRequest()
 5 FCPATH/index.php(79): CodeIgniter\CodeIgniter->run()
 6 SYSTEMPATH/Commands/Server/rewrite.php(47): require_once('/home/imam/projects/perpus/public/index.php')
INFO - 2023-10-07 13:18:39 --> Session: Class initialized using 'CodeIgniter\Session\Handlers\FileHandler' driver.
CRITICAL - 2023-10-07 13:18:39 --> Undefined variable $backupFilePath
in APPPATH/Controllers/Admin/Backup.php on line 16.
 1 APPPATH/Controllers/Admin/Backup.php(16): CodeIgniter\Debug\Exceptions->errorHandler()
 2 SYSTEMPATH/CodeIgniter.php(919): App\Controllers\Admin\Backup->index()
 3 SYSTEMPATH/CodeIgniter.php(494): CodeIgniter\CodeIgniter->runController()
 4 SYSTEMPATH/CodeIgniter.php(353): CodeIgniter\CodeIgniter->handleRequest()
 5 FCPATH/index.php(79): CodeIgniter\CodeIgniter->run()
 6 SYSTEMPATH/Commands/Server/rewrite.php(47): require_once('/home/imam/projects/perpus/public/index.php')
INFO - 2023-10-07 13:18:40 --> Session: Class initialized using 'CodeIgniter\Session\Handlers\FileHandler' driver.
CRITICAL - 2023-10-07 13:18:40 --> Undefined variable $backupFilePath
in APPPATH/Controllers/Admin/Backup.php on line 16.
 1 APPPATH/Controllers/Admin/Backup.php(16): CodeIgniter\Debug\Exceptions->errorHandler()
 2 SYSTEMPATH/CodeIgniter.php(919): App\Controllers\Admin\Backup->index()
 3 SYSTEMPATH/CodeIgniter.php(494): CodeIgniter\CodeIgniter->runController()
 4 SYSTEMPATH/CodeIgniter.php(353): CodeIgniter\CodeIgniter->handleRequest()
 5 FCPATH/index.php(79): CodeIgniter\CodeIgniter->run()
 6 SYSTEMPATH/Commands/Server/rewrite.php(47): require_once('/home/imam/projects/perpus/public/index.php')
INFO - 2023-10-07 13:18:40 --> Session: Class initialized using 'CodeIgniter\Session\Handlers\FileHandler' driver.
CRITICAL - 2023-10-07 13:18:40 --> Undefined variable $backupFilePath
in APPPATH/Controllers/Admin/Backup.php on line 16.
 1 APPPATH/Controllers/Admin/Backup.php(16): CodeIgniter\Debug\Exceptions->errorHandler()
 2 SYSTEMPATH/CodeIgniter.php(919): App\Controllers\Admin\Backup->index()
 3 SYSTEMPATH/CodeIgniter.php(494): CodeIgniter\CodeIgniter->runController()
 4 SYSTEMPATH/CodeIgniter.php(353): CodeIgniter\CodeIgniter->handleRequest()
 5 FCPATH/index.php(79): CodeIgniter\CodeIgniter->run()
 6 SYSTEMPATH/Commands/Server/rewrite.php(47): require_once('/home/imam/projects/perpus/public/index.php')
INFO - 2023-10-07 13:20:16 --> Session: Class initialized using 'CodeIgniter\Session\Handlers\FileHandler' driver.
CRITICAL - 2023-10-07 13:20:16 --> Undefined property: CodeIgniter\HTTP\IncomingRequest::$CSPEnabled
in SYSTEMPATH/HTTP/Response.php on line 157.
 1 SYSTEMPATH/HTTP/Response.php(157): CodeIgniter\Debug\Exceptions->errorHandler()
 2 APPPATH/Controllers/Admin/Backup.php(73): CodeIgniter\HTTP\Response->__construct()
 3 APPPATH/Controllers/Admin/Backup.php(51): App\Controllers\Admin\Backup->downloadBackup()
 4 SYSTEMPATH/CodeIgniter.php(919): App\Controllers\Admin\Backup->index()
 5 SYSTEMPATH/CodeIgniter.php(494): CodeIgniter\CodeIgniter->runController()
 6 SYSTEMPATH/CodeIgniter.php(353): CodeIgniter\CodeIgniter->handleRequest()
 7 FCPATH/index.php(79): CodeIgniter\CodeIgniter->run()
 8 SYSTEMPATH/Commands/Server/rewrite.php(47): require_once('/home/imam/projects/perpus/public/index.php')
INFO - 2023-10-07 13:20:20 --> Session: Class initialized using 'CodeIgniter\Session\Handlers\FileHandler' driver.
INFO - 2023-10-07 13:20:25 --> Session: Class initialized using 'CodeIgniter\Session\Handlers\FileHandler' driver.
CRITICAL - 2023-10-07 13:20:25 --> Undefined property: CodeIgniter\HTTP\IncomingRequest::$CSPEnabled
in SYSTEMPATH/HTTP/Response.php on line 157.
 1 SYSTEMPATH/HTTP/Response.php(157): CodeIgniter\Debug\Exceptions->errorHandler()
 2 APPPATH/Controllers/Admin/Backup.php(73): CodeIgniter\HTTP\Response->__construct()
 3 APPPATH/Controllers/Admin/Backup.php(51): App\Controllers\Admin\Backup->downloadBackup()
 4 SYSTEMPATH/CodeIgniter.php(919): App\Controllers\Admin\Backup->index()
 5 SYSTEMPATH/CodeIgniter.php(494): CodeIgniter\CodeIgniter->runController()
 6 SYSTEMPATH/CodeIgniter.php(353): CodeIgniter\CodeIgniter->handleRequest()
 7 FCPATH/index.php(79): CodeIgniter\CodeIgniter->run()
 8 SYSTEMPATH/Commands/Server/rewrite.php(47): require_once('/home/imam/projects/perpus/public/index.php')
INFO - 2023-10-07 13:29:15 --> Session: Class initialized using 'CodeIgniter\Session\Handlers\FileHandler' driver.
INFO - 2023-10-07 13:29:17 --> Session: Class initialized using 'CodeIgniter\Session\Handlers\FileHandler' driver.
INFO - 2023-10-07 13:29:21 --> Session: Class initialized using 'CodeIgniter\Session\Handlers\FileHandler' driver.
INFO - 2023-10-07 13:30:47 --> Session: Class initialized using 'CodeIgniter\Session\Handlers\FileHandler' driver.
INFO - 2023-10-07 13:30:56 --> Session: Class initialized using 'CodeIgniter\Session\Handlers\FileHandler' driver.
CRITICAL - 2023-10-07 13:30:56 --> Call to undefined function App\Controllers\Admin\write_file()
in APPPATH/Controllers/Admin/Backup.php on line 47.
 1 SYSTEMPATH/CodeIgniter.php(919): App\Controllers\Admin\Backup->index()
 2 SYSTEMPATH/CodeIgniter.php(494): CodeIgniter\CodeIgniter->runController()
 3 SYSTEMPATH/CodeIgniter.php(353): CodeIgniter\CodeIgniter->handleRequest()
 4 FCPATH/index.php(79): CodeIgniter\CodeIgniter->run()
 5 SYSTEMPATH/Commands/Server/rewrite.php(47): require_once('/home/imam/projects/perpus/public/index.php')
INFO - 2023-10-07 13:31:40 --> Session: Class initialized using 'CodeIgniter\Session\Handlers\FileHandler' driver.
INFO - 2023-10-07 13:31:44 --> Session: Class initialized using 'CodeIgniter\Session\Handlers\FileHandler' driver.
CRITICAL - 2023-10-07 13:31:44 --> Call to undefined function App\Controllers\Admin\write_file()
in APPPATH/Controllers/Admin/Backup.php on line 47.
 1 SYSTEMPATH/CodeIgniter.php(919): App\Controllers\Admin\Backup->index()
 2 SYSTEMPATH/CodeIgniter.php(494): CodeIgniter\CodeIgniter->runController()
 3 SYSTEMPATH/CodeIgniter.php(353): CodeIgniter\CodeIgniter->handleRequest()
 4 FCPATH/index.php(79): CodeIgniter\CodeIgniter->run()
 5 SYSTEMPATH/Commands/Server/rewrite.php(47): require_once('/home/imam/projects/perpus/public/index.php')
INFO - 2023-10-07 13:32:23 --> Session: Class initialized using 'CodeIgniter\Session\Handlers\FileHandler' driver.
INFO - 2023-10-07 13:32:26 --> Session: Class initialized using 'CodeIgniter\Session\Handlers\FileHandler' driver.
CRITICAL - 2023-10-07 13:32:26 --> Call to undefined method CodeIgniter\Files\File::write()
in APPPATH/Controllers/Admin/Backup.php on line 48.
 1 SYSTEMPATH/CodeIgniter.php(919): App\Controllers\Admin\Backup->index()
 2 SYSTEMPATH/CodeIgniter.php(494): CodeIgniter\CodeIgniter->runController()
 3 SYSTEMPATH/CodeIgniter.php(353): CodeIgniter\CodeIgniter->handleRequest()
 4 FCPATH/index.php(79): CodeIgniter\CodeIgniter->run()
 5 SYSTEMPATH/Commands/Server/rewrite.php(47): require_once('/home/imam/projects/perpus/public/index.php')
INFO - 2023-10-07 13:33:19 --> Session: Class initialized using 'CodeIgniter\Session\Handlers\FileHandler' driver.
INFO - 2023-10-07 13:33:22 --> Session: Class initialized using 'CodeIgniter\Session\Handlers\FileHandler' driver.
CRITICAL - 2023-10-07 13:33:22 --> Call to undefined method CodeIgniter\Files\File::writeToFile()
in APPPATH/Controllers/Admin/Backup.php on line 48.
 1 SYSTEMPATH/CodeIgniter.php(919): App\Controllers\Admin\Backup->index()
 2 SYSTEMPATH/CodeIgniter.php(494): CodeIgniter\CodeIgniter->runController()
 3 SYSTEMPATH/CodeIgniter.php(353): CodeIgniter\CodeIgniter->handleRequest()
 4 FCPATH/index.php(79): CodeIgniter\CodeIgniter->run()
 5 SYSTEMPATH/Commands/Server/rewrite.php(47): require_once('/home/imam/projects/perpus/public/index.php')
INFO - 2023-10-07 13:33:40 --> Session: Class initialized using 'CodeIgniter\Session\Handlers\FileHandler' driver.
CRITICAL - 2023-10-07 13:33:40 --> Call to undefined method CodeIgniter\Files\File::writeToFile()
in APPPATH/Controllers/Admin/Backup.php on line 48.
 1 SYSTEMPATH/CodeIgniter.php(919): App\Controllers\Admin\Backup->index()
 2 SYSTEMPATH/CodeIgniter.php(494): CodeIgniter\CodeIgniter->runController()
 3 SYSTEMPATH/CodeIgniter.php(353): CodeIgniter\CodeIgniter->handleRequest()
 4 FCPATH/index.php(79): CodeIgniter\CodeIgniter->run()
 5 SYSTEMPATH/Commands/Server/rewrite.php(47): require_once('/home/imam/projects/perpus/public/index.php')
INFO - 2023-10-07 13:33:41 --> Session: Class initialized using 'CodeIgniter\Session\Handlers\FileHandler' driver.
CRITICAL - 2023-10-07 13:33:41 --> Call to undefined method CodeIgniter\Files\File::writeToFile()
in APPPATH/Controllers/Admin/Backup.php on line 48.
 1 SYSTEMPATH/CodeIgniter.php(919): App\Controllers\Admin\Backup->index()
 2 SYSTEMPATH/CodeIgniter.php(494): CodeIgniter\CodeIgniter->runController()
 3 SYSTEMPATH/CodeIgniter.php(353): CodeIgniter\CodeIgniter->handleRequest()
 4 FCPATH/index.php(79): CodeIgniter\CodeIgniter->run()
 5 SYSTEMPATH/Commands/Server/rewrite.php(47): require_once('/home/imam/projects/perpus/public/index.php')
INFO - 2023-10-07 13:34:12 --> Session: Class initialized using 'CodeIgniter\Session\Handlers\FileHandler' driver.
INFO - 2023-10-07 13:34:14 --> Session: Class initialized using 'CodeIgniter\Session\Handlers\FileHandler' driver.
INFO - 2023-10-07 13:34:18 --> Session: Class initialized using 'CodeIgniter\Session\Handlers\FileHandler' driver.
CRITICAL - 2023-10-07 13:34:18 --> Call to undefined method CodeIgniter\Files\File::write()
in APPPATH/Controllers/Admin/Backup.php on line 48.
 1 SYSTEMPATH/CodeIgniter.php(919): App\Controllers\Admin\Backup->index()
 2 SYSTEMPATH/CodeIgniter.php(494): CodeIgniter\CodeIgniter->runController()
 3 SYSTEMPATH/CodeIgniter.php(353): CodeIgniter\CodeIgniter->handleRequest()
 4 FCPATH/index.php(79): CodeIgniter\CodeIgniter->run()
 5 SYSTEMPATH/Commands/Server/rewrite.php(47): require_once('/home/imam/projects/perpus/public/index.php')
INFO - 2023-10-07 13:34:49 --> Session: Class initialized using 'CodeIgniter\Session\Handlers\FileHandler' driver.
INFO - 2023-10-07 13:34:51 --> Session: Class initialized using 'CodeIgniter\Session\Handlers\FileHandler' driver.
INFO - 2023-10-07 13:35:05 --> Session: Class initialized using 'CodeIgniter\Session\Handlers\FileHandler' driver.
INFO - 2023-10-07 13:35:07 --> Session: Class initialized using 'CodeIgniter\Session\Handlers\FileHandler' driver.
CRITICAL - 2023-10-07 13:35:07 --> Too few arguments to function CodeIgniter\HTTP\Response::__construct(), 0 passed in /home/imam/projects/perpus/app/Controllers/Admin/Backup.php on line 71 and exactly 1 expected
in SYSTEMPATH/HTTP/Response.php on line 148.
 1 APPPATH/Controllers/Admin/Backup.php(71): CodeIgniter\HTTP\Response->__construct()
 2 APPPATH/Controllers/Admin/Backup.php(49): App\Controllers\Admin\Backup->downloadBackup()
 3 SYSTEMPATH/CodeIgniter.php(919): App\Controllers\Admin\Backup->index()
 4 SYSTEMPATH/CodeIgniter.php(494): CodeIgniter\CodeIgniter->runController()
 5 SYSTEMPATH/CodeIgniter.php(353): CodeIgniter\CodeIgniter->handleRequest()
 6 FCPATH/index.php(79): CodeIgniter\CodeIgniter->run()
 7 SYSTEMPATH/Commands/Server/rewrite.php(47): require_once('/home/imam/projects/perpus/public/index.php')
INFO - 2023-10-07 13:36:39 --> Session: Class initialized using 'CodeIgniter\Session\Handlers\FileHandler' driver.
INFO - 2023-10-07 13:36:52 --> Session: Class initialized using 'CodeIgniter\Session\Handlers\FileHandler' driver.
INFO - 2023-10-07 13:36:55 --> Session: Class initialized using 'CodeIgniter\Session\Handlers\FileHandler' driver.
CRITICAL - 2023-10-07 13:36:55 --> Call to undefined method App\Controllers\Admin\Backup::downloadBackup()
in APPPATH/Controllers/Admin/Backup.php on line 49.
 1 SYSTEMPATH/CodeIgniter.php(919): App\Controllers\Admin\Backup->index()
 2 SYSTEMPATH/CodeIgniter.php(494): CodeIgniter\CodeIgniter->runController()
 3 SYSTEMPATH/CodeIgniter.php(353): CodeIgniter\CodeIgniter->handleRequest()
 4 FCPATH/index.php(79): CodeIgniter\CodeIgniter->run()
 5 SYSTEMPATH/Commands/Server/rewrite.php(47): require_once('/home/imam/projects/perpus/public/index.php')
INFO - 2023-10-07 13:40:11 --> Session: Class initialized using 'CodeIgniter\Session\Handlers\FileHandler' driver.
INFO - 2023-10-07 13:40:14 --> Session: Class initialized using 'CodeIgniter\Session\Handlers\FileHandler' driver.
CRITICAL - 2023-10-07 13:40:14 --> Too few arguments to function App\Controllers\Admin\Backup::downloadBackup(), 1 passed in /home/imam/projects/perpus/app/Controllers/Admin/Backup.php on line 49 and exactly 2 expected
in APPPATH/Controllers/Admin/Backup.php on line 56.
 1 APPPATH/Controllers/Admin/Backup.php(49): App\Controllers\Admin\Backup->downloadBackup()
 2 SYSTEMPATH/CodeIgniter.php(919): App\Controllers\Admin\Backup->index()
 3 SYSTEMPATH/CodeIgniter.php(494): CodeIgniter\CodeIgniter->runController()
 4 SYSTEMPATH/CodeIgniter.php(353): CodeIgniter\CodeIgniter->handleRequest()
 5 FCPATH/index.php(79): CodeIgniter\CodeIgniter->run()
 6 SYSTEMPATH/Commands/Server/rewrite.php(47): require_once('/home/imam/projects/perpus/public/index.php')
INFO - 2023-10-07 13:41:05 --> Session: Class initialized using 'CodeIgniter\Session\Handlers\FileHandler' driver.
INFO - 2023-10-07 13:41:37 --> Session: Class initialized using 'CodeIgniter\Session\Handlers\FileHandler' driver.
INFO - 2023-10-07 13:41:41 --> Session: Class initialized using 'CodeIgniter\Session\Handlers\FileHandler' driver.
INFO - 2023-10-07 13:45:49 --> Session: Class initialized using 'CodeIgniter\Session\Handlers\FileHandler' driver.
INFO - 2023-10-07 13:45:53 --> Session: Class initialized using 'CodeIgniter\Session\Handlers\FileHandler' driver.
INFO - 2023-10-07 13:49:10 --> Session: Class initialized using 'CodeIgniter\Session\Handlers\FileHandler' driver.
INFO - 2023-10-07 13:49:14 --> Session: Class initialized using 'CodeIgniter\Session\Handlers\FileHandler' driver.
INFO - 2023-10-07 13:50:11 --> Session: Class initialized using 'CodeIgniter\Session\Handlers\FileHandler' driver.
INFO - 2023-10-07 13:50:14 --> Session: Class initialized using 'CodeIgniter\Session\Handlers\FileHandler' driver.
INFO - 2023-10-07 13:50:27 --> Session: Class initialized using 'CodeIgniter\Session\Handlers\FileHandler' driver.
INFO - 2023-10-07 13:50:31 --> Session: Class initialized using 'CodeIgniter\Session\Handlers\FileHandler' driver.
INFO - 2023-10-07 13:51:10 --> Session: Class initialized using 'CodeIgniter\Session\Handlers\FileHandler' driver.
INFO - 2023-10-07 13:51:14 --> Session: Class initialized using 'CodeIgniter\Session\Handlers\FileHandler' driver.
INFO - 2023-10-07 13:51:23 --> Session: Class initialized using 'CodeIgniter\Session\Handlers\FileHandler' driver.
INFO - 2023-10-07 14:03:04 --> Session: Class initialized using 'CodeIgniter\Session\Handlers\FileHandler' driver.
INFO - 2023-10-07 14:12:50 --> Session: Class initialized using 'CodeIgniter\Session\Handlers\FileHandler' driver.
INFO - 2023-10-07 14:12:53 --> Session: Class initialized using 'CodeIgniter\Session\Handlers\FileHandler' driver.
INFO - 2023-10-07 14:13:20 --> Session: Class initialized using 'CodeIgniter\Session\Handlers\FileHandler' driver.
INFO - 2023-10-07 14:13:23 --> Session: Class initialized using 'CodeIgniter\Session\Handlers\FileHandler' driver.
INFO - 2023-10-07 23:56:02 --> Session: Class initialized using 'CodeIgniter\Session\Handlers\FileHandler' driver.
INFO - 2023-10-07 23:56:04 --> Session: Class initialized using 'CodeIgniter\Session\Handlers\FileHandler' driver.
INFO - 2023-10-07 23:57:55 --> Session: Class initialized using 'CodeIgniter\Session\Handlers\FileHandler' driver.
INFO - 2023-10-07 23:58:00 --> Session: Class initialized using 'CodeIgniter\Session\Handlers\FileHandler' driver.
INFO - 2023-10-07 23:58:05 --> Session: Class initialized using 'CodeIgniter\Session\Handlers\FileHandler' driver.
